<?xml version="1.0" encoding="UTF-8"?>
<testsuite xmlns:xsi="http://www.w3.org/2001/XMLSchema-instance" xsi:noNamespaceSchemaLocation="https://maven.apache.org/surefire/maven-surefire-plugin/xsd/surefire-test-report.xsd" name="TestSuite" time="15,276.876" tests="4" errors="0" skipped="0" failures="2">
  <properties>
    <property name="sun.desktop" value="windows"/>
    <property name="awt.toolkit" value="sun.awt.windows.WToolkit"/>
    <property name="file.encoding.pkg" value="sun.io"/>
    <property name="java.specification.version" value="1.8"/>
    <property name="sun.cpu.isalist" value="amd64"/>
    <property name="sun.jnu.encoding" value="MS949"/>
    <property name="java.class.path" value="D:\000. Selenium\eclipse\eclipse-workspace\BlogTest\target\test-classes;D:\000. Selenium\eclipse\eclipse-workspace\BlogTest\target\classes;C:\Users\NHN\.m2\repository\junit\junit\4.12\junit-4.12.jar;C:\Users\NHN\.m2\repository\org\hamcrest\hamcrest-core\1.3\hamcrest-core-1.3.jar;C:\Users\NHN\.m2\repository\org\testng\testng\6.10\testng-6.10.jar;C:\Users\NHN\.m2\repository\com\beust\jcommander\1.48\jcommander-1.48.jar;C:\Users\NHN\.m2\repository\org\seleniumhq\selenium\selenium-java\3.12.0\selenium-java-3.12.0.jar;C:\Users\NHN\.m2\repository\org\seleniumhq\selenium\selenium-api\3.12.0\selenium-api-3.12.0.jar;C:\Users\NHN\.m2\repository\org\seleniumhq\selenium\selenium-chrome-driver\3.12.0\selenium-chrome-driver-3.12.0.jar;C:\Users\NHN\.m2\repository\org\seleniumhq\selenium\selenium-edge-driver\3.12.0\selenium-edge-driver-3.12.0.jar;C:\Users\NHN\.m2\repository\org\seleniumhq\selenium\selenium-firefox-driver\3.12.0\selenium-firefox-driver-3.12.0.jar;C:\Users\NHN\.m2\repository\org\seleniumhq\selenium\selenium-ie-driver\3.12.0\selenium-ie-driver-3.12.0.jar;C:\Users\NHN\.m2\repository\org\seleniumhq\selenium\selenium-opera-driver\3.12.0\selenium-opera-driver-3.12.0.jar;C:\Users\NHN\.m2\repository\org\seleniumhq\selenium\selenium-remote-driver\3.12.0\selenium-remote-driver-3.12.0.jar;C:\Users\NHN\.m2\repository\org\seleniumhq\selenium\selenium-safari-driver\3.12.0\selenium-safari-driver-3.12.0.jar;C:\Users\NHN\.m2\repository\org\seleniumhq\selenium\selenium-support\3.12.0\selenium-support-3.12.0.jar;C:\Users\NHN\.m2\repository\net\bytebuddy\byte-buddy\1.8.3\byte-buddy-1.8.3.jar;C:\Users\NHN\.m2\repository\org\apache\commons\commons-exec\1.3\commons-exec-1.3.jar;C:\Users\NHN\.m2\repository\commons-codec\commons-codec\1.10\commons-codec-1.10.jar;C:\Users\NHN\.m2\repository\commons-logging\commons-logging\1.2\commons-logging-1.2.jar;C:\Users\NHN\.m2\repository\com\google\code\gson\gson\2.8.2\gson-2.8.2.jar;C:\Users\NHN\.m2\repository\com\google\guava\guava\23.6-jre\guava-23.6-jre.jar;C:\Users\NHN\.m2\repository\com\google\code\findbugs\jsr305\1.3.9\jsr305-1.3.9.jar;C:\Users\NHN\.m2\repository\org\checkerframework\checker-compat-qual\2.0.0\checker-compat-qual-2.0.0.jar;C:\Users\NHN\.m2\repository\com\google\errorprone\error_prone_annotations\2.1.3\error_prone_annotations-2.1.3.jar;C:\Users\NHN\.m2\repository\com\google\j2objc\j2objc-annotations\1.1\j2objc-annotations-1.1.jar;C:\Users\NHN\.m2\repository\org\codehaus\mojo\animal-sniffer-annotations\1.14\animal-sniffer-annotations-1.14.jar;C:\Users\NHN\.m2\repository\org\apache\httpcomponents\httpclient\4.5.3\httpclient-4.5.3.jar;C:\Users\NHN\.m2\repository\org\apache\httpcomponents\httpcore\4.4.6\httpcore-4.4.6.jar;C:\Users\NHN\.m2\repository\com\squareup\okhttp3\okhttp\3.9.1\okhttp-3.9.1.jar;C:\Users\NHN\.m2\repository\com\squareup\okio\okio\1.13.0\okio-1.13.0.jar;C:\Users\NHN\.m2\repository\com\codeborne\selenide\4.11.4\selenide-4.11.4.jar;C:\Users\NHN\.m2\repository\io\github\bonigarcia\webdrivermanager\2.2.1\webdrivermanager-2.2.1.jar;C:\Users\NHN\.m2\repository\commons-io\commons-io\2.5\commons-io-2.5.jar;C:\Users\NHN\.m2\repository\org\apache\commons\commons-lang3\3.5\commons-lang3-3.5.jar;C:\Users\NHN\.m2\repository\org\rauschig\jarchivelib\0.7.1\jarchivelib-0.7.1.jar;C:\Users\NHN\.m2\repository\org\apache\commons\commons-compress\1.9\commons-compress-1.9.jar;C:\Users\NHN\.m2\repository\org\jsoup\jsoup\1.10.2\jsoup-1.10.2.jar;C:\Users\NHN\.m2\repository\net\lightbody\bmp\browsermob-core\2.1.5\browsermob-core-2.1.5.jar;C:\Users\NHN\.m2\repository\net\lightbody\bmp\littleproxy\1.1.0-beta-bmp-17\littleproxy-1.1.0-beta-bmp-17.jar;C:\Users\NHN\.m2\repository\com\fasterxml\jackson\core\jackson-core\2.8.9\jackson-core-2.8.9.jar;C:\Users\NHN\.m2\repository\com\fasterxml\jackson\core\jackson-databind\2.8.9\jackson-databind-2.8.9.jar;C:\Users\NHN\.m2\repository\com\fasterxml\jackson\core\jackson-annotations\2.8.9\jackson-annotations-2.8.9.jar;C:\Users\NHN\.m2\repository\dnsjava\dnsjava\2.1.8\dnsjava-2.1.8.jar;C:\Users\NHN\.m2\repository\org\slf4j\jcl-over-slf4j\1.7.25\jcl-over-slf4j-1.7.25.jar;C:\Users\NHN\.m2\repository\com\jcraft\jzlib\1.1.3\jzlib-1.1.3.jar;C:\Users\NHN\.m2\repository\io\netty\netty-all\4.0.51.Final\netty-all-4.0.51.Final.jar;C:\Users\NHN\.m2\repository\org\bouncycastle\bcprov-jdk15on\1.58\bcprov-jdk15on-1.58.jar;C:\Users\NHN\.m2\repository\org\bouncycastle\bcpkix-jdk15on\1.58\bcpkix-jdk15on-1.58.jar;C:\Users\NHN\.m2\repository\net\lightbody\bmp\mitm\2.1.5\mitm-2.1.5.jar;C:\Users\NHN\.m2\repository\org\apache\logging\log4j\log4j-core\2.11.0\log4j-core-2.11.0.jar;C:\Users\NHN\.m2\repository\org\apache\logging\log4j\log4j-api\2.11.0\log4j-api-2.11.0.jar;C:\Users\NHN\.m2\repository\org\apache\logging\log4j\log4j-slf4j-impl\2.11.0\log4j-slf4j-impl-2.11.0.jar;C:\Users\NHN\.m2\repository\org\slf4j\slf4j-api\1.8.0-alpha2\slf4j-api-1.8.0-alpha2.jar;C:\Users\NHN\.m2\repository\org\apache\maven\surefire\surefire-testng-utils\2.21.0\surefire-testng-utils-2.21.0.jar;C:\Users\NHN\.m2\repository\org\apache\maven\surefire\surefire-grouper\2.21.0\surefire-grouper-2.21.0.jar;"/>
    <property name="java.vm.vendor" value=""/>
    <property name="sun.arch.data.model" value="64"/>
    <property name="user.variant" value=""/>
    <property name="java.vendor.url" value="http://java.oracle.com/"/>
    <property name="user.timezone" value=""/>
    <property name="java.vm.specification.version" value="1.8"/>
    <property name="os.name" value="Windows 10"/>
    <property name="user.country" value="KR"/>
    <property name="sun.java.launcher" value="SUN_STANDARD"/>
    <property name="sun.boot.library.path" value="D:\ojdkbuild\java-1.8.0-openjdk-1.8.0.212-1\jre\bin"/>
    <property name="sun.java.command" value="C:\Users\NHN\AppData\Local\Temp\surefire8526253022652180680\surefirebooter4912695345432275872.jar C:\Users\NHN\AppData\Local\Temp\surefire8526253022652180680 2022-04-11T08-30-13_036-jvmRun1 surefire9013922836202955607tmp surefire_01587282819269583670tmp"/>
    <property name="surefire.test.class.path" value="D:\000. Selenium\eclipse\eclipse-workspace\BlogTest\target\test-classes;D:\000. Selenium\eclipse\eclipse-workspace\BlogTest\target\classes;C:\Users\NHN\.m2\repository\junit\junit\4.12\junit-4.12.jar;C:\Users\NHN\.m2\repository\org\hamcrest\hamcrest-core\1.3\hamcrest-core-1.3.jar;C:\Users\NHN\.m2\repository\org\testng\testng\6.10\testng-6.10.jar;C:\Users\NHN\.m2\repository\com\beust\jcommander\1.48\jcommander-1.48.jar;C:\Users\NHN\.m2\repository\org\seleniumhq\selenium\selenium-java\3.12.0\selenium-java-3.12.0.jar;C:\Users\NHN\.m2\repository\org\seleniumhq\selenium\selenium-api\3.12.0\selenium-api-3.12.0.jar;C:\Users\NHN\.m2\repository\org\seleniumhq\selenium\selenium-chrome-driver\3.12.0\selenium-chrome-driver-3.12.0.jar;C:\Users\NHN\.m2\repository\org\seleniumhq\selenium\selenium-edge-driver\3.12.0\selenium-edge-driver-3.12.0.jar;C:\Users\NHN\.m2\repository\org\seleniumhq\selenium\selenium-firefox-driver\3.12.0\selenium-firefox-driver-3.12.0.jar;C:\Users\NHN\.m2\repository\org\seleniumhq\selenium\selenium-ie-driver\3.12.0\selenium-ie-driver-3.12.0.jar;C:\Users\NHN\.m2\repository\org\seleniumhq\selenium\selenium-opera-driver\3.12.0\selenium-opera-driver-3.12.0.jar;C:\Users\NHN\.m2\repository\org\seleniumhq\selenium\selenium-remote-driver\3.12.0\selenium-remote-driver-3.12.0.jar;C:\Users\NHN\.m2\repository\org\seleniumhq\selenium\selenium-safari-driver\3.12.0\selenium-safari-driver-3.12.0.jar;C:\Users\NHN\.m2\repository\org\seleniumhq\selenium\selenium-support\3.12.0\selenium-support-3.12.0.jar;C:\Users\NHN\.m2\repository\net\bytebuddy\byte-buddy\1.8.3\byte-buddy-1.8.3.jar;C:\Users\NHN\.m2\repository\org\apache\commons\commons-exec\1.3\commons-exec-1.3.jar;C:\Users\NHN\.m2\repository\commons-codec\commons-codec\1.10\commons-codec-1.10.jar;C:\Users\NHN\.m2\repository\commons-logging\commons-logging\1.2\commons-logging-1.2.jar;C:\Users\NHN\.m2\repository\com\google\code\gson\gson\2.8.2\gson-2.8.2.jar;C:\Users\NHN\.m2\repository\com\google\guava\guava\23.6-jre\guava-23.6-jre.jar;C:\Users\NHN\.m2\repository\com\google\code\findbugs\jsr305\1.3.9\jsr305-1.3.9.jar;C:\Users\NHN\.m2\repository\org\checkerframework\checker-compat-qual\2.0.0\checker-compat-qual-2.0.0.jar;C:\Users\NHN\.m2\repository\com\google\errorprone\error_prone_annotations\2.1.3\error_prone_annotations-2.1.3.jar;C:\Users\NHN\.m2\repository\com\google\j2objc\j2objc-annotations\1.1\j2objc-annotations-1.1.jar;C:\Users\NHN\.m2\repository\org\codehaus\mojo\animal-sniffer-annotations\1.14\animal-sniffer-annotations-1.14.jar;C:\Users\NHN\.m2\repository\org\apache\httpcomponents\httpclient\4.5.3\httpclient-4.5.3.jar;C:\Users\NHN\.m2\repository\org\apache\httpcomponents\httpcore\4.4.6\httpcore-4.4.6.jar;C:\Users\NHN\.m2\repository\com\squareup\okhttp3\okhttp\3.9.1\okhttp-3.9.1.jar;C:\Users\NHN\.m2\repository\com\squareup\okio\okio\1.13.0\okio-1.13.0.jar;C:\Users\NHN\.m2\repository\com\codeborne\selenide\4.11.4\selenide-4.11.4.jar;C:\Users\NHN\.m2\repository\io\github\bonigarcia\webdrivermanager\2.2.1\webdrivermanager-2.2.1.jar;C:\Users\NHN\.m2\repository\commons-io\commons-io\2.5\commons-io-2.5.jar;C:\Users\NHN\.m2\repository\org\apache\commons\commons-lang3\3.5\commons-lang3-3.5.jar;C:\Users\NHN\.m2\repository\org\rauschig\jarchivelib\0.7.1\jarchivelib-0.7.1.jar;C:\Users\NHN\.m2\repository\org\apache\commons\commons-compress\1.9\commons-compress-1.9.jar;C:\Users\NHN\.m2\repository\org\jsoup\jsoup\1.10.2\jsoup-1.10.2.jar;C:\Users\NHN\.m2\repository\net\lightbody\bmp\browsermob-core\2.1.5\browsermob-core-2.1.5.jar;C:\Users\NHN\.m2\repository\net\lightbody\bmp\littleproxy\1.1.0-beta-bmp-17\littleproxy-1.1.0-beta-bmp-17.jar;C:\Users\NHN\.m2\repository\com\fasterxml\jackson\core\jackson-core\2.8.9\jackson-core-2.8.9.jar;C:\Users\NHN\.m2\repository\com\fasterxml\jackson\core\jackson-databind\2.8.9\jackson-databind-2.8.9.jar;C:\Users\NHN\.m2\repository\com\fasterxml\jackson\core\jackson-annotations\2.8.9\jackson-annotations-2.8.9.jar;C:\Users\NHN\.m2\repository\dnsjava\dnsjava\2.1.8\dnsjava-2.1.8.jar;C:\Users\NHN\.m2\repository\org\slf4j\jcl-over-slf4j\1.7.25\jcl-over-slf4j-1.7.25.jar;C:\Users\NHN\.m2\repository\com\jcraft\jzlib\1.1.3\jzlib-1.1.3.jar;C:\Users\NHN\.m2\repository\io\netty\netty-all\4.0.51.Final\netty-all-4.0.51.Final.jar;C:\Users\NHN\.m2\repository\org\bouncycastle\bcprov-jdk15on\1.58\bcprov-jdk15on-1.58.jar;C:\Users\NHN\.m2\repository\org\bouncycastle\bcpkix-jdk15on\1.58\bcpkix-jdk15on-1.58.jar;C:\Users\NHN\.m2\repository\net\lightbody\bmp\mitm\2.1.5\mitm-2.1.5.jar;C:\Users\NHN\.m2\repository\org\apache\logging\log4j\log4j-core\2.11.0\log4j-core-2.11.0.jar;C:\Users\NHN\.m2\repository\org\apache\logging\log4j\log4j-api\2.11.0\log4j-api-2.11.0.jar;C:\Users\NHN\.m2\repository\org\apache\logging\log4j\log4j-slf4j-impl\2.11.0\log4j-slf4j-impl-2.11.0.jar;C:\Users\NHN\.m2\repository\org\slf4j\slf4j-api\1.8.0-alpha2\slf4j-api-1.8.0-alpha2.jar;C:\Users\NHN\.m2\repository\org\apache\maven\surefire\surefire-testng-utils\2.21.0\surefire-testng-utils-2.21.0.jar;C:\Users\NHN\.m2\repository\org\apache\maven\surefire\surefire-grouper\2.21.0\surefire-grouper-2.21.0.jar;"/>
    <property name="sun.cpu.endian" value="little"/>
    <property name="user.home" value="C:\Users\NHN"/>
    <property name="user.language" value="ko"/>
    <property name="java.specification.vendor" value="Oracle Corporation"/>
    <property name="java.home" value="D:\ojdkbuild\java-1.8.0-openjdk-1.8.0.212-1\jre"/>
    <property name="basedir" value="D:\000. Selenium\eclipse\eclipse-workspace\BlogTest"/>
    <property name="file.separator" value="\"/>
    <property name="line.separator" value="&#10;"/>
    <property name="java.vm.specification.vendor" value="Oracle Corporation"/>
    <property name="java.specification.name" value="Java Platform API Specification"/>
    <property name="java.awt.graphicsenv" value="sun.awt.Win32GraphicsEnvironment"/>
    <property name="surefire.real.class.path" value="C:\Users\NHN\AppData\Local\Temp\surefire8526253022652180680\surefirebooter4912695345432275872.jar"/>
    <property name="sun.boot.class.path" value="D:\ojdkbuild\java-1.8.0-openjdk-1.8.0.212-1\jre\lib\resources.jar;D:\ojdkbuild\java-1.8.0-openjdk-1.8.0.212-1\jre\lib\rt.jar;D:\ojdkbuild\java-1.8.0-openjdk-1.8.0.212-1\jre\lib\sunrsasign.jar;D:\ojdkbuild\java-1.8.0-openjdk-1.8.0.212-1\jre\lib\jsse.jar;D:\ojdkbuild\java-1.8.0-openjdk-1.8.0.212-1\jre\lib\jce.jar;D:\ojdkbuild\java-1.8.0-openjdk-1.8.0.212-1\jre\lib\charsets.jar;D:\ojdkbuild\java-1.8.0-openjdk-1.8.0.212-1\jre\lib\jfr.jar;D:\ojdkbuild\java-1.8.0-openjdk-1.8.0.212-1\jre\classes"/>
    <property name="user.script" value=""/>
    <property name="sun.management.compiler" value="HotSpot 64-Bit Tiered Compilers"/>
    <property name="java.runtime.version" value="1.8.0_212-1-ojdkbuild-b04"/>
    <property name="user.name" value="NHN"/>
    <property name="path.separator" value=";"/>
    <property name="os.version" value="10.0"/>
    <property name="java.endorsed.dirs" value="D:\ojdkbuild\java-1.8.0-openjdk-1.8.0.212-1\jre\lib\endorsed"/>
    <property name="java.runtime.name" value="OpenJDK Runtime Environment"/>
    <property name="file.encoding" value="MS949"/>
    <property name="java.vm.name" value="OpenJDK 64-Bit Server VM"/>
    <property name="localRepository" value="C:\Users\NHN\.m2\repository"/>
    <property name="java.vendor.url.bug" value="http://bugreport.sun.com/bugreport/"/>
    <property name="java.io.tmpdir" value="C:\Users\NHN\AppData\Local\Temp\"/>
    <property name="java.version" value="1.8.0_212-1-ojdkbuild"/>
    <property name="user.dir" value="D:\000. Selenium\eclipse\eclipse-workspace\BlogTest"/>
    <property name="os.arch" value="amd64"/>
    <property name="java.vm.specification.name" value="Java Virtual Machine Specification"/>
    <property name="java.awt.printerjob" value="sun.awt.windows.WPrinterJob"/>
    <property name="sun.os.patch.level" value=""/>
    <property name="java.library.path" value="D:\ojdkbuild\java-1.8.0-openjdk-1.8.0.212-1\jre\bin;C:\WINDOWS\Sun\Java\bin;C:\WINDOWS\system32;C:\WINDOWS;D:/ojdkbuild/java-1.8.0-openjdk-1.8.0.212-1/bin/../jre/bin/server;D:/ojdkbuild/java-1.8.0-openjdk-1.8.0.212-1/bin/../jre/bin;D:/ojdkbuild/java-1.8.0-openjdk-1.8.0.212-1/bin/../jre/lib/amd64;C:\ProgramData\DockerDesktop\version-bin;C:\Program Files\Docker\Docker\Resources\bin;C:\WINDOWS\system32;C:\WINDOWS;C:\WINDOWS\System32\Wbem;C:\WINDOWS\System32\WindowsPowerShell\v1.0\;C:\WINDOWS\System32\OpenSSH\;C:\Program Files\Git\cmd;D:\ojdkbuild\java-1.8.0-openjdk-1.8.0.212-1\bin;C:\Program Files (x86)\PICT\;D:\apache-maven-3.6.1-bin\apache-maven-3.6.1\bin;D:\ojdkbuild\java-1.8.0-openjdk-1.8.0.212-1\bin;C:\Users\NHN\AppData\Local\Microsoft\WindowsApps;C:\Users\NHN\AppData\Local\Programs\Microsoft VS Code\bin;C:\Program Files\Bandizip\;;C:\Users\NHN\AppData\Local\Programs\Fiddler;%USERPROFILE%\AppData\Local\Microsoft\WindowsApps;D:\000. Selenium\eclipse;;."/>
    <property name="java.vm.info" value="mixed mode"/>
    <property name="java.vendor" value="Oracle Corporation"/>
    <property name="java.vm.version" value="25.212-b04"/>
    <property name="java.ext.dirs" value="D:\ojdkbuild\java-1.8.0-openjdk-1.8.0.212-1\jre\lib\ext;C:\WINDOWS\Sun\Java\lib\ext"/>
    <property name="sun.io.unicode.encoding" value="UnicodeLittle"/>
    <property name="java.class.version" value="52.0"/>
  </properties>
  <testcase name="다이티카페24회원가입" classname="TestExample.BlogTest" time="22.65">
    <failure message="Dismissed user prompt dialog: test492는 이미 사용중인 아이디입니다.&#10;: &#10;Build info: version: &apos;3.12.0&apos;, revision: &apos;7c6e0b3&apos;, time: &apos;2018-05-08T14:04:26.12Z&apos;&#10;System info: host: &apos;AD01548562&apos;, ip: &apos;10.77.129.79&apos;, os.name: &apos;Windows 10&apos;, os.arch: &apos;amd64&apos;, os.version: &apos;10.0&apos;, java.version: &apos;1.8.0_212-1-ojdkbuild&apos;&#10;Driver info: org.openqa.selenium.remote.RemoteWebDriver&#10;selenide.url: https://dighty.cafe24.com/exec/front/Member/logout&#10;Capabilities {acceptInsecureCerts: true, browserName: firefox, browserVersion: 97.0, javascriptEnabled: true, moz:accessibilityChecks: false, moz:buildID: 20220202182137, moz:geckodriverVersion: 0.24.0, moz:headless: false, moz:processID: 34968, moz:profile: C:\Users\NHN\AppData\Local\..., moz:shutdownTimeout: 60000, moz:useNonSpecCompliantPointerOrigin: false, moz:webdriverClick: true, pageLoadStrategy: normal, platform: WINDOWS, platformName: WINDOWS, platformVersion: 10.0, proxy: Proxy(), setWindowRect: true, strictFileInteractability: false, timeouts: {implicit: 0, pageLoad: 300000, script: 30000}, unhandledPromptBehavior: dismiss and notify, webdriver.remote.sessionid: 2dbb9fe7-4bea-494c-a446-040...}&#10;selenide.baseUrl: http://localhost:8080&#10;Session ID: 2dbb9fe7-4bea-494c-a446-040aeb30e334" type="org.openqa.selenium.UnhandledAlertException">org.openqa.selenium.UnhandledAlertException: 
Dismissed user prompt dialog: test492는 이미 사용중인 아이디입니다.
: 
Build info: version: '3.12.0', revision: '7c6e0b3', time: '2018-05-08T14:04:26.12Z'
System info: host: 'AD01548562', ip: '10.77.129.79', os.name: 'Windows 10', os.arch: 'amd64', os.version: '10.0', java.version: '1.8.0_212-1-ojdkbuild'
Driver info: org.openqa.selenium.remote.RemoteWebDriver
selenide.url: https://dighty.cafe24.com/exec/front/Member/logout
Capabilities {acceptInsecureCerts: true, browserName: firefox, browserVersion: 97.0, javascriptEnabled: true, moz:accessibilityChecks: false, moz:buildID: 20220202182137, moz:geckodriverVersion: 0.24.0, moz:headless: false, moz:processID: 34968, moz:profile: C:\Users\NHN\AppData\Local\..., moz:shutdownTimeout: 60000, moz:useNonSpecCompliantPointerOrigin: false, moz:webdriverClick: true, pageLoadStrategy: normal, platform: WINDOWS, platformName: WINDOWS, platformVersion: 10.0, proxy: Proxy(), setWindowRect: true, strictFileInteractability: false, timeouts: {implicit: 0, pageLoad: 300000, script: 30000}, unhandledPromptBehavior: dismiss and notify, webdriver.remote.sessionid: 2dbb9fe7-4bea-494c-a446-040...}
selenide.baseUrl: http://localhost:8080
Session ID: 2dbb9fe7-4bea-494c-a446-040aeb30e334
	at TestExample.BlogTest.다이티카페24회원가입(BlogTest.java:895)
</failure>
    <system-err><![CDATA[4월 11, 2022 8:30:14 오전 org.openqa.selenium.remote.DesiredCapabilities firefox
정보: Using `new FirefoxOptions()` is preferred to `DesiredCapabilities.firefox()`
4월 11, 2022 8:30:22 오전 org.openqa.selenium.remote.ProtocolHandshake createSession
정보: Detected dialect: W3C
]]></system-err>
  </testcase>
  <testcase name="다이티카페24회원가입및검색후구매" classname="TestExample.BlogTest" time="674.238"/>
  <testcase name="카페24구매" classname="TestExample.BlogTest" time="14,564.938">
    <failure message="Element not found {.theme2[1]}&#10;Expected: visible" type="com.codeborne.selenide.ex.ElementNotFound">com.codeborne.selenide.ex.ElementNotFound: 
Element not found {.theme2[1]}
Expected: visible
	at TestExample.BlogTest.카페24구매(BlogTest.java:737)
Caused by: java.lang.IndexOutOfBoundsException: Index: 1, Size: 1
	at TestExample.BlogTest.카페24구매(BlogTest.java:737)
</failure>
    <system-out><![CDATA[test143 로그인
--- Num_1 이 0이면 카테고리 선택해서 구매, 1이면 검색어로 검색해서 구매, 2이면 게시판에 글쓰기
검색어 : 아디다스
4번째 상품 클릭
회원 상품명 검색해서 일반 구매 ---
--- 일반샵으로 1번 구매 데이터 쌓음 ---
test307 로그인
--- Num_0 이 0이면 카테고리 선택해서 구매, 1이면 검색어로 검색해서 구매, 2이면 게시판에 글쓰기
회원 카테고리 선택해서 일반 구매 ---
--- 일반샵으로 2번 구매 데이터 쌓음 ---
test456 로그인
--- Num_0 이 0이면 카테고리 선택해서 구매, 1이면 검색어로 검색해서 구매, 2이면 게시판에 글쓰기
회원 카테고리 선택해서 장바구니 구매 ---
--- 일반샵으로 3번 구매 데이터 쌓음 ---
test85 로그인
--- Num_1 이 0이면 카테고리 선택해서 구매, 1이면 검색어로 검색해서 구매, 2이면 게시판에 글쓰기
검색어 : 나이키
7번째 상품 클릭
회원 상품명 검색해서 일반 구매 ---
--- 일반샵으로 4번 구매 데이터 쌓음 ---
test767 로그인
--- Num_0 이 0이면 카테고리 선택해서 구매, 1이면 검색어로 검색해서 구매, 2이면 게시판에 글쓰기
회원 카테고리 선택해서 일반 구매 ---
--- 일반샵으로 5번 구매 데이터 쌓음 ---
test883 로그인
--- Num_0 이 0이면 카테고리 선택해서 구매, 1이면 검색어로 검색해서 구매, 2이면 게시판에 글쓰기
회원 카테고리 선택해서 장바구니 구매 ---
--- 일반샵으로 6번 구매 데이터 쌓음 ---
test727 로그인
--- Num_1 이 0이면 카테고리 선택해서 구매, 1이면 검색어로 검색해서 구매, 2이면 게시판에 글쓰기
검색어 : 아디다스
5번째 상품 클릭
회원 상품명 검색해서 일반 구매 ---
--- 일반샵으로 7번 구매 데이터 쌓음 ---
test246 로그인
--- Num_1 이 0이면 카테고리 선택해서 구매, 1이면 검색어로 검색해서 구매, 2이면 게시판에 글쓰기
검색어 : 아디다스
5번째 상품 클릭
회원 상품명 검색해서 일반 구매 ---
--- 일반샵으로 8번 구매 데이터 쌓음 ---
test394 로그인
--- Num_0 이 0이면 카테고리 선택해서 구매, 1이면 검색어로 검색해서 구매, 2이면 게시판에 글쓰기
회원 카테고리 선택해서 장바구니 구매 ---
--- 일반샵으로 9번 구매 데이터 쌓음 ---
test771 로그인
--- Num_0 이 0이면 카테고리 선택해서 구매, 1이면 검색어로 검색해서 구매, 2이면 게시판에 글쓰기
회원 카테고리 선택해서 장바구니 구매 ---
--- 일반샵으로 10번 구매 데이터 쌓음 ---
test815 로그인
--- Num_0 이 0이면 카테고리 선택해서 구매, 1이면 검색어로 검색해서 구매, 2이면 게시판에 글쓰기
회원 카테고리 선택해서 일반 구매 ---
--- 일반샵으로 11번 구매 데이터 쌓음 ---
test863 로그인
--- Num_0 이 0이면 카테고리 선택해서 구매, 1이면 검색어로 검색해서 구매, 2이면 게시판에 글쓰기
회원 카테고리 선택해서 장바구니 구매 ---
--- 일반샵으로 12번 구매 데이터 쌓음 ---
test606 로그인
--- Num_1 이 0이면 카테고리 선택해서 구매, 1이면 검색어로 검색해서 구매, 2이면 게시판에 글쓰기
검색어 : 나이키
3번째 상품 클릭
회원 상품명 검색해서 장바구니 구매 ---
--- 일반샵으로 13번 구매 데이터 쌓음 ---
test511 로그인
--- Num_0 이 0이면 카테고리 선택해서 구매, 1이면 검색어로 검색해서 구매, 2이면 게시판에 글쓰기
회원 카테고리 선택해서 장바구니 구매 ---
--- 일반샵으로 14번 구매 데이터 쌓음 ---
test176 로그인
--- Num_0 이 0이면 카테고리 선택해서 구매, 1이면 검색어로 검색해서 구매, 2이면 게시판에 글쓰기
회원 카테고리 선택해서 장바구니 구매 ---
--- 일반샵으로 15번 구매 데이터 쌓음 ---
test908 로그인
--- Num_0 이 0이면 카테고리 선택해서 구매, 1이면 검색어로 검색해서 구매, 2이면 게시판에 글쓰기
회원 카테고리 선택해서 일반 구매 ---
--- 일반샵으로 16번 구매 데이터 쌓음 ---
test945 로그인
--- Num_0 이 0이면 카테고리 선택해서 구매, 1이면 검색어로 검색해서 구매, 2이면 게시판에 글쓰기
회원 카테고리 선택해서 일반 구매 ---
--- 일반샵으로 17번 구매 데이터 쌓음 ---
test739 로그인
--- Num_1 이 0이면 카테고리 선택해서 구매, 1이면 검색어로 검색해서 구매, 2이면 게시판에 글쓰기
검색어 : 아디다스
7번째 상품 클릭
회원 상품명 검색해서 일반 구매 ---
--- 일반샵으로 18번 구매 데이터 쌓음 ---
test587 로그인
--- Num_1 이 0이면 카테고리 선택해서 구매, 1이면 검색어로 검색해서 구매, 2이면 게시판에 글쓰기
검색어 : 아디다스
9번째 상품 클릭
회원 상품명 검색해서 장바구니 구매 ---
--- 일반샵으로 19번 구매 데이터 쌓음 ---
test522 로그인
--- Num_1 이 0이면 카테고리 선택해서 구매, 1이면 검색어로 검색해서 구매, 2이면 게시판에 글쓰기
검색어 : 나이키
9번째 상품 클릭
회원 상품명 검색해서 장바구니 구매 ---
--- 일반샵으로 20번 구매 데이터 쌓음 ---
test65 로그인
--- Num_1 이 0이면 카테고리 선택해서 구매, 1이면 검색어로 검색해서 구매, 2이면 게시판에 글쓰기
검색어 : 아디다스
1번째 상품 클릭
회원 상품명 검색해서 일반 구매 ---
--- 일반샵으로 21번 구매 데이터 쌓음 ---
test54 로그인
--- Num_0 이 0이면 카테고리 선택해서 구매, 1이면 검색어로 검색해서 구매, 2이면 게시판에 글쓰기
회원 카테고리 선택해서 장바구니 구매 ---
--- 일반샵으로 22번 구매 데이터 쌓음 ---
test17 로그인
--- Num_1 이 0이면 카테고리 선택해서 구매, 1이면 검색어로 검색해서 구매, 2이면 게시판에 글쓰기
검색어 : 아디다스
8번째 상품 클릭
회원 상품명 검색해서 일반 구매 ---
--- 일반샵으로 23번 구매 데이터 쌓음 ---
test807 로그인
--- Num_0 이 0이면 카테고리 선택해서 구매, 1이면 검색어로 검색해서 구매, 2이면 게시판에 글쓰기
회원 카테고리 선택해서 일반 구매 ---
--- 일반샵으로 24번 구매 데이터 쌓음 ---
test220 로그인
--- Num_0 이 0이면 카테고리 선택해서 구매, 1이면 검색어로 검색해서 구매, 2이면 게시판에 글쓰기
회원 카테고리 선택해서 일반 구매 ---
--- 일반샵으로 25번 구매 데이터 쌓음 ---
test119 로그인
--- Num_1 이 0이면 카테고리 선택해서 구매, 1이면 검색어로 검색해서 구매, 2이면 게시판에 글쓰기
검색어 : 아디다스
6번째 상품 클릭
회원 상품명 검색해서 일반 구매 ---
--- 일반샵으로 26번 구매 데이터 쌓음 ---
test428 로그인
--- Num_0 이 0이면 카테고리 선택해서 구매, 1이면 검색어로 검색해서 구매, 2이면 게시판에 글쓰기
회원 카테고리 선택해서 장바구니 구매 ---
--- 일반샵으로 27번 구매 데이터 쌓음 ---
test189 로그인
--- Num_0 이 0이면 카테고리 선택해서 구매, 1이면 검색어로 검색해서 구매, 2이면 게시판에 글쓰기
회원 카테고리 선택해서 일반 구매 ---
--- 일반샵으로 28번 구매 데이터 쌓음 ---
test797 로그인
--- Num_0 이 0이면 카테고리 선택해서 구매, 1이면 검색어로 검색해서 구매, 2이면 게시판에 글쓰기
회원 카테고리 선택해서 장바구니 구매 ---
--- 일반샵으로 29번 구매 데이터 쌓음 ---
test207 로그인
--- Num_1 이 0이면 카테고리 선택해서 구매, 1이면 검색어로 검색해서 구매, 2이면 게시판에 글쓰기
검색어 : 나이키
8번째 상품 클릭
회원 상품명 검색해서 일반 구매 ---
--- 일반샵으로 30번 구매 데이터 쌓음 ---
test254 로그인
--- Num_0 이 0이면 카테고리 선택해서 구매, 1이면 검색어로 검색해서 구매, 2이면 게시판에 글쓰기
회원 카테고리 선택해서 일반 구매 ---
--- 일반샵으로 31번 구매 데이터 쌓음 ---
test650 로그인
--- Num_0 이 0이면 카테고리 선택해서 구매, 1이면 검색어로 검색해서 구매, 2이면 게시판에 글쓰기
회원 카테고리 선택해서 일반 구매 ---
--- 일반샵으로 32번 구매 데이터 쌓음 ---
test963 로그인
--- Num_0 이 0이면 카테고리 선택해서 구매, 1이면 검색어로 검색해서 구매, 2이면 게시판에 글쓰기
회원 카테고리 선택해서 일반 구매 ---
--- 일반샵으로 33번 구매 데이터 쌓음 ---
test613 로그인
--- Num_0 이 0이면 카테고리 선택해서 구매, 1이면 검색어로 검색해서 구매, 2이면 게시판에 글쓰기
회원 카테고리 선택해서 일반 구매 ---
--- 일반샵으로 34번 구매 데이터 쌓음 ---
test751 로그인
--- Num_0 이 0이면 카테고리 선택해서 구매, 1이면 검색어로 검색해서 구매, 2이면 게시판에 글쓰기
회원 카테고리 선택해서 장바구니 구매 ---
--- 일반샵으로 35번 구매 데이터 쌓음 ---
test469 로그인
--- Num_0 이 0이면 카테고리 선택해서 구매, 1이면 검색어로 검색해서 구매, 2이면 게시판에 글쓰기
회원 카테고리 선택해서 장바구니 구매 ---
--- 일반샵으로 36번 구매 데이터 쌓음 ---
test58 로그인
--- Num_0 이 0이면 카테고리 선택해서 구매, 1이면 검색어로 검색해서 구매, 2이면 게시판에 글쓰기
회원 카테고리 선택해서 일반 구매 ---
--- 일반샵으로 37번 구매 데이터 쌓음 ---
test935 로그인
--- Num_0 이 0이면 카테고리 선택해서 구매, 1이면 검색어로 검색해서 구매, 2이면 게시판에 글쓰기
회원 카테고리 선택해서 장바구니 구매 ---
--- 일반샵으로 38번 구매 데이터 쌓음 ---
test204 로그인
--- Num_1 이 0이면 카테고리 선택해서 구매, 1이면 검색어로 검색해서 구매, 2이면 게시판에 글쓰기
검색어 : 나이키
8번째 상품 클릭
회원 상품명 검색해서 장바구니 구매 ---
--- 일반샵으로 39번 구매 데이터 쌓음 ---
test850 로그인
--- Num_1 이 0이면 카테고리 선택해서 구매, 1이면 검색어로 검색해서 구매, 2이면 게시판에 글쓰기
검색어 : 아디다스
9번째 상품 클릭
회원 상품명 검색해서 장바구니 구매 ---
--- 일반샵으로 40번 구매 데이터 쌓음 ---
test690 로그인
--- Num_0 이 0이면 카테고리 선택해서 구매, 1이면 검색어로 검색해서 구매, 2이면 게시판에 글쓰기
회원 카테고리 선택해서 장바구니 구매 ---
--- 일반샵으로 41번 구매 데이터 쌓음 ---
test625 로그인
--- Num_1 이 0이면 카테고리 선택해서 구매, 1이면 검색어로 검색해서 구매, 2이면 게시판에 글쓰기
검색어 : 나이키
5번째 상품 클릭
회원 상품명 검색해서 장바구니 구매 ---
--- 일반샵으로 42번 구매 데이터 쌓음 ---
test709 로그인
--- Num_0 이 0이면 카테고리 선택해서 구매, 1이면 검색어로 검색해서 구매, 2이면 게시판에 글쓰기
회원 카테고리 선택해서 장바구니 구매 ---
--- 일반샵으로 43번 구매 데이터 쌓음 ---
test912 로그인
--- Num_1 이 0이면 카테고리 선택해서 구매, 1이면 검색어로 검색해서 구매, 2이면 게시판에 글쓰기
검색어 : 나이키
0번째 상품 클릭
회원 상품명 검색해서 일반 구매 ---
--- 일반샵으로 44번 구매 데이터 쌓음 ---
test737 로그인
--- Num_0 이 0이면 카테고리 선택해서 구매, 1이면 검색어로 검색해서 구매, 2이면 게시판에 글쓰기
회원 카테고리 선택해서 일반 구매 ---
--- 일반샵으로 45번 구매 데이터 쌓음 ---
test780 로그인
--- Num_1 이 0이면 카테고리 선택해서 구매, 1이면 검색어로 검색해서 구매, 2이면 게시판에 글쓰기
검색어 : 아디다스
4번째 상품 클릭
회원 상품명 검색해서 일반 구매 ---
--- 일반샵으로 46번 구매 데이터 쌓음 ---
test60 로그인
--- Num_0 이 0이면 카테고리 선택해서 구매, 1이면 검색어로 검색해서 구매, 2이면 게시판에 글쓰기
회원 카테고리 선택해서 일반 구매 ---
--- 일반샵으로 47번 구매 데이터 쌓음 ---
test654 로그인
--- Num_0 이 0이면 카테고리 선택해서 구매, 1이면 검색어로 검색해서 구매, 2이면 게시판에 글쓰기
회원 카테고리 선택해서 장바구니 구매 ---
--- 일반샵으로 48번 구매 데이터 쌓음 ---
test839 로그인
--- Num_1 이 0이면 카테고리 선택해서 구매, 1이면 검색어로 검색해서 구매, 2이면 게시판에 글쓰기
검색어 : 아디다스
4번째 상품 클릭
회원 상품명 검색해서 장바구니 구매 ---
--- 일반샵으로 49번 구매 데이터 쌓음 ---
test179 로그인
--- Num_0 이 0이면 카테고리 선택해서 구매, 1이면 검색어로 검색해서 구매, 2이면 게시판에 글쓰기
회원 카테고리 선택해서 일반 구매 ---
--- 일반샵으로 50번 구매 데이터 쌓음 ---
test132 로그인
--- Num_0 이 0이면 카테고리 선택해서 구매, 1이면 검색어로 검색해서 구매, 2이면 게시판에 글쓰기
회원 카테고리 선택해서 일반 구매 ---
--- 일반샵으로 51번 구매 데이터 쌓음 ---
test248 로그인
--- Num_0 이 0이면 카테고리 선택해서 구매, 1이면 검색어로 검색해서 구매, 2이면 게시판에 글쓰기
회원 카테고리 선택해서 일반 구매 ---
--- 일반샵으로 52번 구매 데이터 쌓음 ---
test501 로그인
--- Num_0 이 0이면 카테고리 선택해서 구매, 1이면 검색어로 검색해서 구매, 2이면 게시판에 글쓰기
회원 카테고리 선택해서 일반 구매 ---
--- 일반샵으로 53번 구매 데이터 쌓음 ---
test607 로그인
--- Num_0 이 0이면 카테고리 선택해서 구매, 1이면 검색어로 검색해서 구매, 2이면 게시판에 글쓰기
회원 카테고리 선택해서 일반 구매 ---
--- 일반샵으로 54번 구매 데이터 쌓음 ---
test366 로그인
--- Num_0 이 0이면 카테고리 선택해서 구매, 1이면 검색어로 검색해서 구매, 2이면 게시판에 글쓰기
회원 카테고리 선택해서 일반 구매 ---
--- 일반샵으로 55번 구매 데이터 쌓음 ---
test844 로그인
--- Num_1 이 0이면 카테고리 선택해서 구매, 1이면 검색어로 검색해서 구매, 2이면 게시판에 글쓰기
검색어 : 아디다스
7번째 상품 클릭
회원 상품명 검색해서 일반 구매 ---
--- 일반샵으로 56번 구매 데이터 쌓음 ---
test328 로그인
--- Num_0 이 0이면 카테고리 선택해서 구매, 1이면 검색어로 검색해서 구매, 2이면 게시판에 글쓰기
회원 카테고리 선택해서 장바구니 구매 ---
--- 일반샵으로 57번 구매 데이터 쌓음 ---
test170 로그인
--- Num_1 이 0이면 카테고리 선택해서 구매, 1이면 검색어로 검색해서 구매, 2이면 게시판에 글쓰기
검색어 : 아디다스
7번째 상품 클릭
회원 상품명 검색해서 일반 구매 ---
--- 일반샵으로 58번 구매 데이터 쌓음 ---
test737 로그인
--- Num_1 이 0이면 카테고리 선택해서 구매, 1이면 검색어로 검색해서 구매, 2이면 게시판에 글쓰기
검색어 : 나이키
10번째 상품 클릭
회원 상품명 검색해서 일반 구매 ---
--- 일반샵으로 59번 구매 데이터 쌓음 ---
test106 로그인
--- Num_1 이 0이면 카테고리 선택해서 구매, 1이면 검색어로 검색해서 구매, 2이면 게시판에 글쓰기
검색어 : 아디다스
7번째 상품 클릭
회원 상품명 검색해서 장바구니 구매 ---
--- 일반샵으로 60번 구매 데이터 쌓음 ---
test417 로그인
--- Num_0 이 0이면 카테고리 선택해서 구매, 1이면 검색어로 검색해서 구매, 2이면 게시판에 글쓰기
회원 카테고리 선택해서 일반 구매 ---
--- 일반샵으로 61번 구매 데이터 쌓음 ---
test672 로그인
--- Num_0 이 0이면 카테고리 선택해서 구매, 1이면 검색어로 검색해서 구매, 2이면 게시판에 글쓰기
회원 카테고리 선택해서 일반 구매 ---
--- 일반샵으로 62번 구매 데이터 쌓음 ---
test328 로그인
--- Num_0 이 0이면 카테고리 선택해서 구매, 1이면 검색어로 검색해서 구매, 2이면 게시판에 글쓰기
회원 카테고리 선택해서 일반 구매 ---
--- 일반샵으로 63번 구매 데이터 쌓음 ---
test479 로그인
--- Num_0 이 0이면 카테고리 선택해서 구매, 1이면 검색어로 검색해서 구매, 2이면 게시판에 글쓰기
회원 카테고리 선택해서 장바구니 구매 ---
--- 일반샵으로 64번 구매 데이터 쌓음 ---
test120 로그인
--- Num_1 이 0이면 카테고리 선택해서 구매, 1이면 검색어로 검색해서 구매, 2이면 게시판에 글쓰기
검색어 : 나이키
2번째 상품 클릭
회원 상품명 검색해서 장바구니 구매 ---
--- 일반샵으로 65번 구매 데이터 쌓음 ---
test425 로그인
--- Num_0 이 0이면 카테고리 선택해서 구매, 1이면 검색어로 검색해서 구매, 2이면 게시판에 글쓰기
회원 카테고리 선택해서 일반 구매 ---
--- 일반샵으로 66번 구매 데이터 쌓음 ---
test472 로그인
--- Num_1 이 0이면 카테고리 선택해서 구매, 1이면 검색어로 검색해서 구매, 2이면 게시판에 글쓰기
검색어 : 아디다스
0번째 상품 클릭
회원 상품명 검색해서 일반 구매 ---
--- 일반샵으로 67번 구매 데이터 쌓음 ---
test322 로그인
--- Num_1 이 0이면 카테고리 선택해서 구매, 1이면 검색어로 검색해서 구매, 2이면 게시판에 글쓰기
검색어 : 나이키
4번째 상품 클릭
회원 상품명 검색해서 장바구니 구매 ---
--- 일반샵으로 68번 구매 데이터 쌓음 ---
test264 로그인
--- Num_0 이 0이면 카테고리 선택해서 구매, 1이면 검색어로 검색해서 구매, 2이면 게시판에 글쓰기
회원 카테고리 선택해서 장바구니 구매 ---
--- 일반샵으로 69번 구매 데이터 쌓음 ---
test320 로그인
--- Num_0 이 0이면 카테고리 선택해서 구매, 1이면 검색어로 검색해서 구매, 2이면 게시판에 글쓰기
회원 카테고리 선택해서 일반 구매 ---
--- 일반샵으로 70번 구매 데이터 쌓음 ---
test978 로그인
--- Num_1 이 0이면 카테고리 선택해서 구매, 1이면 검색어로 검색해서 구매, 2이면 게시판에 글쓰기
검색어 : 아디다스
9번째 상품 클릭
회원 상품명 검색해서 장바구니 구매 ---
--- 일반샵으로 71번 구매 데이터 쌓음 ---
test360 로그인
--- Num_1 이 0이면 카테고리 선택해서 구매, 1이면 검색어로 검색해서 구매, 2이면 게시판에 글쓰기
검색어 : 아디다스
10번째 상품 클릭
회원 상품명 검색해서 일반 구매 ---
--- 일반샵으로 72번 구매 데이터 쌓음 ---
test738 로그인
--- Num_1 이 0이면 카테고리 선택해서 구매, 1이면 검색어로 검색해서 구매, 2이면 게시판에 글쓰기
검색어 : 아디다스
1번째 상품 클릭
회원 상품명 검색해서 장바구니 구매 ---
--- 일반샵으로 73번 구매 데이터 쌓음 ---
test433 로그인
--- Num_1 이 0이면 카테고리 선택해서 구매, 1이면 검색어로 검색해서 구매, 2이면 게시판에 글쓰기
검색어 : 나이키
8번째 상품 클릭
회원 상품명 검색해서 일반 구매 ---
--- 일반샵으로 74번 구매 데이터 쌓음 ---
test140 로그인
--- Num_1 이 0이면 카테고리 선택해서 구매, 1이면 검색어로 검색해서 구매, 2이면 게시판에 글쓰기
검색어 : 나이키
6번째 상품 클릭
회원 상품명 검색해서 일반 구매 ---
--- 일반샵으로 75번 구매 데이터 쌓음 ---
test802 로그인
--- Num_1 이 0이면 카테고리 선택해서 구매, 1이면 검색어로 검색해서 구매, 2이면 게시판에 글쓰기
검색어 : 아디다스
9번째 상품 클릭
회원 상품명 검색해서 장바구니 구매 ---
--- 일반샵으로 76번 구매 데이터 쌓음 ---
test860 로그인
--- Num_0 이 0이면 카테고리 선택해서 구매, 1이면 검색어로 검색해서 구매, 2이면 게시판에 글쓰기
회원 카테고리 선택해서 일반 구매 ---
--- 일반샵으로 77번 구매 데이터 쌓음 ---
test836 로그인
--- Num_0 이 0이면 카테고리 선택해서 구매, 1이면 검색어로 검색해서 구매, 2이면 게시판에 글쓰기
회원 카테고리 선택해서 장바구니 구매 ---
--- 일반샵으로 78번 구매 데이터 쌓음 ---
test382 로그인
--- Num_0 이 0이면 카테고리 선택해서 구매, 1이면 검색어로 검색해서 구매, 2이면 게시판에 글쓰기
회원 카테고리 선택해서 일반 구매 ---
--- 일반샵으로 79번 구매 데이터 쌓음 ---
test717 로그인
--- Num_0 이 0이면 카테고리 선택해서 구매, 1이면 검색어로 검색해서 구매, 2이면 게시판에 글쓰기
회원 카테고리 선택해서 일반 구매 ---
--- 일반샵으로 80번 구매 데이터 쌓음 ---
test257 로그인
--- Num_1 이 0이면 카테고리 선택해서 구매, 1이면 검색어로 검색해서 구매, 2이면 게시판에 글쓰기
검색어 : 아디다스
3번째 상품 클릭
회원 상품명 검색해서 장바구니 구매 ---
--- 일반샵으로 81번 구매 데이터 쌓음 ---
test243 로그인
--- Num_0 이 0이면 카테고리 선택해서 구매, 1이면 검색어로 검색해서 구매, 2이면 게시판에 글쓰기
회원 카테고리 선택해서 장바구니 구매 ---
--- 일반샵으로 82번 구매 데이터 쌓음 ---
test63 로그인
--- Num_1 이 0이면 카테고리 선택해서 구매, 1이면 검색어로 검색해서 구매, 2이면 게시판에 글쓰기
검색어 : 아디다스
4번째 상품 클릭
회원 상품명 검색해서 장바구니 구매 ---
--- 일반샵으로 83번 구매 데이터 쌓음 ---
test394 로그인
--- Num_1 이 0이면 카테고리 선택해서 구매, 1이면 검색어로 검색해서 구매, 2이면 게시판에 글쓰기
검색어 : 나이키
9번째 상품 클릭
회원 상품명 검색해서 일반 구매 ---
--- 일반샵으로 84번 구매 데이터 쌓음 ---
test89 로그인
--- Num_0 이 0이면 카테고리 선택해서 구매, 1이면 검색어로 검색해서 구매, 2이면 게시판에 글쓰기
회원 카테고리 선택해서 일반 구매 ---
--- 일반샵으로 85번 구매 데이터 쌓음 ---
test94 로그인
--- Num_0 이 0이면 카테고리 선택해서 구매, 1이면 검색어로 검색해서 구매, 2이면 게시판에 글쓰기
회원 카테고리 선택해서 일반 구매 ---
--- 일반샵으로 86번 구매 데이터 쌓음 ---
test102 로그인
--- Num_1 이 0이면 카테고리 선택해서 구매, 1이면 검색어로 검색해서 구매, 2이면 게시판에 글쓰기
검색어 : 아디다스
2번째 상품 클릭
회원 상품명 검색해서 장바구니 구매 ---
--- 일반샵으로 87번 구매 데이터 쌓음 ---
test589 로그인
--- Num_0 이 0이면 카테고리 선택해서 구매, 1이면 검색어로 검색해서 구매, 2이면 게시판에 글쓰기
회원 카테고리 선택해서 장바구니 구매 ---
--- 일반샵으로 88번 구매 데이터 쌓음 ---
test260 로그인
--- Num_1 이 0이면 카테고리 선택해서 구매, 1이면 검색어로 검색해서 구매, 2이면 게시판에 글쓰기
검색어 : 아디다스
7번째 상품 클릭
회원 상품명 검색해서 일반 구매 ---
--- 일반샵으로 89번 구매 데이터 쌓음 ---
test315 로그인
--- Num_0 이 0이면 카테고리 선택해서 구매, 1이면 검색어로 검색해서 구매, 2이면 게시판에 글쓰기
회원 카테고리 선택해서 장바구니 구매 ---
--- 일반샵으로 90번 구매 데이터 쌓음 ---
test697 로그인
--- Num_0 이 0이면 카테고리 선택해서 구매, 1이면 검색어로 검색해서 구매, 2이면 게시판에 글쓰기
회원 카테고리 선택해서 장바구니 구매 ---
--- 일반샵으로 91번 구매 데이터 쌓음 ---
test596 로그인
--- Num_1 이 0이면 카테고리 선택해서 구매, 1이면 검색어로 검색해서 구매, 2이면 게시판에 글쓰기
검색어 : 나이키
1번째 상품 클릭
회원 상품명 검색해서 일반 구매 ---
--- 일반샵으로 92번 구매 데이터 쌓음 ---
test993 로그인
--- Num_0 이 0이면 카테고리 선택해서 구매, 1이면 검색어로 검색해서 구매, 2이면 게시판에 글쓰기
회원 카테고리 선택해서 장바구니 구매 ---
--- 일반샵으로 93번 구매 데이터 쌓음 ---
test548 로그인
--- Num_1 이 0이면 카테고리 선택해서 구매, 1이면 검색어로 검색해서 구매, 2이면 게시판에 글쓰기
검색어 : 아디다스
10번째 상품 클릭
회원 상품명 검색해서 장바구니 구매 ---
--- 일반샵으로 94번 구매 데이터 쌓음 ---
test974 로그인
--- Num_0 이 0이면 카테고리 선택해서 구매, 1이면 검색어로 검색해서 구매, 2이면 게시판에 글쓰기
회원 카테고리 선택해서 장바구니 구매 ---
--- 일반샵으로 95번 구매 데이터 쌓음 ---
test45 로그인
--- Num_0 이 0이면 카테고리 선택해서 구매, 1이면 검색어로 검색해서 구매, 2이면 게시판에 글쓰기
회원 카테고리 선택해서 장바구니 구매 ---
--- 일반샵으로 96번 구매 데이터 쌓음 ---
test946 로그인
--- Num_0 이 0이면 카테고리 선택해서 구매, 1이면 검색어로 검색해서 구매, 2이면 게시판에 글쓰기
회원 카테고리 선택해서 장바구니 구매 ---
--- 일반샵으로 97번 구매 데이터 쌓음 ---
test136 로그인
--- Num_0 이 0이면 카테고리 선택해서 구매, 1이면 검색어로 검색해서 구매, 2이면 게시판에 글쓰기
회원 카테고리 선택해서 일반 구매 ---
--- 일반샵으로 98번 구매 데이터 쌓음 ---
test986 로그인
--- Num_1 이 0이면 카테고리 선택해서 구매, 1이면 검색어로 검색해서 구매, 2이면 게시판에 글쓰기
검색어 : 아디다스
7번째 상품 클릭
회원 상품명 검색해서 일반 구매 ---
--- 일반샵으로 99번 구매 데이터 쌓음 ---
test873 로그인
--- Num_1 이 0이면 카테고리 선택해서 구매, 1이면 검색어로 검색해서 구매, 2이면 게시판에 글쓰기
검색어 : 아디다스
0번째 상품 클릭
회원 상품명 검색해서 일반 구매 ---
--- 일반샵으로 100번 구매 데이터 쌓음 ---
test987 로그인
--- Num_0 이 0이면 카테고리 선택해서 구매, 1이면 검색어로 검색해서 구매, 2이면 게시판에 글쓰기
회원 카테고리 선택해서 일반 구매 ---
--- 일반샵으로 101번 구매 데이터 쌓음 ---
test539 로그인
--- Num_0 이 0이면 카테고리 선택해서 구매, 1이면 검색어로 검색해서 구매, 2이면 게시판에 글쓰기
회원 카테고리 선택해서 장바구니 구매 ---
--- 일반샵으로 102번 구매 데이터 쌓음 ---
test167 로그인
--- Num_1 이 0이면 카테고리 선택해서 구매, 1이면 검색어로 검색해서 구매, 2이면 게시판에 글쓰기
검색어 : 나이키
1번째 상품 클릭
회원 상품명 검색해서 장바구니 구매 ---
--- 일반샵으로 103번 구매 데이터 쌓음 ---
test594 로그인
--- Num_0 이 0이면 카테고리 선택해서 구매, 1이면 검색어로 검색해서 구매, 2이면 게시판에 글쓰기
회원 카테고리 선택해서 장바구니 구매 ---
--- 일반샵으로 104번 구매 데이터 쌓음 ---
test110 로그인
--- Num_0 이 0이면 카테고리 선택해서 구매, 1이면 검색어로 검색해서 구매, 2이면 게시판에 글쓰기
회원 카테고리 선택해서 장바구니 구매 ---
--- 일반샵으로 105번 구매 데이터 쌓음 ---
test446 로그인
--- Num_0 이 0이면 카테고리 선택해서 구매, 1이면 검색어로 검색해서 구매, 2이면 게시판에 글쓰기
회원 카테고리 선택해서 장바구니 구매 ---
--- 일반샵으로 106번 구매 데이터 쌓음 ---
test260 로그인
--- Num_0 이 0이면 카테고리 선택해서 구매, 1이면 검색어로 검색해서 구매, 2이면 게시판에 글쓰기
회원 카테고리 선택해서 일반 구매 ---
--- 일반샵으로 107번 구매 데이터 쌓음 ---
test416 로그인
--- Num_1 이 0이면 카테고리 선택해서 구매, 1이면 검색어로 검색해서 구매, 2이면 게시판에 글쓰기
검색어 : 나이키
7번째 상품 클릭
회원 상품명 검색해서 일반 구매 ---
--- 일반샵으로 108번 구매 데이터 쌓음 ---
test461 로그인
--- Num_1 이 0이면 카테고리 선택해서 구매, 1이면 검색어로 검색해서 구매, 2이면 게시판에 글쓰기
검색어 : 나이키
6번째 상품 클릭
회원 상품명 검색해서 일반 구매 ---
--- 일반샵으로 109번 구매 데이터 쌓음 ---
test51 로그인
--- Num_1 이 0이면 카테고리 선택해서 구매, 1이면 검색어로 검색해서 구매, 2이면 게시판에 글쓰기
검색어 : 나이키
2번째 상품 클릭
회원 상품명 검색해서 일반 구매 ---
--- 일반샵으로 110번 구매 데이터 쌓음 ---
test83 로그인
--- Num_1 이 0이면 카테고리 선택해서 구매, 1이면 검색어로 검색해서 구매, 2이면 게시판에 글쓰기
검색어 : 아디다스
10번째 상품 클릭
회원 상품명 검색해서 일반 구매 ---
--- 일반샵으로 111번 구매 데이터 쌓음 ---
test556 로그인
--- Num_0 이 0이면 카테고리 선택해서 구매, 1이면 검색어로 검색해서 구매, 2이면 게시판에 글쓰기
회원 카테고리 선택해서 장바구니 구매 ---
--- 일반샵으로 112번 구매 데이터 쌓음 ---
test810 로그인
--- Num_0 이 0이면 카테고리 선택해서 구매, 1이면 검색어로 검색해서 구매, 2이면 게시판에 글쓰기
회원 카테고리 선택해서 일반 구매 ---
--- 일반샵으로 113번 구매 데이터 쌓음 ---
test83 로그인
--- Num_0 이 0이면 카테고리 선택해서 구매, 1이면 검색어로 검색해서 구매, 2이면 게시판에 글쓰기
회원 카테고리 선택해서 장바구니 구매 ---
--- 일반샵으로 114번 구매 데이터 쌓음 ---
test620 로그인
--- Num_1 이 0이면 카테고리 선택해서 구매, 1이면 검색어로 검색해서 구매, 2이면 게시판에 글쓰기
검색어 : 아디다스
1번째 상품 클릭
회원 상품명 검색해서 일반 구매 ---
--- 일반샵으로 115번 구매 데이터 쌓음 ---
test959 로그인
--- Num_0 이 0이면 카테고리 선택해서 구매, 1이면 검색어로 검색해서 구매, 2이면 게시판에 글쓰기
회원 카테고리 선택해서 장바구니 구매 ---
--- 일반샵으로 116번 구매 데이터 쌓음 ---
test648 로그인
--- Num_0 이 0이면 카테고리 선택해서 구매, 1이면 검색어로 검색해서 구매, 2이면 게시판에 글쓰기
회원 카테고리 선택해서 일반 구매 ---
--- 일반샵으로 117번 구매 데이터 쌓음 ---
test280 로그인
--- Num_0 이 0이면 카테고리 선택해서 구매, 1이면 검색어로 검색해서 구매, 2이면 게시판에 글쓰기
회원 카테고리 선택해서 일반 구매 ---
--- 일반샵으로 118번 구매 데이터 쌓음 ---
test983 로그인
--- Num_0 이 0이면 카테고리 선택해서 구매, 1이면 검색어로 검색해서 구매, 2이면 게시판에 글쓰기
회원 카테고리 선택해서 장바구니 구매 ---
--- 일반샵으로 119번 구매 데이터 쌓음 ---
test575 로그인
--- Num_1 이 0이면 카테고리 선택해서 구매, 1이면 검색어로 검색해서 구매, 2이면 게시판에 글쓰기
검색어 : 아디다스
6번째 상품 클릭
회원 상품명 검색해서 장바구니 구매 ---
--- 일반샵으로 120번 구매 데이터 쌓음 ---
test840 로그인
--- Num_1 이 0이면 카테고리 선택해서 구매, 1이면 검색어로 검색해서 구매, 2이면 게시판에 글쓰기
검색어 : 나이키
10번째 상품 클릭
회원 상품명 검색해서 일반 구매 ---
--- 일반샵으로 121번 구매 데이터 쌓음 ---
test301 로그인
--- Num_0 이 0이면 카테고리 선택해서 구매, 1이면 검색어로 검색해서 구매, 2이면 게시판에 글쓰기
회원 카테고리 선택해서 장바구니 구매 ---
--- 일반샵으로 122번 구매 데이터 쌓음 ---
test516 로그인
--- Num_1 이 0이면 카테고리 선택해서 구매, 1이면 검색어로 검색해서 구매, 2이면 게시판에 글쓰기
검색어 : 아디다스
9번째 상품 클릭
회원 상품명 검색해서 장바구니 구매 ---
--- 일반샵으로 123번 구매 데이터 쌓음 ---
test346 로그인
--- Num_1 이 0이면 카테고리 선택해서 구매, 1이면 검색어로 검색해서 구매, 2이면 게시판에 글쓰기
검색어 : 나이키
5번째 상품 클릭
회원 상품명 검색해서 장바구니 구매 ---
--- 일반샵으로 124번 구매 데이터 쌓음 ---
test491 로그인
--- Num_1 이 0이면 카테고리 선택해서 구매, 1이면 검색어로 검색해서 구매, 2이면 게시판에 글쓰기
검색어 : 나이키
7번째 상품 클릭
회원 상품명 검색해서 장바구니 구매 ---
--- 일반샵으로 125번 구매 데이터 쌓음 ---
test457 로그인
--- Num_0 이 0이면 카테고리 선택해서 구매, 1이면 검색어로 검색해서 구매, 2이면 게시판에 글쓰기
회원 카테고리 선택해서 장바구니 구매 ---
--- 일반샵으로 126번 구매 데이터 쌓음 ---
test291 로그인
--- Num_0 이 0이면 카테고리 선택해서 구매, 1이면 검색어로 검색해서 구매, 2이면 게시판에 글쓰기
회원 카테고리 선택해서 일반 구매 ---
--- 일반샵으로 127번 구매 데이터 쌓음 ---
test767 로그인
--- Num_0 이 0이면 카테고리 선택해서 구매, 1이면 검색어로 검색해서 구매, 2이면 게시판에 글쓰기
회원 카테고리 선택해서 일반 구매 ---
--- 일반샵으로 128번 구매 데이터 쌓음 ---
test494 로그인
--- Num_1 이 0이면 카테고리 선택해서 구매, 1이면 검색어로 검색해서 구매, 2이면 게시판에 글쓰기
검색어 : 나이키
8번째 상품 클릭
회원 상품명 검색해서 일반 구매 ---
--- 일반샵으로 129번 구매 데이터 쌓음 ---
test914 로그인
--- Num_0 이 0이면 카테고리 선택해서 구매, 1이면 검색어로 검색해서 구매, 2이면 게시판에 글쓰기
회원 카테고리 선택해서 장바구니 구매 ---
--- 일반샵으로 130번 구매 데이터 쌓음 ---
test59 로그인
--- Num_0 이 0이면 카테고리 선택해서 구매, 1이면 검색어로 검색해서 구매, 2이면 게시판에 글쓰기
회원 카테고리 선택해서 일반 구매 ---
--- 일반샵으로 131번 구매 데이터 쌓음 ---
test871 로그인
--- Num_1 이 0이면 카테고리 선택해서 구매, 1이면 검색어로 검색해서 구매, 2이면 게시판에 글쓰기
검색어 : 아디다스
7번째 상품 클릭
회원 상품명 검색해서 장바구니 구매 ---
--- 일반샵으로 132번 구매 데이터 쌓음 ---
test119 로그인
--- Num_0 이 0이면 카테고리 선택해서 구매, 1이면 검색어로 검색해서 구매, 2이면 게시판에 글쓰기
회원 카테고리 선택해서 일반 구매 ---
--- 일반샵으로 133번 구매 데이터 쌓음 ---
test593 로그인
--- Num_0 이 0이면 카테고리 선택해서 구매, 1이면 검색어로 검색해서 구매, 2이면 게시판에 글쓰기
회원 카테고리 선택해서 일반 구매 ---
--- 일반샵으로 134번 구매 데이터 쌓음 ---
test89 로그인
--- Num_1 이 0이면 카테고리 선택해서 구매, 1이면 검색어로 검색해서 구매, 2이면 게시판에 글쓰기
검색어 : 나이키
10번째 상품 클릭
회원 상품명 검색해서 일반 구매 ---
--- 일반샵으로 135번 구매 데이터 쌓음 ---
test970 로그인
--- Num_0 이 0이면 카테고리 선택해서 구매, 1이면 검색어로 검색해서 구매, 2이면 게시판에 글쓰기
회원 카테고리 선택해서 일반 구매 ---
--- 일반샵으로 136번 구매 데이터 쌓음 ---
test104 로그인
--- Num_0 이 0이면 카테고리 선택해서 구매, 1이면 검색어로 검색해서 구매, 2이면 게시판에 글쓰기
회원 카테고리 선택해서 장바구니 구매 ---
--- 일반샵으로 137번 구매 데이터 쌓음 ---
test452 로그인
--- Num_0 이 0이면 카테고리 선택해서 구매, 1이면 검색어로 검색해서 구매, 2이면 게시판에 글쓰기
회원 카테고리 선택해서 장바구니 구매 ---
--- 일반샵으로 138번 구매 데이터 쌓음 ---
test851 로그인
--- Num_1 이 0이면 카테고리 선택해서 구매, 1이면 검색어로 검색해서 구매, 2이면 게시판에 글쓰기
검색어 : 아디다스
10번째 상품 클릭
회원 상품명 검색해서 일반 구매 ---
--- 일반샵으로 139번 구매 데이터 쌓음 ---
test363 로그인
--- Num_0 이 0이면 카테고리 선택해서 구매, 1이면 검색어로 검색해서 구매, 2이면 게시판에 글쓰기
회원 카테고리 선택해서 장바구니 구매 ---
--- 일반샵으로 140번 구매 데이터 쌓음 ---
test445 로그인
--- Num_0 이 0이면 카테고리 선택해서 구매, 1이면 검색어로 검색해서 구매, 2이면 게시판에 글쓰기
회원 카테고리 선택해서 장바구니 구매 ---
--- 일반샵으로 141번 구매 데이터 쌓음 ---
test55 로그인
--- Num_0 이 0이면 카테고리 선택해서 구매, 1이면 검색어로 검색해서 구매, 2이면 게시판에 글쓰기
회원 카테고리 선택해서 장바구니 구매 ---
--- 일반샵으로 142번 구매 데이터 쌓음 ---
test901 로그인
--- Num_1 이 0이면 카테고리 선택해서 구매, 1이면 검색어로 검색해서 구매, 2이면 게시판에 글쓰기
검색어 : 아디다스
9번째 상품 클릭
회원 상품명 검색해서 장바구니 구매 ---
--- 일반샵으로 143번 구매 데이터 쌓음 ---
test842 로그인
--- Num_1 이 0이면 카테고리 선택해서 구매, 1이면 검색어로 검색해서 구매, 2이면 게시판에 글쓰기
검색어 : 아디다스
10번째 상품 클릭
회원 상품명 검색해서 장바구니 구매 ---
--- 일반샵으로 144번 구매 데이터 쌓음 ---
test717 로그인
--- Num_0 이 0이면 카테고리 선택해서 구매, 1이면 검색어로 검색해서 구매, 2이면 게시판에 글쓰기
회원 카테고리 선택해서 일반 구매 ---
--- 일반샵으로 145번 구매 데이터 쌓음 ---
test140 로그인
--- Num_1 이 0이면 카테고리 선택해서 구매, 1이면 검색어로 검색해서 구매, 2이면 게시판에 글쓰기
검색어 : 나이키
0번째 상품 클릭
회원 상품명 검색해서 일반 구매 ---
--- 일반샵으로 146번 구매 데이터 쌓음 ---
test660 로그인
--- Num_0 이 0이면 카테고리 선택해서 구매, 1이면 검색어로 검색해서 구매, 2이면 게시판에 글쓰기
회원 카테고리 선택해서 일반 구매 ---
--- 일반샵으로 147번 구매 데이터 쌓음 ---
test781 로그인
--- Num_1 이 0이면 카테고리 선택해서 구매, 1이면 검색어로 검색해서 구매, 2이면 게시판에 글쓰기
검색어 : 아디다스
8번째 상품 클릭
회원 상품명 검색해서 일반 구매 ---
--- 일반샵으로 148번 구매 데이터 쌓음 ---
test460 로그인
--- Num_0 이 0이면 카테고리 선택해서 구매, 1이면 검색어로 검색해서 구매, 2이면 게시판에 글쓰기
회원 카테고리 선택해서 장바구니 구매 ---
--- 일반샵으로 149번 구매 데이터 쌓음 ---
test124 로그인
--- Num_1 이 0이면 카테고리 선택해서 구매, 1이면 검색어로 검색해서 구매, 2이면 게시판에 글쓰기
검색어 : 나이키
2번째 상품 클릭
회원 상품명 검색해서 장바구니 구매 ---
--- 일반샵으로 150번 구매 데이터 쌓음 ---
test170 로그인
--- Num_1 이 0이면 카테고리 선택해서 구매, 1이면 검색어로 검색해서 구매, 2이면 게시판에 글쓰기
검색어 : 아디다스
6번째 상품 클릭
회원 상품명 검색해서 장바구니 구매 ---
--- 일반샵으로 151번 구매 데이터 쌓음 ---
test289 로그인
--- Num_1 이 0이면 카테고리 선택해서 구매, 1이면 검색어로 검색해서 구매, 2이면 게시판에 글쓰기
검색어 : 나이키
7번째 상품 클릭
회원 상품명 검색해서 일반 구매 ---
--- 일반샵으로 152번 구매 데이터 쌓음 ---
test721 로그인
--- Num_1 이 0이면 카테고리 선택해서 구매, 1이면 검색어로 검색해서 구매, 2이면 게시판에 글쓰기
검색어 : 나이키
3번째 상품 클릭
회원 상품명 검색해서 장바구니 구매 ---
--- 일반샵으로 153번 구매 데이터 쌓음 ---
test375 로그인
--- Num_0 이 0이면 카테고리 선택해서 구매, 1이면 검색어로 검색해서 구매, 2이면 게시판에 글쓰기
회원 카테고리 선택해서 장바구니 구매 ---
--- 일반샵으로 154번 구매 데이터 쌓음 ---
test553 로그인
--- Num_0 이 0이면 카테고리 선택해서 구매, 1이면 검색어로 검색해서 구매, 2이면 게시판에 글쓰기
회원 카테고리 선택해서 일반 구매 ---
--- 일반샵으로 155번 구매 데이터 쌓음 ---
test190 로그인
--- Num_1 이 0이면 카테고리 선택해서 구매, 1이면 검색어로 검색해서 구매, 2이면 게시판에 글쓰기
검색어 : 아디다스
5번째 상품 클릭
회원 상품명 검색해서 장바구니 구매 ---
--- 일반샵으로 156번 구매 데이터 쌓음 ---
test35 로그인
--- Num_0 이 0이면 카테고리 선택해서 구매, 1이면 검색어로 검색해서 구매, 2이면 게시판에 글쓰기
회원 카테고리 선택해서 장바구니 구매 ---
--- 일반샵으로 157번 구매 데이터 쌓음 ---
test386 로그인
--- Num_0 이 0이면 카테고리 선택해서 구매, 1이면 검색어로 검색해서 구매, 2이면 게시판에 글쓰기
회원 카테고리 선택해서 일반 구매 ---
--- 일반샵으로 158번 구매 데이터 쌓음 ---
test570 로그인
--- Num_0 이 0이면 카테고리 선택해서 구매, 1이면 검색어로 검색해서 구매, 2이면 게시판에 글쓰기
회원 카테고리 선택해서 장바구니 구매 ---
--- 일반샵으로 159번 구매 데이터 쌓음 ---
test293 로그인
--- Num_1 이 0이면 카테고리 선택해서 구매, 1이면 검색어로 검색해서 구매, 2이면 게시판에 글쓰기
검색어 : 아디다스
8번째 상품 클릭
회원 상품명 검색해서 일반 구매 ---
--- 일반샵으로 160번 구매 데이터 쌓음 ---
test701 로그인
--- Num_0 이 0이면 카테고리 선택해서 구매, 1이면 검색어로 검색해서 구매, 2이면 게시판에 글쓰기
회원 카테고리 선택해서 일반 구매 ---
--- 일반샵으로 161번 구매 데이터 쌓음 ---
test77 로그인
--- Num_1 이 0이면 카테고리 선택해서 구매, 1이면 검색어로 검색해서 구매, 2이면 게시판에 글쓰기
검색어 : 나이키
6번째 상품 클릭
회원 상품명 검색해서 일반 구매 ---
--- 일반샵으로 162번 구매 데이터 쌓음 ---
test101 로그인
--- Num_0 이 0이면 카테고리 선택해서 구매, 1이면 검색어로 검색해서 구매, 2이면 게시판에 글쓰기
회원 카테고리 선택해서 일반 구매 ---
--- 일반샵으로 163번 구매 데이터 쌓음 ---
test963 로그인
--- Num_0 이 0이면 카테고리 선택해서 구매, 1이면 검색어로 검색해서 구매, 2이면 게시판에 글쓰기
회원 카테고리 선택해서 장바구니 구매 ---
--- 일반샵으로 164번 구매 데이터 쌓음 ---
test991 로그인
--- Num_0 이 0이면 카테고리 선택해서 구매, 1이면 검색어로 검색해서 구매, 2이면 게시판에 글쓰기
회원 카테고리 선택해서 장바구니 구매 ---
--- 일반샵으로 165번 구매 데이터 쌓음 ---
test597 로그인
--- Num_0 이 0이면 카테고리 선택해서 구매, 1이면 검색어로 검색해서 구매, 2이면 게시판에 글쓰기
회원 카테고리 선택해서 일반 구매 ---
--- 일반샵으로 166번 구매 데이터 쌓음 ---
test329 로그인
--- Num_1 이 0이면 카테고리 선택해서 구매, 1이면 검색어로 검색해서 구매, 2이면 게시판에 글쓰기
검색어 : 나이키
2번째 상품 클릭
회원 상품명 검색해서 장바구니 구매 ---
--- 일반샵으로 167번 구매 데이터 쌓음 ---
test717 로그인
--- Num_1 이 0이면 카테고리 선택해서 구매, 1이면 검색어로 검색해서 구매, 2이면 게시판에 글쓰기
검색어 : 아디다스
7번째 상품 클릭
회원 상품명 검색해서 일반 구매 ---
--- 일반샵으로 168번 구매 데이터 쌓음 ---
test72 로그인
--- Num_1 이 0이면 카테고리 선택해서 구매, 1이면 검색어로 검색해서 구매, 2이면 게시판에 글쓰기
검색어 : 나이키
4번째 상품 클릭
회원 상품명 검색해서 장바구니 구매 ---
--- 일반샵으로 169번 구매 데이터 쌓음 ---
test24 로그인
--- Num_1 이 0이면 카테고리 선택해서 구매, 1이면 검색어로 검색해서 구매, 2이면 게시판에 글쓰기
검색어 : 나이키
5번째 상품 클릭
회원 상품명 검색해서 일반 구매 ---
--- 일반샵으로 170번 구매 데이터 쌓음 ---
test544 로그인
--- Num_0 이 0이면 카테고리 선택해서 구매, 1이면 검색어로 검색해서 구매, 2이면 게시판에 글쓰기
회원 카테고리 선택해서 장바구니 구매 ---
--- 일반샵으로 171번 구매 데이터 쌓음 ---
test24 로그인
--- Num_1 이 0이면 카테고리 선택해서 구매, 1이면 검색어로 검색해서 구매, 2이면 게시판에 글쓰기
검색어 : 나이키
1번째 상품 클릭
회원 상품명 검색해서 일반 구매 ---
--- 일반샵으로 172번 구매 데이터 쌓음 ---
test144 로그인
--- Num_0 이 0이면 카테고리 선택해서 구매, 1이면 검색어로 검색해서 구매, 2이면 게시판에 글쓰기
회원 카테고리 선택해서 장바구니 구매 ---
--- 일반샵으로 173번 구매 데이터 쌓음 ---
test342 로그인
--- Num_1 이 0이면 카테고리 선택해서 구매, 1이면 검색어로 검색해서 구매, 2이면 게시판에 글쓰기
검색어 : 나이키
4번째 상품 클릭
회원 상품명 검색해서 일반 구매 ---
--- 일반샵으로 174번 구매 데이터 쌓음 ---
test504 로그인
--- Num_0 이 0이면 카테고리 선택해서 구매, 1이면 검색어로 검색해서 구매, 2이면 게시판에 글쓰기
회원 카테고리 선택해서 장바구니 구매 ---
--- 일반샵으로 175번 구매 데이터 쌓음 ---
test90 로그인
--- Num_1 이 0이면 카테고리 선택해서 구매, 1이면 검색어로 검색해서 구매, 2이면 게시판에 글쓰기
검색어 : 아디다스
0번째 상품 클릭
회원 상품명 검색해서 일반 구매 ---
--- 일반샵으로 176번 구매 데이터 쌓음 ---
test494 로그인
--- Num_1 이 0이면 카테고리 선택해서 구매, 1이면 검색어로 검색해서 구매, 2이면 게시판에 글쓰기
검색어 : 나이키
2번째 상품 클릭
회원 상품명 검색해서 장바구니 구매 ---
--- 일반샵으로 177번 구매 데이터 쌓음 ---
test866 로그인
--- Num_0 이 0이면 카테고리 선택해서 구매, 1이면 검색어로 검색해서 구매, 2이면 게시판에 글쓰기
회원 카테고리 선택해서 일반 구매 ---
--- 일반샵으로 178번 구매 데이터 쌓음 ---
test696 로그인
--- Num_0 이 0이면 카테고리 선택해서 구매, 1이면 검색어로 검색해서 구매, 2이면 게시판에 글쓰기
회원 카테고리 선택해서 일반 구매 ---
--- 일반샵으로 179번 구매 데이터 쌓음 ---
test610 로그인
--- Num_0 이 0이면 카테고리 선택해서 구매, 1이면 검색어로 검색해서 구매, 2이면 게시판에 글쓰기
회원 카테고리 선택해서 장바구니 구매 ---
--- 일반샵으로 180번 구매 데이터 쌓음 ---
test890 로그인
--- Num_1 이 0이면 카테고리 선택해서 구매, 1이면 검색어로 검색해서 구매, 2이면 게시판에 글쓰기
검색어 : 나이키
7번째 상품 클릭
회원 상품명 검색해서 장바구니 구매 ---
--- 일반샵으로 181번 구매 데이터 쌓음 ---
test126 로그인
--- Num_1 이 0이면 카테고리 선택해서 구매, 1이면 검색어로 검색해서 구매, 2이면 게시판에 글쓰기
검색어 : 나이키
10번째 상품 클릭
회원 상품명 검색해서 일반 구매 ---
--- 일반샵으로 182번 구매 데이터 쌓음 ---
test956 로그인
--- Num_1 이 0이면 카테고리 선택해서 구매, 1이면 검색어로 검색해서 구매, 2이면 게시판에 글쓰기
검색어 : 아디다스
3번째 상품 클릭
회원 상품명 검색해서 장바구니 구매 ---
--- 일반샵으로 183번 구매 데이터 쌓음 ---
test184 로그인
--- Num_1 이 0이면 카테고리 선택해서 구매, 1이면 검색어로 검색해서 구매, 2이면 게시판에 글쓰기
검색어 : 나이키
6번째 상품 클릭
회원 상품명 검색해서 일반 구매 ---
--- 일반샵으로 184번 구매 데이터 쌓음 ---
test667 로그인
--- Num_1 이 0이면 카테고리 선택해서 구매, 1이면 검색어로 검색해서 구매, 2이면 게시판에 글쓰기
검색어 : 아디다스
0번째 상품 클릭
회원 상품명 검색해서 일반 구매 ---
--- 일반샵으로 185번 구매 데이터 쌓음 ---
test55 로그인
--- Num_1 이 0이면 카테고리 선택해서 구매, 1이면 검색어로 검색해서 구매, 2이면 게시판에 글쓰기
검색어 : 아디다스
7번째 상품 클릭
회원 상품명 검색해서 일반 구매 ---
--- 일반샵으로 186번 구매 데이터 쌓음 ---
test3 로그인
--- Num_0 이 0이면 카테고리 선택해서 구매, 1이면 검색어로 검색해서 구매, 2이면 게시판에 글쓰기
회원 카테고리 선택해서 장바구니 구매 ---
--- 일반샵으로 187번 구매 데이터 쌓음 ---
test563 로그인
--- Num_1 이 0이면 카테고리 선택해서 구매, 1이면 검색어로 검색해서 구매, 2이면 게시판에 글쓰기
검색어 : 나이키
9번째 상품 클릭
회원 상품명 검색해서 일반 구매 ---
--- 일반샵으로 188번 구매 데이터 쌓음 ---
test81 로그인
--- Num_0 이 0이면 카테고리 선택해서 구매, 1이면 검색어로 검색해서 구매, 2이면 게시판에 글쓰기
회원 카테고리 선택해서 장바구니 구매 ---
--- 일반샵으로 189번 구매 데이터 쌓음 ---
test636 로그인
--- Num_1 이 0이면 카테고리 선택해서 구매, 1이면 검색어로 검색해서 구매, 2이면 게시판에 글쓰기
검색어 : 나이키
6번째 상품 클릭
회원 상품명 검색해서 장바구니 구매 ---
--- 일반샵으로 190번 구매 데이터 쌓음 ---
test856 로그인
--- Num_0 이 0이면 카테고리 선택해서 구매, 1이면 검색어로 검색해서 구매, 2이면 게시판에 글쓰기
회원 카테고리 선택해서 장바구니 구매 ---
--- 일반샵으로 191번 구매 데이터 쌓음 ---
test497 로그인
--- Num_1 이 0이면 카테고리 선택해서 구매, 1이면 검색어로 검색해서 구매, 2이면 게시판에 글쓰기
검색어 : 아디다스
7번째 상품 클릭
회원 상품명 검색해서 장바구니 구매 ---
--- 일반샵으로 192번 구매 데이터 쌓음 ---
test405 로그인
--- Num_1 이 0이면 카테고리 선택해서 구매, 1이면 검색어로 검색해서 구매, 2이면 게시판에 글쓰기
검색어 : 나이키
9번째 상품 클릭
회원 상품명 검색해서 일반 구매 ---
--- 일반샵으로 193번 구매 데이터 쌓음 ---
test827 로그인
--- Num_1 이 0이면 카테고리 선택해서 구매, 1이면 검색어로 검색해서 구매, 2이면 게시판에 글쓰기
검색어 : 아디다스
8번째 상품 클릭
회원 상품명 검색해서 장바구니 구매 ---
--- 일반샵으로 194번 구매 데이터 쌓음 ---
test604 로그인
--- Num_1 이 0이면 카테고리 선택해서 구매, 1이면 검색어로 검색해서 구매, 2이면 게시판에 글쓰기
검색어 : 아디다스
8번째 상품 클릭
회원 상품명 검색해서 장바구니 구매 ---
--- 일반샵으로 195번 구매 데이터 쌓음 ---
test287 로그인
--- Num_1 이 0이면 카테고리 선택해서 구매, 1이면 검색어로 검색해서 구매, 2이면 게시판에 글쓰기
검색어 : 나이키
5번째 상품 클릭
회원 상품명 검색해서 일반 구매 ---
--- 일반샵으로 196번 구매 데이터 쌓음 ---
test374 로그인
--- Num_0 이 0이면 카테고리 선택해서 구매, 1이면 검색어로 검색해서 구매, 2이면 게시판에 글쓰기
회원 카테고리 선택해서 일반 구매 ---
--- 일반샵으로 197번 구매 데이터 쌓음 ---
test564 로그인
--- Num_1 이 0이면 카테고리 선택해서 구매, 1이면 검색어로 검색해서 구매, 2이면 게시판에 글쓰기
검색어 : 아디다스
2번째 상품 클릭
회원 상품명 검색해서 일반 구매 ---
--- 일반샵으로 198번 구매 데이터 쌓음 ---
test587 로그인
--- Num_0 이 0이면 카테고리 선택해서 구매, 1이면 검색어로 검색해서 구매, 2이면 게시판에 글쓰기
회원 카테고리 선택해서 장바구니 구매 ---
--- 일반샵으로 199번 구매 데이터 쌓음 ---
test393 로그인
--- Num_1 이 0이면 카테고리 선택해서 구매, 1이면 검색어로 검색해서 구매, 2이면 게시판에 글쓰기
검색어 : 나이키
3번째 상품 클릭
회원 상품명 검색해서 장바구니 구매 ---
--- 일반샵으로 200번 구매 데이터 쌓음 ---
test114 로그인
--- Num_1 이 0이면 카테고리 선택해서 구매, 1이면 검색어로 검색해서 구매, 2이면 게시판에 글쓰기
검색어 : 나이키
3번째 상품 클릭
회원 상품명 검색해서 일반 구매 ---
--- 일반샵으로 201번 구매 데이터 쌓음 ---
test768 로그인
--- Num_0 이 0이면 카테고리 선택해서 구매, 1이면 검색어로 검색해서 구매, 2이면 게시판에 글쓰기
회원 카테고리 선택해서 장바구니 구매 ---
--- 일반샵으로 202번 구매 데이터 쌓음 ---
test132 로그인
--- Num_1 이 0이면 카테고리 선택해서 구매, 1이면 검색어로 검색해서 구매, 2이면 게시판에 글쓰기
검색어 : 나이키
6번째 상품 클릭
회원 상품명 검색해서 일반 구매 ---
--- 일반샵으로 203번 구매 데이터 쌓음 ---
test202 로그인
--- Num_1 이 0이면 카테고리 선택해서 구매, 1이면 검색어로 검색해서 구매, 2이면 게시판에 글쓰기
검색어 : 아디다스
2번째 상품 클릭
회원 상품명 검색해서 장바구니 구매 ---
--- 일반샵으로 204번 구매 데이터 쌓음 ---
test753 로그인
--- Num_0 이 0이면 카테고리 선택해서 구매, 1이면 검색어로 검색해서 구매, 2이면 게시판에 글쓰기
회원 카테고리 선택해서 장바구니 구매 ---
--- 일반샵으로 205번 구매 데이터 쌓음 ---
test967 로그인
--- Num_0 이 0이면 카테고리 선택해서 구매, 1이면 검색어로 검색해서 구매, 2이면 게시판에 글쓰기
회원 카테고리 선택해서 장바구니 구매 ---
--- 일반샵으로 206번 구매 데이터 쌓음 ---
test234 로그인
--- Num_0 이 0이면 카테고리 선택해서 구매, 1이면 검색어로 검색해서 구매, 2이면 게시판에 글쓰기
회원 카테고리 선택해서 일반 구매 ---
--- 일반샵으로 207번 구매 데이터 쌓음 ---
test629 로그인
--- Num_1 이 0이면 카테고리 선택해서 구매, 1이면 검색어로 검색해서 구매, 2이면 게시판에 글쓰기
검색어 : 아디다스
9번째 상품 클릭
회원 상품명 검색해서 장바구니 구매 ---
--- 일반샵으로 208번 구매 데이터 쌓음 ---
test171 로그인
--- Num_0 이 0이면 카테고리 선택해서 구매, 1이면 검색어로 검색해서 구매, 2이면 게시판에 글쓰기
회원 카테고리 선택해서 일반 구매 ---
--- 일반샵으로 209번 구매 데이터 쌓음 ---
test586 로그인
--- Num_1 이 0이면 카테고리 선택해서 구매, 1이면 검색어로 검색해서 구매, 2이면 게시판에 글쓰기
검색어 : 아디다스
6번째 상품 클릭
회원 상품명 검색해서 장바구니 구매 ---
--- 일반샵으로 210번 구매 데이터 쌓음 ---
test223 로그인
--- Num_0 이 0이면 카테고리 선택해서 구매, 1이면 검색어로 검색해서 구매, 2이면 게시판에 글쓰기
회원 카테고리 선택해서 장바구니 구매 ---
--- 일반샵으로 211번 구매 데이터 쌓음 ---
test106 로그인
--- Num_0 이 0이면 카테고리 선택해서 구매, 1이면 검색어로 검색해서 구매, 2이면 게시판에 글쓰기
회원 카테고리 선택해서 장바구니 구매 ---
--- 일반샵으로 212번 구매 데이터 쌓음 ---
test779 로그인
--- Num_1 이 0이면 카테고리 선택해서 구매, 1이면 검색어로 검색해서 구매, 2이면 게시판에 글쓰기
검색어 : 아디다스
3번째 상품 클릭
회원 상품명 검색해서 일반 구매 ---
--- 일반샵으로 213번 구매 데이터 쌓음 ---
test555 로그인
--- Num_0 이 0이면 카테고리 선택해서 구매, 1이면 검색어로 검색해서 구매, 2이면 게시판에 글쓰기
회원 카테고리 선택해서 일반 구매 ---
--- 일반샵으로 214번 구매 데이터 쌓음 ---
test956 로그인
--- Num_1 이 0이면 카테고리 선택해서 구매, 1이면 검색어로 검색해서 구매, 2이면 게시판에 글쓰기
검색어 : 아디다스
0번째 상품 클릭
회원 상품명 검색해서 장바구니 구매 ---
--- 일반샵으로 215번 구매 데이터 쌓음 ---
test727 로그인
--- Num_0 이 0이면 카테고리 선택해서 구매, 1이면 검색어로 검색해서 구매, 2이면 게시판에 글쓰기
회원 카테고리 선택해서 장바구니 구매 ---
--- 일반샵으로 216번 구매 데이터 쌓음 ---
test102 로그인
--- Num_1 이 0이면 카테고리 선택해서 구매, 1이면 검색어로 검색해서 구매, 2이면 게시판에 글쓰기
검색어 : 아디다스
7번째 상품 클릭
회원 상품명 검색해서 장바구니 구매 ---
--- 일반샵으로 217번 구매 데이터 쌓음 ---
test137 로그인
--- Num_0 이 0이면 카테고리 선택해서 구매, 1이면 검색어로 검색해서 구매, 2이면 게시판에 글쓰기
회원 카테고리 선택해서 장바구니 구매 ---
--- 일반샵으로 218번 구매 데이터 쌓음 ---
test463 로그인
--- Num_1 이 0이면 카테고리 선택해서 구매, 1이면 검색어로 검색해서 구매, 2이면 게시판에 글쓰기
검색어 : 아디다스
10번째 상품 클릭
회원 상품명 검색해서 장바구니 구매 ---
--- 일반샵으로 219번 구매 데이터 쌓음 ---
test335 로그인
--- Num_0 이 0이면 카테고리 선택해서 구매, 1이면 검색어로 검색해서 구매, 2이면 게시판에 글쓰기
회원 카테고리 선택해서 장바구니 구매 ---
--- 일반샵으로 220번 구매 데이터 쌓음 ---
test129 로그인
--- Num_0 이 0이면 카테고리 선택해서 구매, 1이면 검색어로 검색해서 구매, 2이면 게시판에 글쓰기
회원 카테고리 선택해서 일반 구매 ---
--- 일반샵으로 221번 구매 데이터 쌓음 ---
test922 로그인
--- Num_0 이 0이면 카테고리 선택해서 구매, 1이면 검색어로 검색해서 구매, 2이면 게시판에 글쓰기
회원 카테고리 선택해서 장바구니 구매 ---
--- 일반샵으로 222번 구매 데이터 쌓음 ---
test548 로그인
--- Num_0 이 0이면 카테고리 선택해서 구매, 1이면 검색어로 검색해서 구매, 2이면 게시판에 글쓰기
회원 카테고리 선택해서 장바구니 구매 ---
--- 일반샵으로 223번 구매 데이터 쌓음 ---
test582 로그인
--- Num_1 이 0이면 카테고리 선택해서 구매, 1이면 검색어로 검색해서 구매, 2이면 게시판에 글쓰기
검색어 : 아디다스
4번째 상품 클릭
회원 상품명 검색해서 장바구니 구매 ---
--- 일반샵으로 224번 구매 데이터 쌓음 ---
test502 로그인
--- Num_0 이 0이면 카테고리 선택해서 구매, 1이면 검색어로 검색해서 구매, 2이면 게시판에 글쓰기
회원 카테고리 선택해서 일반 구매 ---
--- 일반샵으로 225번 구매 데이터 쌓음 ---
test330 로그인
--- Num_1 이 0이면 카테고리 선택해서 구매, 1이면 검색어로 검색해서 구매, 2이면 게시판에 글쓰기
검색어 : 아디다스
6번째 상품 클릭
회원 상품명 검색해서 장바구니 구매 ---
--- 일반샵으로 226번 구매 데이터 쌓음 ---
test103 로그인
--- Num_0 이 0이면 카테고리 선택해서 구매, 1이면 검색어로 검색해서 구매, 2이면 게시판에 글쓰기
회원 카테고리 선택해서 장바구니 구매 ---
--- 일반샵으로 227번 구매 데이터 쌓음 ---
test44 로그인
--- Num_1 이 0이면 카테고리 선택해서 구매, 1이면 검색어로 검색해서 구매, 2이면 게시판에 글쓰기
검색어 : 나이키
0번째 상품 클릭
회원 상품명 검색해서 장바구니 구매 ---
--- 일반샵으로 228번 구매 데이터 쌓음 ---
test457 로그인
--- Num_1 이 0이면 카테고리 선택해서 구매, 1이면 검색어로 검색해서 구매, 2이면 게시판에 글쓰기
검색어 : 나이키
9번째 상품 클릭
회원 상품명 검색해서 장바구니 구매 ---
--- 일반샵으로 229번 구매 데이터 쌓음 ---
test886 로그인
--- Num_0 이 0이면 카테고리 선택해서 구매, 1이면 검색어로 검색해서 구매, 2이면 게시판에 글쓰기
회원 카테고리 선택해서 일반 구매 ---
--- 일반샵으로 230번 구매 데이터 쌓음 ---
test342 로그인
--- Num_0 이 0이면 카테고리 선택해서 구매, 1이면 검색어로 검색해서 구매, 2이면 게시판에 글쓰기
회원 카테고리 선택해서 장바구니 구매 ---
--- 일반샵으로 231번 구매 데이터 쌓음 ---
test548 로그인
--- Num_1 이 0이면 카테고리 선택해서 구매, 1이면 검색어로 검색해서 구매, 2이면 게시판에 글쓰기
검색어 : 나이키
4번째 상품 클릭
회원 상품명 검색해서 일반 구매 ---
--- 일반샵으로 232번 구매 데이터 쌓음 ---
test957 로그인
--- Num_1 이 0이면 카테고리 선택해서 구매, 1이면 검색어로 검색해서 구매, 2이면 게시판에 글쓰기
검색어 : 나이키
9번째 상품 클릭
회원 상품명 검색해서 일반 구매 ---
--- 일반샵으로 233번 구매 데이터 쌓음 ---
test549 로그인
--- Num_1 이 0이면 카테고리 선택해서 구매, 1이면 검색어로 검색해서 구매, 2이면 게시판에 글쓰기
검색어 : 나이키
2번째 상품 클릭
회원 상품명 검색해서 일반 구매 ---
--- 일반샵으로 234번 구매 데이터 쌓음 ---
test426 로그인
--- Num_1 이 0이면 카테고리 선택해서 구매, 1이면 검색어로 검색해서 구매, 2이면 게시판에 글쓰기
검색어 : 아디다스
5번째 상품 클릭
회원 상품명 검색해서 장바구니 구매 ---
--- 일반샵으로 235번 구매 데이터 쌓음 ---
test414 로그인
--- Num_0 이 0이면 카테고리 선택해서 구매, 1이면 검색어로 검색해서 구매, 2이면 게시판에 글쓰기
회원 카테고리 선택해서 장바구니 구매 ---
--- 일반샵으로 236번 구매 데이터 쌓음 ---
test594 로그인
--- Num_0 이 0이면 카테고리 선택해서 구매, 1이면 검색어로 검색해서 구매, 2이면 게시판에 글쓰기
회원 카테고리 선택해서 일반 구매 ---
--- 일반샵으로 237번 구매 데이터 쌓음 ---
test553 로그인
--- Num_0 이 0이면 카테고리 선택해서 구매, 1이면 검색어로 검색해서 구매, 2이면 게시판에 글쓰기
회원 카테고리 선택해서 일반 구매 ---
--- 일반샵으로 238번 구매 데이터 쌓음 ---
test800 로그인
--- Num_0 이 0이면 카테고리 선택해서 구매, 1이면 검색어로 검색해서 구매, 2이면 게시판에 글쓰기
회원 카테고리 선택해서 일반 구매 ---
--- 일반샵으로 239번 구매 데이터 쌓음 ---
test420 로그인
--- Num_1 이 0이면 카테고리 선택해서 구매, 1이면 검색어로 검색해서 구매, 2이면 게시판에 글쓰기
검색어 : 나이키
2번째 상품 클릭
회원 상품명 검색해서 장바구니 구매 ---
--- 일반샵으로 240번 구매 데이터 쌓음 ---
test157 로그인
--- Num_1 이 0이면 카테고리 선택해서 구매, 1이면 검색어로 검색해서 구매, 2이면 게시판에 글쓰기
검색어 : 아디다스
3번째 상품 클릭
회원 상품명 검색해서 일반 구매 ---
--- 일반샵으로 241번 구매 데이터 쌓음 ---
test123 로그인
--- Num_1 이 0이면 카테고리 선택해서 구매, 1이면 검색어로 검색해서 구매, 2이면 게시판에 글쓰기
검색어 : 아디다스
8번째 상품 클릭
회원 상품명 검색해서 일반 구매 ---
--- 일반샵으로 242번 구매 데이터 쌓음 ---
test916 로그인
--- Num_0 이 0이면 카테고리 선택해서 구매, 1이면 검색어로 검색해서 구매, 2이면 게시판에 글쓰기
회원 카테고리 선택해서 장바구니 구매 ---
--- 일반샵으로 243번 구매 데이터 쌓음 ---
test187 로그인
--- Num_1 이 0이면 카테고리 선택해서 구매, 1이면 검색어로 검색해서 구매, 2이면 게시판에 글쓰기
검색어 : 나이키
5번째 상품 클릭
회원 상품명 검색해서 일반 구매 ---
--- 일반샵으로 244번 구매 데이터 쌓음 ---
test522 로그인
--- Num_0 이 0이면 카테고리 선택해서 구매, 1이면 검색어로 검색해서 구매, 2이면 게시판에 글쓰기
회원 카테고리 선택해서 일반 구매 ---
--- 일반샵으로 245번 구매 데이터 쌓음 ---
test843 로그인
--- Num_0 이 0이면 카테고리 선택해서 구매, 1이면 검색어로 검색해서 구매, 2이면 게시판에 글쓰기
회원 카테고리 선택해서 장바구니 구매 ---
--- 일반샵으로 246번 구매 데이터 쌓음 ---
test878 로그인
--- Num_0 이 0이면 카테고리 선택해서 구매, 1이면 검색어로 검색해서 구매, 2이면 게시판에 글쓰기
회원 카테고리 선택해서 장바구니 구매 ---
--- 일반샵으로 247번 구매 데이터 쌓음 ---
test339 로그인
--- Num_0 이 0이면 카테고리 선택해서 구매, 1이면 검색어로 검색해서 구매, 2이면 게시판에 글쓰기
회원 카테고리 선택해서 장바구니 구매 ---
--- 일반샵으로 248번 구매 데이터 쌓음 ---
test754 로그인
--- Num_0 이 0이면 카테고리 선택해서 구매, 1이면 검색어로 검색해서 구매, 2이면 게시판에 글쓰기
회원 카테고리 선택해서 장바구니 구매 ---
--- 일반샵으로 249번 구매 데이터 쌓음 ---
test316 로그인
--- Num_0 이 0이면 카테고리 선택해서 구매, 1이면 검색어로 검색해서 구매, 2이면 게시판에 글쓰기
회원 카테고리 선택해서 일반 구매 ---
--- 일반샵으로 250번 구매 데이터 쌓음 ---
test933 로그인
--- Num_1 이 0이면 카테고리 선택해서 구매, 1이면 검색어로 검색해서 구매, 2이면 게시판에 글쓰기
검색어 : 나이키
4번째 상품 클릭
회원 상품명 검색해서 장바구니 구매 ---
--- 일반샵으로 251번 구매 데이터 쌓음 ---
test139 로그인
--- Num_1 이 0이면 카테고리 선택해서 구매, 1이면 검색어로 검색해서 구매, 2이면 게시판에 글쓰기
검색어 : 아디다스
8번째 상품 클릭
회원 상품명 검색해서 장바구니 구매 ---
--- 일반샵으로 252번 구매 데이터 쌓음 ---
test172 로그인
--- Num_1 이 0이면 카테고리 선택해서 구매, 1이면 검색어로 검색해서 구매, 2이면 게시판에 글쓰기
검색어 : 아디다스
7번째 상품 클릭
회원 상품명 검색해서 장바구니 구매 ---
--- 일반샵으로 253번 구매 데이터 쌓음 ---
test601 로그인
--- Num_0 이 0이면 카테고리 선택해서 구매, 1이면 검색어로 검색해서 구매, 2이면 게시판에 글쓰기
회원 카테고리 선택해서 일반 구매 ---
--- 일반샵으로 254번 구매 데이터 쌓음 ---
test501 로그인
--- Num_1 이 0이면 카테고리 선택해서 구매, 1이면 검색어로 검색해서 구매, 2이면 게시판에 글쓰기
검색어 : 나이키
9번째 상품 클릭
회원 상품명 검색해서 일반 구매 ---
--- 일반샵으로 255번 구매 데이터 쌓음 ---
test1000 로그인
--- Num_1 이 0이면 카테고리 선택해서 구매, 1이면 검색어로 검색해서 구매, 2이면 게시판에 글쓰기
검색어 : 나이키
5번째 상품 클릭
회원 상품명 검색해서 일반 구매 ---
--- 일반샵으로 256번 구매 데이터 쌓음 ---
test645 로그인
--- Num_1 이 0이면 카테고리 선택해서 구매, 1이면 검색어로 검색해서 구매, 2이면 게시판에 글쓰기
검색어 : 나이키
8번째 상품 클릭
회원 상품명 검색해서 장바구니 구매 ---
--- 일반샵으로 257번 구매 데이터 쌓음 ---
test888 로그인
--- Num_0 이 0이면 카테고리 선택해서 구매, 1이면 검색어로 검색해서 구매, 2이면 게시판에 글쓰기
회원 카테고리 선택해서 일반 구매 ---
--- 일반샵으로 258번 구매 데이터 쌓음 ---
test466 로그인
--- Num_0 이 0이면 카테고리 선택해서 구매, 1이면 검색어로 검색해서 구매, 2이면 게시판에 글쓰기
회원 카테고리 선택해서 장바구니 구매 ---
--- 일반샵으로 259번 구매 데이터 쌓음 ---
test521 로그인
--- Num_1 이 0이면 카테고리 선택해서 구매, 1이면 검색어로 검색해서 구매, 2이면 게시판에 글쓰기
검색어 : 아디다스
8번째 상품 클릭
회원 상품명 검색해서 장바구니 구매 ---
--- 일반샵으로 260번 구매 데이터 쌓음 ---
test65 로그인
--- Num_0 이 0이면 카테고리 선택해서 구매, 1이면 검색어로 검색해서 구매, 2이면 게시판에 글쓰기
회원 카테고리 선택해서 일반 구매 ---
--- 일반샵으로 261번 구매 데이터 쌓음 ---
test529 로그인
--- Num_1 이 0이면 카테고리 선택해서 구매, 1이면 검색어로 검색해서 구매, 2이면 게시판에 글쓰기
검색어 : 아디다스
3번째 상품 클릭
회원 상품명 검색해서 장바구니 구매 ---
--- 일반샵으로 262번 구매 데이터 쌓음 ---
test594 로그인
--- Num_1 이 0이면 카테고리 선택해서 구매, 1이면 검색어로 검색해서 구매, 2이면 게시판에 글쓰기
검색어 : 아디다스
7번째 상품 클릭
회원 상품명 검색해서 장바구니 구매 ---
--- 일반샵으로 263번 구매 데이터 쌓음 ---
test191 로그인
--- Num_1 이 0이면 카테고리 선택해서 구매, 1이면 검색어로 검색해서 구매, 2이면 게시판에 글쓰기
검색어 : 나이키
6번째 상품 클릭
회원 상품명 검색해서 일반 구매 ---
--- 일반샵으로 264번 구매 데이터 쌓음 ---
test308 로그인
--- Num_0 이 0이면 카테고리 선택해서 구매, 1이면 검색어로 검색해서 구매, 2이면 게시판에 글쓰기
회원 카테고리 선택해서 장바구니 구매 ---
--- 일반샵으로 265번 구매 데이터 쌓음 ---
test499 로그인
--- Num_1 이 0이면 카테고리 선택해서 구매, 1이면 검색어로 검색해서 구매, 2이면 게시판에 글쓰기
검색어 : 아디다스
4번째 상품 클릭
회원 상품명 검색해서 장바구니 구매 ---
--- 일반샵으로 266번 구매 데이터 쌓음 ---
test438 로그인
--- Num_1 이 0이면 카테고리 선택해서 구매, 1이면 검색어로 검색해서 구매, 2이면 게시판에 글쓰기
검색어 : 아디다스
5번째 상품 클릭
회원 상품명 검색해서 일반 구매 ---
--- 일반샵으로 267번 구매 데이터 쌓음 ---
test580 로그인
--- Num_0 이 0이면 카테고리 선택해서 구매, 1이면 검색어로 검색해서 구매, 2이면 게시판에 글쓰기
회원 카테고리 선택해서 일반 구매 ---
--- 일반샵으로 268번 구매 데이터 쌓음 ---
test294 로그인
--- Num_0 이 0이면 카테고리 선택해서 구매, 1이면 검색어로 검색해서 구매, 2이면 게시판에 글쓰기
회원 카테고리 선택해서 장바구니 구매 ---
--- 일반샵으로 269번 구매 데이터 쌓음 ---
test657 로그인
--- Num_1 이 0이면 카테고리 선택해서 구매, 1이면 검색어로 검색해서 구매, 2이면 게시판에 글쓰기
검색어 : 아디다스
0번째 상품 클릭
회원 상품명 검색해서 일반 구매 ---
--- 일반샵으로 270번 구매 데이터 쌓음 ---
test22 로그인
--- Num_1 이 0이면 카테고리 선택해서 구매, 1이면 검색어로 검색해서 구매, 2이면 게시판에 글쓰기
검색어 : 나이키
8번째 상품 클릭
회원 상품명 검색해서 장바구니 구매 ---
--- 일반샵으로 271번 구매 데이터 쌓음 ---
test790 로그인
--- Num_0 이 0이면 카테고리 선택해서 구매, 1이면 검색어로 검색해서 구매, 2이면 게시판에 글쓰기
회원 카테고리 선택해서 장바구니 구매 ---
--- 일반샵으로 272번 구매 데이터 쌓음 ---
test882 로그인
--- Num_1 이 0이면 카테고리 선택해서 구매, 1이면 검색어로 검색해서 구매, 2이면 게시판에 글쓰기
검색어 : 아디다스
1번째 상품 클릭
회원 상품명 검색해서 일반 구매 ---
--- 일반샵으로 273번 구매 데이터 쌓음 ---
test675 로그인
--- Num_1 이 0이면 카테고리 선택해서 구매, 1이면 검색어로 검색해서 구매, 2이면 게시판에 글쓰기
검색어 : 나이키
8번째 상품 클릭
회원 상품명 검색해서 일반 구매 ---
--- 일반샵으로 274번 구매 데이터 쌓음 ---
test713 로그인
--- Num_1 이 0이면 카테고리 선택해서 구매, 1이면 검색어로 검색해서 구매, 2이면 게시판에 글쓰기
검색어 : 아디다스
7번째 상품 클릭
회원 상품명 검색해서 장바구니 구매 ---
--- 일반샵으로 275번 구매 데이터 쌓음 ---
test451 로그인
--- Num_1 이 0이면 카테고리 선택해서 구매, 1이면 검색어로 검색해서 구매, 2이면 게시판에 글쓰기
검색어 : 나이키
0번째 상품 클릭
회원 상품명 검색해서 일반 구매 ---
--- 일반샵으로 276번 구매 데이터 쌓음 ---
test794 로그인
--- Num_0 이 0이면 카테고리 선택해서 구매, 1이면 검색어로 검색해서 구매, 2이면 게시판에 글쓰기
회원 카테고리 선택해서 장바구니 구매 ---
--- 일반샵으로 277번 구매 데이터 쌓음 ---
test109 로그인
--- Num_1 이 0이면 카테고리 선택해서 구매, 1이면 검색어로 검색해서 구매, 2이면 게시판에 글쓰기
검색어 : 아디다스
4번째 상품 클릭
회원 상품명 검색해서 일반 구매 ---
--- 일반샵으로 278번 구매 데이터 쌓음 ---
test672 로그인
--- Num_0 이 0이면 카테고리 선택해서 구매, 1이면 검색어로 검색해서 구매, 2이면 게시판에 글쓰기
회원 카테고리 선택해서 장바구니 구매 ---
--- 일반샵으로 279번 구매 데이터 쌓음 ---
test238 로그인
--- Num_1 이 0이면 카테고리 선택해서 구매, 1이면 검색어로 검색해서 구매, 2이면 게시판에 글쓰기
검색어 : 아디다스
0번째 상품 클릭
회원 상품명 검색해서 장바구니 구매 ---
--- 일반샵으로 280번 구매 데이터 쌓음 ---
test70 로그인
--- Num_0 이 0이면 카테고리 선택해서 구매, 1이면 검색어로 검색해서 구매, 2이면 게시판에 글쓰기
회원 카테고리 선택해서 일반 구매 ---
--- 일반샵으로 281번 구매 데이터 쌓음 ---
test84 로그인
--- Num_0 이 0이면 카테고리 선택해서 구매, 1이면 검색어로 검색해서 구매, 2이면 게시판에 글쓰기
회원 카테고리 선택해서 일반 구매 ---
--- 일반샵으로 282번 구매 데이터 쌓음 ---
test909 로그인
--- Num_0 이 0이면 카테고리 선택해서 구매, 1이면 검색어로 검색해서 구매, 2이면 게시판에 글쓰기
회원 카테고리 선택해서 일반 구매 ---
--- 일반샵으로 283번 구매 데이터 쌓음 ---
test288 로그인
--- Num_0 이 0이면 카테고리 선택해서 구매, 1이면 검색어로 검색해서 구매, 2이면 게시판에 글쓰기
회원 카테고리 선택해서 일반 구매 ---
--- 일반샵으로 284번 구매 데이터 쌓음 ---
test552 로그인
--- Num_0 이 0이면 카테고리 선택해서 구매, 1이면 검색어로 검색해서 구매, 2이면 게시판에 글쓰기
회원 카테고리 선택해서 일반 구매 ---
--- 일반샵으로 285번 구매 데이터 쌓음 ---
test925 로그인
--- Num_0 이 0이면 카테고리 선택해서 구매, 1이면 검색어로 검색해서 구매, 2이면 게시판에 글쓰기
회원 카테고리 선택해서 장바구니 구매 ---
--- 일반샵으로 286번 구매 데이터 쌓음 ---
test431 로그인
--- Num_0 이 0이면 카테고리 선택해서 구매, 1이면 검색어로 검색해서 구매, 2이면 게시판에 글쓰기
회원 카테고리 선택해서 일반 구매 ---
--- 일반샵으로 287번 구매 데이터 쌓음 ---
test724 로그인
--- Num_1 이 0이면 카테고리 선택해서 구매, 1이면 검색어로 검색해서 구매, 2이면 게시판에 글쓰기
검색어 : 아디다스
3번째 상품 클릭
회원 상품명 검색해서 장바구니 구매 ---
--- 일반샵으로 288번 구매 데이터 쌓음 ---
test61 로그인
--- Num_0 이 0이면 카테고리 선택해서 구매, 1이면 검색어로 검색해서 구매, 2이면 게시판에 글쓰기
회원 카테고리 선택해서 일반 구매 ---
--- 일반샵으로 289번 구매 데이터 쌓음 ---
test292 로그인
--- Num_0 이 0이면 카테고리 선택해서 구매, 1이면 검색어로 검색해서 구매, 2이면 게시판에 글쓰기
회원 카테고리 선택해서 일반 구매 ---
--- 일반샵으로 290번 구매 데이터 쌓음 ---
test720 로그인
--- Num_0 이 0이면 카테고리 선택해서 구매, 1이면 검색어로 검색해서 구매, 2이면 게시판에 글쓰기
회원 카테고리 선택해서 일반 구매 ---
--- 일반샵으로 291번 구매 데이터 쌓음 ---
test671 로그인
--- Num_0 이 0이면 카테고리 선택해서 구매, 1이면 검색어로 검색해서 구매, 2이면 게시판에 글쓰기
회원 카테고리 선택해서 장바구니 구매 ---
--- 일반샵으로 292번 구매 데이터 쌓음 ---
test418 로그인
--- Num_1 이 0이면 카테고리 선택해서 구매, 1이면 검색어로 검색해서 구매, 2이면 게시판에 글쓰기
검색어 : 아디다스
3번째 상품 클릭
회원 상품명 검색해서 장바구니 구매 ---
--- 일반샵으로 293번 구매 데이터 쌓음 ---
test17 로그인
--- Num_1 이 0이면 카테고리 선택해서 구매, 1이면 검색어로 검색해서 구매, 2이면 게시판에 글쓰기
검색어 : 나이키
0번째 상품 클릭
회원 상품명 검색해서 일반 구매 ---
--- 일반샵으로 294번 구매 데이터 쌓음 ---
test120 로그인
--- Num_1 이 0이면 카테고리 선택해서 구매, 1이면 검색어로 검색해서 구매, 2이면 게시판에 글쓰기
검색어 : 나이키
4번째 상품 클릭
회원 상품명 검색해서 일반 구매 ---
--- 일반샵으로 295번 구매 데이터 쌓음 ---
test878 로그인
--- Num_1 이 0이면 카테고리 선택해서 구매, 1이면 검색어로 검색해서 구매, 2이면 게시판에 글쓰기
검색어 : 아디다스
5번째 상품 클릭
회원 상품명 검색해서 장바구니 구매 ---
--- 일반샵으로 296번 구매 데이터 쌓음 ---
test65 로그인
--- Num_0 이 0이면 카테고리 선택해서 구매, 1이면 검색어로 검색해서 구매, 2이면 게시판에 글쓰기
회원 카테고리 선택해서 장바구니 구매 ---
--- 일반샵으로 297번 구매 데이터 쌓음 ---
test551 로그인
--- Num_1 이 0이면 카테고리 선택해서 구매, 1이면 검색어로 검색해서 구매, 2이면 게시판에 글쓰기
검색어 : 아디다스
3번째 상품 클릭
회원 상품명 검색해서 일반 구매 ---
--- 일반샵으로 298번 구매 데이터 쌓음 ---
test617 로그인
--- Num_0 이 0이면 카테고리 선택해서 구매, 1이면 검색어로 검색해서 구매, 2이면 게시판에 글쓰기
회원 카테고리 선택해서 장바구니 구매 ---
--- 일반샵으로 299번 구매 데이터 쌓음 ---
test712 로그인
--- Num_0 이 0이면 카테고리 선택해서 구매, 1이면 검색어로 검색해서 구매, 2이면 게시판에 글쓰기
회원 카테고리 선택해서 일반 구매 ---
--- 일반샵으로 300번 구매 데이터 쌓음 ---
test184 로그인
--- Num_1 이 0이면 카테고리 선택해서 구매, 1이면 검색어로 검색해서 구매, 2이면 게시판에 글쓰기
검색어 : 나이키
4번째 상품 클릭
회원 상품명 검색해서 장바구니 구매 ---
--- 일반샵으로 301번 구매 데이터 쌓음 ---
test713 로그인
--- Num_0 이 0이면 카테고리 선택해서 구매, 1이면 검색어로 검색해서 구매, 2이면 게시판에 글쓰기
회원 카테고리 선택해서 일반 구매 ---
--- 일반샵으로 302번 구매 데이터 쌓음 ---
test262 로그인
--- Num_0 이 0이면 카테고리 선택해서 구매, 1이면 검색어로 검색해서 구매, 2이면 게시판에 글쓰기
회원 카테고리 선택해서 일반 구매 ---
--- 일반샵으로 303번 구매 데이터 쌓음 ---
test553 로그인
--- Num_0 이 0이면 카테고리 선택해서 구매, 1이면 검색어로 검색해서 구매, 2이면 게시판에 글쓰기
회원 카테고리 선택해서 일반 구매 ---
--- 일반샵으로 304번 구매 데이터 쌓음 ---
test771 로그인
--- Num_0 이 0이면 카테고리 선택해서 구매, 1이면 검색어로 검색해서 구매, 2이면 게시판에 글쓰기
회원 카테고리 선택해서 장바구니 구매 ---
--- 일반샵으로 305번 구매 데이터 쌓음 ---
test702 로그인
--- Num_0 이 0이면 카테고리 선택해서 구매, 1이면 검색어로 검색해서 구매, 2이면 게시판에 글쓰기
회원 카테고리 선택해서 일반 구매 ---
--- 일반샵으로 306번 구매 데이터 쌓음 ---
test752 로그인
--- Num_1 이 0이면 카테고리 선택해서 구매, 1이면 검색어로 검색해서 구매, 2이면 게시판에 글쓰기
검색어 : 나이키
1번째 상품 클릭
회원 상품명 검색해서 일반 구매 ---
--- 일반샵으로 307번 구매 데이터 쌓음 ---
test777 로그인
--- Num_0 이 0이면 카테고리 선택해서 구매, 1이면 검색어로 검색해서 구매, 2이면 게시판에 글쓰기
회원 카테고리 선택해서 장바구니 구매 ---
--- 일반샵으로 308번 구매 데이터 쌓음 ---
test632 로그인
--- Num_0 이 0이면 카테고리 선택해서 구매, 1이면 검색어로 검색해서 구매, 2이면 게시판에 글쓰기
회원 카테고리 선택해서 일반 구매 ---
--- 일반샵으로 309번 구매 데이터 쌓음 ---
test811 로그인
--- Num_1 이 0이면 카테고리 선택해서 구매, 1이면 검색어로 검색해서 구매, 2이면 게시판에 글쓰기
검색어 : 아디다스
8번째 상품 클릭
회원 상품명 검색해서 장바구니 구매 ---
--- 일반샵으로 310번 구매 데이터 쌓음 ---
test591 로그인
--- Num_0 이 0이면 카테고리 선택해서 구매, 1이면 검색어로 검색해서 구매, 2이면 게시판에 글쓰기
회원 카테고리 선택해서 장바구니 구매 ---
--- 일반샵으로 311번 구매 데이터 쌓음 ---
test53 로그인
--- Num_1 이 0이면 카테고리 선택해서 구매, 1이면 검색어로 검색해서 구매, 2이면 게시판에 글쓰기
검색어 : 아디다스
8번째 상품 클릭
회원 상품명 검색해서 일반 구매 ---
--- 일반샵으로 312번 구매 데이터 쌓음 ---
test242 로그인
--- Num_0 이 0이면 카테고리 선택해서 구매, 1이면 검색어로 검색해서 구매, 2이면 게시판에 글쓰기
회원 카테고리 선택해서 일반 구매 ---
--- 일반샵으로 313번 구매 데이터 쌓음 ---
test904 로그인
--- Num_0 이 0이면 카테고리 선택해서 구매, 1이면 검색어로 검색해서 구매, 2이면 게시판에 글쓰기
회원 카테고리 선택해서 장바구니 구매 ---
--- 일반샵으로 314번 구매 데이터 쌓음 ---
test765 로그인
--- Num_0 이 0이면 카테고리 선택해서 구매, 1이면 검색어로 검색해서 구매, 2이면 게시판에 글쓰기
회원 카테고리 선택해서 장바구니 구매 ---
--- 일반샵으로 315번 구매 데이터 쌓음 ---
test41 로그인
--- Num_0 이 0이면 카테고리 선택해서 구매, 1이면 검색어로 검색해서 구매, 2이면 게시판에 글쓰기
회원 카테고리 선택해서 일반 구매 ---
--- 일반샵으로 316번 구매 데이터 쌓음 ---
test251 로그인
--- Num_0 이 0이면 카테고리 선택해서 구매, 1이면 검색어로 검색해서 구매, 2이면 게시판에 글쓰기
회원 카테고리 선택해서 일반 구매 ---
--- 일반샵으로 317번 구매 데이터 쌓음 ---
test369 로그인
--- Num_0 이 0이면 카테고리 선택해서 구매, 1이면 검색어로 검색해서 구매, 2이면 게시판에 글쓰기
회원 카테고리 선택해서 장바구니 구매 ---
--- 일반샵으로 318번 구매 데이터 쌓음 ---
test592 로그인
--- Num_0 이 0이면 카테고리 선택해서 구매, 1이면 검색어로 검색해서 구매, 2이면 게시판에 글쓰기
회원 카테고리 선택해서 일반 구매 ---
--- 일반샵으로 319번 구매 데이터 쌓음 ---
test7 로그인
--- Num_1 이 0이면 카테고리 선택해서 구매, 1이면 검색어로 검색해서 구매, 2이면 게시판에 글쓰기
검색어 : 아디다스
8번째 상품 클릭
회원 상품명 검색해서 일반 구매 ---
--- 일반샵으로 320번 구매 데이터 쌓음 ---
test910 로그인
--- Num_0 이 0이면 카테고리 선택해서 구매, 1이면 검색어로 검색해서 구매, 2이면 게시판에 글쓰기
회원 카테고리 선택해서 일반 구매 ---
--- 일반샵으로 321번 구매 데이터 쌓음 ---
test631 로그인
--- Num_1 이 0이면 카테고리 선택해서 구매, 1이면 검색어로 검색해서 구매, 2이면 게시판에 글쓰기
검색어 : 나이키
0번째 상품 클릭
회원 상품명 검색해서 장바구니 구매 ---
--- 일반샵으로 322번 구매 데이터 쌓음 ---
test449 로그인
--- Num_0 이 0이면 카테고리 선택해서 구매, 1이면 검색어로 검색해서 구매, 2이면 게시판에 글쓰기
회원 카테고리 선택해서 장바구니 구매 ---
--- 일반샵으로 323번 구매 데이터 쌓음 ---
test522 로그인
--- Num_1 이 0이면 카테고리 선택해서 구매, 1이면 검색어로 검색해서 구매, 2이면 게시판에 글쓰기
검색어 : 나이키
2번째 상품 클릭
회원 상품명 검색해서 일반 구매 ---
--- 일반샵으로 324번 구매 데이터 쌓음 ---
test285 로그인
--- Num_0 이 0이면 카테고리 선택해서 구매, 1이면 검색어로 검색해서 구매, 2이면 게시판에 글쓰기
회원 카테고리 선택해서 장바구니 구매 ---
--- 일반샵으로 325번 구매 데이터 쌓음 ---
test254 로그인
--- Num_1 이 0이면 카테고리 선택해서 구매, 1이면 검색어로 검색해서 구매, 2이면 게시판에 글쓰기
검색어 : 아디다스
10번째 상품 클릭
회원 상품명 검색해서 장바구니 구매 ---
--- 일반샵으로 326번 구매 데이터 쌓음 ---
test651 로그인
--- Num_1 이 0이면 카테고리 선택해서 구매, 1이면 검색어로 검색해서 구매, 2이면 게시판에 글쓰기
검색어 : 아디다스
1번째 상품 클릭
회원 상품명 검색해서 일반 구매 ---
--- 일반샵으로 327번 구매 데이터 쌓음 ---
test574 로그인
--- Num_0 이 0이면 카테고리 선택해서 구매, 1이면 검색어로 검색해서 구매, 2이면 게시판에 글쓰기
회원 카테고리 선택해서 장바구니 구매 ---
--- 일반샵으로 328번 구매 데이터 쌓음 ---
test483 로그인
--- Num_0 이 0이면 카테고리 선택해서 구매, 1이면 검색어로 검색해서 구매, 2이면 게시판에 글쓰기
회원 카테고리 선택해서 장바구니 구매 ---
--- 일반샵으로 329번 구매 데이터 쌓음 ---
test716 로그인
--- Num_0 이 0이면 카테고리 선택해서 구매, 1이면 검색어로 검색해서 구매, 2이면 게시판에 글쓰기
회원 카테고리 선택해서 일반 구매 ---
--- 일반샵으로 330번 구매 데이터 쌓음 ---
test466 로그인
--- Num_0 이 0이면 카테고리 선택해서 구매, 1이면 검색어로 검색해서 구매, 2이면 게시판에 글쓰기
회원 카테고리 선택해서 일반 구매 ---
--- 일반샵으로 331번 구매 데이터 쌓음 ---
test328 로그인
--- Num_0 이 0이면 카테고리 선택해서 구매, 1이면 검색어로 검색해서 구매, 2이면 게시판에 글쓰기
회원 카테고리 선택해서 장바구니 구매 ---
--- 일반샵으로 332번 구매 데이터 쌓음 ---
test429 로그인
--- Num_0 이 0이면 카테고리 선택해서 구매, 1이면 검색어로 검색해서 구매, 2이면 게시판에 글쓰기
회원 카테고리 선택해서 장바구니 구매 ---
--- 일반샵으로 333번 구매 데이터 쌓음 ---
test385 로그인
--- Num_1 이 0이면 카테고리 선택해서 구매, 1이면 검색어로 검색해서 구매, 2이면 게시판에 글쓰기
검색어 : 아디다스
8번째 상품 클릭
회원 상품명 검색해서 일반 구매 ---
--- 일반샵으로 334번 구매 데이터 쌓음 ---
test47 로그인
--- Num_0 이 0이면 카테고리 선택해서 구매, 1이면 검색어로 검색해서 구매, 2이면 게시판에 글쓰기
회원 카테고리 선택해서 일반 구매 ---
--- 일반샵으로 335번 구매 데이터 쌓음 ---
test642 로그인
--- Num_1 이 0이면 카테고리 선택해서 구매, 1이면 검색어로 검색해서 구매, 2이면 게시판에 글쓰기
검색어 : 나이키
2번째 상품 클릭
회원 상품명 검색해서 장바구니 구매 ---
--- 일반샵으로 336번 구매 데이터 쌓음 ---
test409 로그인
--- Num_1 이 0이면 카테고리 선택해서 구매, 1이면 검색어로 검색해서 구매, 2이면 게시판에 글쓰기
검색어 : 나이키
5번째 상품 클릭
회원 상품명 검색해서 일반 구매 ---
--- 일반샵으로 337번 구매 데이터 쌓음 ---
test838 로그인
--- Num_0 이 0이면 카테고리 선택해서 구매, 1이면 검색어로 검색해서 구매, 2이면 게시판에 글쓰기
회원 카테고리 선택해서 장바구니 구매 ---
--- 일반샵으로 338번 구매 데이터 쌓음 ---
test672 로그인
--- Num_1 이 0이면 카테고리 선택해서 구매, 1이면 검색어로 검색해서 구매, 2이면 게시판에 글쓰기
검색어 : 나이키
0번째 상품 클릭
회원 상품명 검색해서 일반 구매 ---
--- 일반샵으로 339번 구매 데이터 쌓음 ---
test271 로그인
--- Num_1 이 0이면 카테고리 선택해서 구매, 1이면 검색어로 검색해서 구매, 2이면 게시판에 글쓰기
검색어 : 나이키
6번째 상품 클릭
회원 상품명 검색해서 일반 구매 ---
--- 일반샵으로 340번 구매 데이터 쌓음 ---
test11 로그인
--- Num_0 이 0이면 카테고리 선택해서 구매, 1이면 검색어로 검색해서 구매, 2이면 게시판에 글쓰기
회원 카테고리 선택해서 장바구니 구매 ---
--- 일반샵으로 341번 구매 데이터 쌓음 ---
test345 로그인
--- Num_0 이 0이면 카테고리 선택해서 구매, 1이면 검색어로 검색해서 구매, 2이면 게시판에 글쓰기
회원 카테고리 선택해서 장바구니 구매 ---
--- 일반샵으로 342번 구매 데이터 쌓음 ---
test80 로그인
--- Num_1 이 0이면 카테고리 선택해서 구매, 1이면 검색어로 검색해서 구매, 2이면 게시판에 글쓰기
검색어 : 아디다스
3번째 상품 클릭
회원 상품명 검색해서 장바구니 구매 ---
--- 일반샵으로 343번 구매 데이터 쌓음 ---
test85 로그인
--- Num_1 이 0이면 카테고리 선택해서 구매, 1이면 검색어로 검색해서 구매, 2이면 게시판에 글쓰기
검색어 : 나이키
3번째 상품 클릭
회원 상품명 검색해서 일반 구매 ---
--- 일반샵으로 344번 구매 데이터 쌓음 ---
test959 로그인
--- Num_1 이 0이면 카테고리 선택해서 구매, 1이면 검색어로 검색해서 구매, 2이면 게시판에 글쓰기
검색어 : 나이키
1번째 상품 클릭
회원 상품명 검색해서 장바구니 구매 ---
--- 일반샵으로 345번 구매 데이터 쌓음 ---
test863 로그인
--- Num_0 이 0이면 카테고리 선택해서 구매, 1이면 검색어로 검색해서 구매, 2이면 게시판에 글쓰기
회원 카테고리 선택해서 일반 구매 ---
--- 일반샵으로 346번 구매 데이터 쌓음 ---
test146 로그인
--- Num_0 이 0이면 카테고리 선택해서 구매, 1이면 검색어로 검색해서 구매, 2이면 게시판에 글쓰기
회원 카테고리 선택해서 일반 구매 ---
--- 일반샵으로 347번 구매 데이터 쌓음 ---
test539 로그인
--- Num_1 이 0이면 카테고리 선택해서 구매, 1이면 검색어로 검색해서 구매, 2이면 게시판에 글쓰기
검색어 : 나이키
8번째 상품 클릭
회원 상품명 검색해서 장바구니 구매 ---
--- 일반샵으로 348번 구매 데이터 쌓음 ---
test643 로그인
--- Num_1 이 0이면 카테고리 선택해서 구매, 1이면 검색어로 검색해서 구매, 2이면 게시판에 글쓰기
검색어 : 아디다스
10번째 상품 클릭
회원 상품명 검색해서 일반 구매 ---
--- 일반샵으로 349번 구매 데이터 쌓음 ---
test840 로그인
--- Num_1 이 0이면 카테고리 선택해서 구매, 1이면 검색어로 검색해서 구매, 2이면 게시판에 글쓰기
검색어 : 나이키
0번째 상품 클릭
회원 상품명 검색해서 일반 구매 ---
--- 일반샵으로 350번 구매 데이터 쌓음 ---
test477 로그인
--- Num_0 이 0이면 카테고리 선택해서 구매, 1이면 검색어로 검색해서 구매, 2이면 게시판에 글쓰기
회원 카테고리 선택해서 장바구니 구매 ---
--- 일반샵으로 351번 구매 데이터 쌓음 ---
test498 로그인
--- Num_0 이 0이면 카테고리 선택해서 구매, 1이면 검색어로 검색해서 구매, 2이면 게시판에 글쓰기
회원 카테고리 선택해서 장바구니 구매 ---
--- 일반샵으로 352번 구매 데이터 쌓음 ---
test240 로그인
--- Num_1 이 0이면 카테고리 선택해서 구매, 1이면 검색어로 검색해서 구매, 2이면 게시판에 글쓰기
검색어 : 나이키
1번째 상품 클릭
회원 상품명 검색해서 일반 구매 ---
--- 일반샵으로 353번 구매 데이터 쌓음 ---
test125 로그인
--- Num_0 이 0이면 카테고리 선택해서 구매, 1이면 검색어로 검색해서 구매, 2이면 게시판에 글쓰기
회원 카테고리 선택해서 일반 구매 ---
--- 일반샵으로 354번 구매 데이터 쌓음 ---
test561 로그인
--- Num_1 이 0이면 카테고리 선택해서 구매, 1이면 검색어로 검색해서 구매, 2이면 게시판에 글쓰기
검색어 : 나이키
9번째 상품 클릭
회원 상품명 검색해서 일반 구매 ---
--- 일반샵으로 355번 구매 데이터 쌓음 ---
test885 로그인
--- Num_0 이 0이면 카테고리 선택해서 구매, 1이면 검색어로 검색해서 구매, 2이면 게시판에 글쓰기
회원 카테고리 선택해서 장바구니 구매 ---
--- 일반샵으로 356번 구매 데이터 쌓음 ---
test863 로그인
--- Num_1 이 0이면 카테고리 선택해서 구매, 1이면 검색어로 검색해서 구매, 2이면 게시판에 글쓰기
검색어 : 아디다스
1번째 상품 클릭
회원 상품명 검색해서 일반 구매 ---
--- 일반샵으로 357번 구매 데이터 쌓음 ---
test568 로그인
--- Num_1 이 0이면 카테고리 선택해서 구매, 1이면 검색어로 검색해서 구매, 2이면 게시판에 글쓰기
검색어 : 아디다스
7번째 상품 클릭
회원 상품명 검색해서 일반 구매 ---
--- 일반샵으로 358번 구매 데이터 쌓음 ---
test496 로그인
--- Num_1 이 0이면 카테고리 선택해서 구매, 1이면 검색어로 검색해서 구매, 2이면 게시판에 글쓰기
검색어 : 나이키
9번째 상품 클릭
회원 상품명 검색해서 일반 구매 ---
--- 일반샵으로 359번 구매 데이터 쌓음 ---
test767 로그인
--- Num_1 이 0이면 카테고리 선택해서 구매, 1이면 검색어로 검색해서 구매, 2이면 게시판에 글쓰기
검색어 : 아디다스
10번째 상품 클릭
회원 상품명 검색해서 장바구니 구매 ---
--- 일반샵으로 360번 구매 데이터 쌓음 ---
test734 로그인
--- Num_1 이 0이면 카테고리 선택해서 구매, 1이면 검색어로 검색해서 구매, 2이면 게시판에 글쓰기
검색어 : 나이키
4번째 상품 클릭
회원 상품명 검색해서 일반 구매 ---
--- 일반샵으로 361번 구매 데이터 쌓음 ---
test302 로그인
--- Num_0 이 0이면 카테고리 선택해서 구매, 1이면 검색어로 검색해서 구매, 2이면 게시판에 글쓰기
회원 카테고리 선택해서 장바구니 구매 ---
--- 일반샵으로 362번 구매 데이터 쌓음 ---
test395 로그인
--- Num_0 이 0이면 카테고리 선택해서 구매, 1이면 검색어로 검색해서 구매, 2이면 게시판에 글쓰기
회원 카테고리 선택해서 장바구니 구매 ---
--- 일반샵으로 363번 구매 데이터 쌓음 ---
test105 로그인
--- Num_0 이 0이면 카테고리 선택해서 구매, 1이면 검색어로 검색해서 구매, 2이면 게시판에 글쓰기
회원 카테고리 선택해서 일반 구매 ---
--- 일반샵으로 364번 구매 데이터 쌓음 ---
test538 로그인
--- Num_1 이 0이면 카테고리 선택해서 구매, 1이면 검색어로 검색해서 구매, 2이면 게시판에 글쓰기
검색어 : 나이키
6번째 상품 클릭
회원 상품명 검색해서 장바구니 구매 ---
--- 일반샵으로 365번 구매 데이터 쌓음 ---
test877 로그인
--- Num_0 이 0이면 카테고리 선택해서 구매, 1이면 검색어로 검색해서 구매, 2이면 게시판에 글쓰기
회원 카테고리 선택해서 장바구니 구매 ---
--- 일반샵으로 366번 구매 데이터 쌓음 ---
test448 로그인
--- Num_1 이 0이면 카테고리 선택해서 구매, 1이면 검색어로 검색해서 구매, 2이면 게시판에 글쓰기
검색어 : 나이키
10번째 상품 클릭
회원 상품명 검색해서 일반 구매 ---
--- 일반샵으로 367번 구매 데이터 쌓음 ---
test99 로그인
--- Num_1 이 0이면 카테고리 선택해서 구매, 1이면 검색어로 검색해서 구매, 2이면 게시판에 글쓰기
검색어 : 아디다스
6번째 상품 클릭
회원 상품명 검색해서 일반 구매 ---
--- 일반샵으로 368번 구매 데이터 쌓음 ---
test483 로그인
--- Num_1 이 0이면 카테고리 선택해서 구매, 1이면 검색어로 검색해서 구매, 2이면 게시판에 글쓰기
검색어 : 나이키
9번째 상품 클릭
회원 상품명 검색해서 장바구니 구매 ---
--- 일반샵으로 369번 구매 데이터 쌓음 ---
test721 로그인
--- Num_1 이 0이면 카테고리 선택해서 구매, 1이면 검색어로 검색해서 구매, 2이면 게시판에 글쓰기
검색어 : 아디다스
8번째 상품 클릭
회원 상품명 검색해서 장바구니 구매 ---
--- 일반샵으로 370번 구매 데이터 쌓음 ---
test639 로그인
--- Num_1 이 0이면 카테고리 선택해서 구매, 1이면 검색어로 검색해서 구매, 2이면 게시판에 글쓰기
검색어 : 아디다스
6번째 상품 클릭
회원 상품명 검색해서 일반 구매 ---
--- 일반샵으로 371번 구매 데이터 쌓음 ---
test266 로그인
--- Num_0 이 0이면 카테고리 선택해서 구매, 1이면 검색어로 검색해서 구매, 2이면 게시판에 글쓰기
회원 카테고리 선택해서 일반 구매 ---
--- 일반샵으로 372번 구매 데이터 쌓음 ---
test466 로그인
--- Num_1 이 0이면 카테고리 선택해서 구매, 1이면 검색어로 검색해서 구매, 2이면 게시판에 글쓰기
검색어 : 나이키
3번째 상품 클릭
회원 상품명 검색해서 일반 구매 ---
--- 일반샵으로 373번 구매 데이터 쌓음 ---
test798 로그인
--- Num_1 이 0이면 카테고리 선택해서 구매, 1이면 검색어로 검색해서 구매, 2이면 게시판에 글쓰기
검색어 : 나이키
5번째 상품 클릭
회원 상품명 검색해서 장바구니 구매 ---
--- 일반샵으로 374번 구매 데이터 쌓음 ---
test917 로그인
--- Num_1 이 0이면 카테고리 선택해서 구매, 1이면 검색어로 검색해서 구매, 2이면 게시판에 글쓰기
검색어 : 아디다스
10번째 상품 클릭
회원 상품명 검색해서 장바구니 구매 ---
--- 일반샵으로 375번 구매 데이터 쌓음 ---
test530 로그인
--- Num_0 이 0이면 카테고리 선택해서 구매, 1이면 검색어로 검색해서 구매, 2이면 게시판에 글쓰기
회원 카테고리 선택해서 일반 구매 ---
--- 일반샵으로 376번 구매 데이터 쌓음 ---
test977 로그인
--- Num_1 이 0이면 카테고리 선택해서 구매, 1이면 검색어로 검색해서 구매, 2이면 게시판에 글쓰기
검색어 : 아디다스
9번째 상품 클릭
회원 상품명 검색해서 일반 구매 ---
--- 일반샵으로 377번 구매 데이터 쌓음 ---
test584 로그인
--- Num_1 이 0이면 카테고리 선택해서 구매, 1이면 검색어로 검색해서 구매, 2이면 게시판에 글쓰기
검색어 : 나이키
10번째 상품 클릭
회원 상품명 검색해서 일반 구매 ---
--- 일반샵으로 378번 구매 데이터 쌓음 ---
test577 로그인
--- Num_0 이 0이면 카테고리 선택해서 구매, 1이면 검색어로 검색해서 구매, 2이면 게시판에 글쓰기
회원 카테고리 선택해서 일반 구매 ---
--- 일반샵으로 379번 구매 데이터 쌓음 ---
test366 로그인
--- Num_1 이 0이면 카테고리 선택해서 구매, 1이면 검색어로 검색해서 구매, 2이면 게시판에 글쓰기
검색어 : 아디다스
10번째 상품 클릭
회원 상품명 검색해서 일반 구매 ---
--- 일반샵으로 380번 구매 데이터 쌓음 ---
test841 로그인
--- Num_1 이 0이면 카테고리 선택해서 구매, 1이면 검색어로 검색해서 구매, 2이면 게시판에 글쓰기
검색어 : 나이키
1번째 상품 클릭
회원 상품명 검색해서 일반 구매 ---
--- 일반샵으로 381번 구매 데이터 쌓음 ---
test949 로그인
--- Num_1 이 0이면 카테고리 선택해서 구매, 1이면 검색어로 검색해서 구매, 2이면 게시판에 글쓰기
검색어 : 아디다스
6번째 상품 클릭
회원 상품명 검색해서 일반 구매 ---
--- 일반샵으로 382번 구매 데이터 쌓음 ---
test984 로그인
--- Num_0 이 0이면 카테고리 선택해서 구매, 1이면 검색어로 검색해서 구매, 2이면 게시판에 글쓰기
회원 카테고리 선택해서 일반 구매 ---
--- 일반샵으로 383번 구매 데이터 쌓음 ---
test573 로그인
--- Num_0 이 0이면 카테고리 선택해서 구매, 1이면 검색어로 검색해서 구매, 2이면 게시판에 글쓰기
회원 카테고리 선택해서 장바구니 구매 ---
--- 일반샵으로 384번 구매 데이터 쌓음 ---
test674 로그인
--- Num_1 이 0이면 카테고리 선택해서 구매, 1이면 검색어로 검색해서 구매, 2이면 게시판에 글쓰기
검색어 : 나이키
7번째 상품 클릭
회원 상품명 검색해서 일반 구매 ---
--- 일반샵으로 385번 구매 데이터 쌓음 ---
test29 로그인
--- Num_1 이 0이면 카테고리 선택해서 구매, 1이면 검색어로 검색해서 구매, 2이면 게시판에 글쓰기
검색어 : 나이키
6번째 상품 클릭
회원 상품명 검색해서 일반 구매 ---
--- 일반샵으로 386번 구매 데이터 쌓음 ---
test697 로그인
--- Num_1 이 0이면 카테고리 선택해서 구매, 1이면 검색어로 검색해서 구매, 2이면 게시판에 글쓰기
검색어 : 나이키
2번째 상품 클릭
회원 상품명 검색해서 일반 구매 ---
--- 일반샵으로 387번 구매 데이터 쌓음 ---
test23 로그인
--- Num_1 이 0이면 카테고리 선택해서 구매, 1이면 검색어로 검색해서 구매, 2이면 게시판에 글쓰기
검색어 : 아디다스
6번째 상품 클릭
회원 상품명 검색해서 장바구니 구매 ---
--- 일반샵으로 388번 구매 데이터 쌓음 ---
test740 로그인
--- Num_0 이 0이면 카테고리 선택해서 구매, 1이면 검색어로 검색해서 구매, 2이면 게시판에 글쓰기
회원 카테고리 선택해서 일반 구매 ---
--- 일반샵으로 389번 구매 데이터 쌓음 ---
test810 로그인
--- Num_1 이 0이면 카테고리 선택해서 구매, 1이면 검색어로 검색해서 구매, 2이면 게시판에 글쓰기
검색어 : 아디다스
3번째 상품 클릭
회원 상품명 검색해서 장바구니 구매 ---
--- 일반샵으로 390번 구매 데이터 쌓음 ---
test935 로그인
--- Num_1 이 0이면 카테고리 선택해서 구매, 1이면 검색어로 검색해서 구매, 2이면 게시판에 글쓰기
검색어 : 아디다스
4번째 상품 클릭
회원 상품명 검색해서 일반 구매 ---
--- 일반샵으로 391번 구매 데이터 쌓음 ---
test686 로그인
--- Num_1 이 0이면 카테고리 선택해서 구매, 1이면 검색어로 검색해서 구매, 2이면 게시판에 글쓰기
검색어 : 나이키
2번째 상품 클릭
회원 상품명 검색해서 일반 구매 ---
--- 일반샵으로 392번 구매 데이터 쌓음 ---
test336 로그인
--- Num_0 이 0이면 카테고리 선택해서 구매, 1이면 검색어로 검색해서 구매, 2이면 게시판에 글쓰기
회원 카테고리 선택해서 장바구니 구매 ---
--- 일반샵으로 393번 구매 데이터 쌓음 ---
test388 로그인
--- Num_0 이 0이면 카테고리 선택해서 구매, 1이면 검색어로 검색해서 구매, 2이면 게시판에 글쓰기
회원 카테고리 선택해서 일반 구매 ---
--- 일반샵으로 394번 구매 데이터 쌓음 ---
test113 로그인
--- Num_1 이 0이면 카테고리 선택해서 구매, 1이면 검색어로 검색해서 구매, 2이면 게시판에 글쓰기
검색어 : 아디다스
1번째 상품 클릭
회원 상품명 검색해서 장바구니 구매 ---
--- 일반샵으로 395번 구매 데이터 쌓음 ---
test658 로그인
--- Num_0 이 0이면 카테고리 선택해서 구매, 1이면 검색어로 검색해서 구매, 2이면 게시판에 글쓰기
회원 카테고리 선택해서 일반 구매 ---
--- 일반샵으로 396번 구매 데이터 쌓음 ---
test435 로그인
--- Num_1 이 0이면 카테고리 선택해서 구매, 1이면 검색어로 검색해서 구매, 2이면 게시판에 글쓰기
검색어 : 나이키
6번째 상품 클릭
회원 상품명 검색해서 일반 구매 ---
--- 일반샵으로 397번 구매 데이터 쌓음 ---
test969 로그인
--- Num_0 이 0이면 카테고리 선택해서 구매, 1이면 검색어로 검색해서 구매, 2이면 게시판에 글쓰기
회원 카테고리 선택해서 일반 구매 ---
--- 일반샵으로 398번 구매 데이터 쌓음 ---
test676 로그인
--- Num_0 이 0이면 카테고리 선택해서 구매, 1이면 검색어로 검색해서 구매, 2이면 게시판에 글쓰기
회원 카테고리 선택해서 장바구니 구매 ---
--- 일반샵으로 399번 구매 데이터 쌓음 ---
test205 로그인
--- Num_1 이 0이면 카테고리 선택해서 구매, 1이면 검색어로 검색해서 구매, 2이면 게시판에 글쓰기
검색어 : 아디다스
7번째 상품 클릭
회원 상품명 검색해서 장바구니 구매 ---
--- 일반샵으로 400번 구매 데이터 쌓음 ---
test552 로그인
--- Num_0 이 0이면 카테고리 선택해서 구매, 1이면 검색어로 검색해서 구매, 2이면 게시판에 글쓰기
회원 카테고리 선택해서 장바구니 구매 ---
--- 일반샵으로 401번 구매 데이터 쌓음 ---
test558 로그인
--- Num_0 이 0이면 카테고리 선택해서 구매, 1이면 검색어로 검색해서 구매, 2이면 게시판에 글쓰기
회원 카테고리 선택해서 일반 구매 ---
--- 일반샵으로 402번 구매 데이터 쌓음 ---
test257 로그인
--- Num_0 이 0이면 카테고리 선택해서 구매, 1이면 검색어로 검색해서 구매, 2이면 게시판에 글쓰기
회원 카테고리 선택해서 일반 구매 ---
--- 일반샵으로 403번 구매 데이터 쌓음 ---
test304 로그인
--- Num_0 이 0이면 카테고리 선택해서 구매, 1이면 검색어로 검색해서 구매, 2이면 게시판에 글쓰기
회원 카테고리 선택해서 일반 구매 ---
--- 일반샵으로 404번 구매 데이터 쌓음 ---
test566 로그인
--- Num_0 이 0이면 카테고리 선택해서 구매, 1이면 검색어로 검색해서 구매, 2이면 게시판에 글쓰기
회원 카테고리 선택해서 장바구니 구매 ---
--- 일반샵으로 405번 구매 데이터 쌓음 ---
test423 로그인
--- Num_0 이 0이면 카테고리 선택해서 구매, 1이면 검색어로 검색해서 구매, 2이면 게시판에 글쓰기
회원 카테고리 선택해서 장바구니 구매 ---
--- 일반샵으로 406번 구매 데이터 쌓음 ---
test862 로그인
--- Num_0 이 0이면 카테고리 선택해서 구매, 1이면 검색어로 검색해서 구매, 2이면 게시판에 글쓰기
회원 카테고리 선택해서 일반 구매 ---
--- 일반샵으로 407번 구매 데이터 쌓음 ---
test114 로그인
--- Num_1 이 0이면 카테고리 선택해서 구매, 1이면 검색어로 검색해서 구매, 2이면 게시판에 글쓰기
검색어 : 나이키
2번째 상품 클릭
회원 상품명 검색해서 일반 구매 ---
--- 일반샵으로 408번 구매 데이터 쌓음 ---
test883 로그인
--- Num_1 이 0이면 카테고리 선택해서 구매, 1이면 검색어로 검색해서 구매, 2이면 게시판에 글쓰기
검색어 : 나이키
3번째 상품 클릭
회원 상품명 검색해서 일반 구매 ---
--- 일반샵으로 409번 구매 데이터 쌓음 ---
test705 로그인
--- Num_0 이 0이면 카테고리 선택해서 구매, 1이면 검색어로 검색해서 구매, 2이면 게시판에 글쓰기
회원 카테고리 선택해서 장바구니 구매 ---
--- 일반샵으로 410번 구매 데이터 쌓음 ---
test499 로그인
--- Num_1 이 0이면 카테고리 선택해서 구매, 1이면 검색어로 검색해서 구매, 2이면 게시판에 글쓰기
검색어 : 아디다스
10번째 상품 클릭
회원 상품명 검색해서 장바구니 구매 ---
--- 일반샵으로 411번 구매 데이터 쌓음 ---
test823 로그인
--- Num_1 이 0이면 카테고리 선택해서 구매, 1이면 검색어로 검색해서 구매, 2이면 게시판에 글쓰기
검색어 : 나이키
1번째 상품 클릭
회원 상품명 검색해서 일반 구매 ---
--- 일반샵으로 412번 구매 데이터 쌓음 ---
test821 로그인
--- Num_0 이 0이면 카테고리 선택해서 구매, 1이면 검색어로 검색해서 구매, 2이면 게시판에 글쓰기
회원 카테고리 선택해서 일반 구매 ---
--- 일반샵으로 413번 구매 데이터 쌓음 ---
test235 로그인
--- Num_0 이 0이면 카테고리 선택해서 구매, 1이면 검색어로 검색해서 구매, 2이면 게시판에 글쓰기
회원 카테고리 선택해서 장바구니 구매 ---
--- 일반샵으로 414번 구매 데이터 쌓음 ---
test823 로그인
--- Num_1 이 0이면 카테고리 선택해서 구매, 1이면 검색어로 검색해서 구매, 2이면 게시판에 글쓰기
검색어 : 나이키
5번째 상품 클릭
회원 상품명 검색해서 장바구니 구매 ---
--- 일반샵으로 415번 구매 데이터 쌓음 ---
test51 로그인
--- Num_1 이 0이면 카테고리 선택해서 구매, 1이면 검색어로 검색해서 구매, 2이면 게시판에 글쓰기
검색어 : 나이키
10번째 상품 클릭
회원 상품명 검색해서 일반 구매 ---
--- 일반샵으로 416번 구매 데이터 쌓음 ---
test661 로그인
--- Num_0 이 0이면 카테고리 선택해서 구매, 1이면 검색어로 검색해서 구매, 2이면 게시판에 글쓰기
회원 카테고리 선택해서 일반 구매 ---
--- 일반샵으로 417번 구매 데이터 쌓음 ---
test477 로그인
--- Num_1 이 0이면 카테고리 선택해서 구매, 1이면 검색어로 검색해서 구매, 2이면 게시판에 글쓰기
검색어 : 나이키
8번째 상품 클릭
회원 상품명 검색해서 장바구니 구매 ---
--- 일반샵으로 418번 구매 데이터 쌓음 ---
test837 로그인
--- Num_0 이 0이면 카테고리 선택해서 구매, 1이면 검색어로 검색해서 구매, 2이면 게시판에 글쓰기
회원 카테고리 선택해서 일반 구매 ---
--- 일반샵으로 419번 구매 데이터 쌓음 ---
test115 로그인
--- Num_1 이 0이면 카테고리 선택해서 구매, 1이면 검색어로 검색해서 구매, 2이면 게시판에 글쓰기
검색어 : 나이키
3번째 상품 클릭
회원 상품명 검색해서 일반 구매 ---
--- 일반샵으로 420번 구매 데이터 쌓음 ---
test554 로그인
--- Num_1 이 0이면 카테고리 선택해서 구매, 1이면 검색어로 검색해서 구매, 2이면 게시판에 글쓰기
검색어 : 아디다스
6번째 상품 클릭
회원 상품명 검색해서 일반 구매 ---
--- 일반샵으로 421번 구매 데이터 쌓음 ---
test941 로그인
--- Num_1 이 0이면 카테고리 선택해서 구매, 1이면 검색어로 검색해서 구매, 2이면 게시판에 글쓰기
검색어 : 아디다스
5번째 상품 클릭
회원 상품명 검색해서 일반 구매 ---
--- 일반샵으로 422번 구매 데이터 쌓음 ---
test940 로그인
--- Num_0 이 0이면 카테고리 선택해서 구매, 1이면 검색어로 검색해서 구매, 2이면 게시판에 글쓰기
회원 카테고리 선택해서 일반 구매 ---
--- 일반샵으로 423번 구매 데이터 쌓음 ---
test949 로그인
--- Num_1 이 0이면 카테고리 선택해서 구매, 1이면 검색어로 검색해서 구매, 2이면 게시판에 글쓰기
검색어 : 나이키
3번째 상품 클릭
회원 상품명 검색해서 장바구니 구매 ---
--- 일반샵으로 424번 구매 데이터 쌓음 ---
test975 로그인
--- Num_0 이 0이면 카테고리 선택해서 구매, 1이면 검색어로 검색해서 구매, 2이면 게시판에 글쓰기
회원 카테고리 선택해서 장바구니 구매 ---
--- 일반샵으로 425번 구매 데이터 쌓음 ---
test174 로그인
--- Num_0 이 0이면 카테고리 선택해서 구매, 1이면 검색어로 검색해서 구매, 2이면 게시판에 글쓰기
회원 카테고리 선택해서 일반 구매 ---
--- 일반샵으로 426번 구매 데이터 쌓음 ---
test729 로그인
--- Num_0 이 0이면 카테고리 선택해서 구매, 1이면 검색어로 검색해서 구매, 2이면 게시판에 글쓰기
회원 카테고리 선택해서 장바구니 구매 ---
--- 일반샵으로 427번 구매 데이터 쌓음 ---
test113 로그인
--- Num_1 이 0이면 카테고리 선택해서 구매, 1이면 검색어로 검색해서 구매, 2이면 게시판에 글쓰기
검색어 : 아디다스
0번째 상품 클릭
회원 상품명 검색해서 일반 구매 ---
--- 일반샵으로 428번 구매 데이터 쌓음 ---
test894 로그인
--- Num_0 이 0이면 카테고리 선택해서 구매, 1이면 검색어로 검색해서 구매, 2이면 게시판에 글쓰기
회원 카테고리 선택해서 일반 구매 ---
--- 일반샵으로 429번 구매 데이터 쌓음 ---
test243 로그인
--- Num_0 이 0이면 카테고리 선택해서 구매, 1이면 검색어로 검색해서 구매, 2이면 게시판에 글쓰기
회원 카테고리 선택해서 장바구니 구매 ---
--- 일반샵으로 430번 구매 데이터 쌓음 ---
test92 로그인
--- Num_1 이 0이면 카테고리 선택해서 구매, 1이면 검색어로 검색해서 구매, 2이면 게시판에 글쓰기
검색어 : 나이키
1번째 상품 클릭
회원 상품명 검색해서 장바구니 구매 ---
--- 일반샵으로 431번 구매 데이터 쌓음 ---
test634 로그인
--- Num_0 이 0이면 카테고리 선택해서 구매, 1이면 검색어로 검색해서 구매, 2이면 게시판에 글쓰기
회원 카테고리 선택해서 일반 구매 ---
--- 일반샵으로 432번 구매 데이터 쌓음 ---
test833 로그인
--- Num_0 이 0이면 카테고리 선택해서 구매, 1이면 검색어로 검색해서 구매, 2이면 게시판에 글쓰기
회원 카테고리 선택해서 장바구니 구매 ---
--- 일반샵으로 433번 구매 데이터 쌓음 ---
test487 로그인
--- Num_0 이 0이면 카테고리 선택해서 구매, 1이면 검색어로 검색해서 구매, 2이면 게시판에 글쓰기
회원 카테고리 선택해서 장바구니 구매 ---
--- 일반샵으로 434번 구매 데이터 쌓음 ---
test406 로그인
--- Num_1 이 0이면 카테고리 선택해서 구매, 1이면 검색어로 검색해서 구매, 2이면 게시판에 글쓰기
검색어 : 아디다스
7번째 상품 클릭
회원 상품명 검색해서 장바구니 구매 ---
--- 일반샵으로 435번 구매 데이터 쌓음 ---
test969 로그인
--- Num_0 이 0이면 카테고리 선택해서 구매, 1이면 검색어로 검색해서 구매, 2이면 게시판에 글쓰기
회원 카테고리 선택해서 일반 구매 ---
--- 일반샵으로 436번 구매 데이터 쌓음 ---
test107 로그인
--- Num_1 이 0이면 카테고리 선택해서 구매, 1이면 검색어로 검색해서 구매, 2이면 게시판에 글쓰기
검색어 : 아디다스
3번째 상품 클릭
회원 상품명 검색해서 일반 구매 ---
--- 일반샵으로 437번 구매 데이터 쌓음 ---
test655 로그인
--- Num_0 이 0이면 카테고리 선택해서 구매, 1이면 검색어로 검색해서 구매, 2이면 게시판에 글쓰기
회원 카테고리 선택해서 일반 구매 ---
--- 일반샵으로 438번 구매 데이터 쌓음 ---
test754 로그인
--- Num_1 이 0이면 카테고리 선택해서 구매, 1이면 검색어로 검색해서 구매, 2이면 게시판에 글쓰기
검색어 : 나이키
8번째 상품 클릭
회원 상품명 검색해서 일반 구매 ---
--- 일반샵으로 439번 구매 데이터 쌓음 ---
test183 로그인
--- Num_0 이 0이면 카테고리 선택해서 구매, 1이면 검색어로 검색해서 구매, 2이면 게시판에 글쓰기
회원 카테고리 선택해서 일반 구매 ---
--- 일반샵으로 440번 구매 데이터 쌓음 ---
test462 로그인
--- Num_1 이 0이면 카테고리 선택해서 구매, 1이면 검색어로 검색해서 구매, 2이면 게시판에 글쓰기
검색어 : 나이키
0번째 상품 클릭
회원 상품명 검색해서 일반 구매 ---
--- 일반샵으로 441번 구매 데이터 쌓음 ---
test193 로그인
--- Num_0 이 0이면 카테고리 선택해서 구매, 1이면 검색어로 검색해서 구매, 2이면 게시판에 글쓰기
회원 카테고리 선택해서 장바구니 구매 ---
--- 일반샵으로 442번 구매 데이터 쌓음 ---
test994 로그인
--- Num_0 이 0이면 카테고리 선택해서 구매, 1이면 검색어로 검색해서 구매, 2이면 게시판에 글쓰기
회원 카테고리 선택해서 일반 구매 ---
--- 일반샵으로 443번 구매 데이터 쌓음 ---
test123 로그인
--- Num_1 이 0이면 카테고리 선택해서 구매, 1이면 검색어로 검색해서 구매, 2이면 게시판에 글쓰기
검색어 : 아디다스
5번째 상품 클릭
회원 상품명 검색해서 장바구니 구매 ---
--- 일반샵으로 444번 구매 데이터 쌓음 ---
test175 로그인
--- Num_1 이 0이면 카테고리 선택해서 구매, 1이면 검색어로 검색해서 구매, 2이면 게시판에 글쓰기
검색어 : 나이키
5번째 상품 클릭
회원 상품명 검색해서 일반 구매 ---
--- 일반샵으로 445번 구매 데이터 쌓음 ---
test393 로그인
--- Num_0 이 0이면 카테고리 선택해서 구매, 1이면 검색어로 검색해서 구매, 2이면 게시판에 글쓰기
회원 카테고리 선택해서 장바구니 구매 ---
--- 일반샵으로 446번 구매 데이터 쌓음 ---
test504 로그인
--- Num_0 이 0이면 카테고리 선택해서 구매, 1이면 검색어로 검색해서 구매, 2이면 게시판에 글쓰기
회원 카테고리 선택해서 장바구니 구매 ---
--- 일반샵으로 447번 구매 데이터 쌓음 ---
test824 로그인
--- Num_1 이 0이면 카테고리 선택해서 구매, 1이면 검색어로 검색해서 구매, 2이면 게시판에 글쓰기
검색어 : 아디다스
4번째 상품 클릭
회원 상품명 검색해서 일반 구매 ---
--- 일반샵으로 448번 구매 데이터 쌓음 ---
test246 로그인
--- Num_0 이 0이면 카테고리 선택해서 구매, 1이면 검색어로 검색해서 구매, 2이면 게시판에 글쓰기
회원 카테고리 선택해서 일반 구매 ---
--- 일반샵으로 449번 구매 데이터 쌓음 ---
test9 로그인
--- Num_1 이 0이면 카테고리 선택해서 구매, 1이면 검색어로 검색해서 구매, 2이면 게시판에 글쓰기
검색어 : 나이키
2번째 상품 클릭
회원 상품명 검색해서 일반 구매 ---
--- 일반샵으로 450번 구매 데이터 쌓음 ---
test606 로그인
--- Num_0 이 0이면 카테고리 선택해서 구매, 1이면 검색어로 검색해서 구매, 2이면 게시판에 글쓰기
회원 카테고리 선택해서 일반 구매 ---
--- 일반샵으로 451번 구매 데이터 쌓음 ---
test86 로그인
--- Num_1 이 0이면 카테고리 선택해서 구매, 1이면 검색어로 검색해서 구매, 2이면 게시판에 글쓰기
검색어 : 아디다스
5번째 상품 클릭
회원 상품명 검색해서 일반 구매 ---
--- 일반샵으로 452번 구매 데이터 쌓음 ---
test680 로그인
--- Num_0 이 0이면 카테고리 선택해서 구매, 1이면 검색어로 검색해서 구매, 2이면 게시판에 글쓰기
회원 카테고리 선택해서 장바구니 구매 ---
--- 일반샵으로 453번 구매 데이터 쌓음 ---
test693 로그인
--- Num_0 이 0이면 카테고리 선택해서 구매, 1이면 검색어로 검색해서 구매, 2이면 게시판에 글쓰기
회원 카테고리 선택해서 장바구니 구매 ---
--- 일반샵으로 454번 구매 데이터 쌓음 ---
test624 로그인
--- Num_1 이 0이면 카테고리 선택해서 구매, 1이면 검색어로 검색해서 구매, 2이면 게시판에 글쓰기
검색어 : 나이키
6번째 상품 클릭
회원 상품명 검색해서 장바구니 구매 ---
--- 일반샵으로 455번 구매 데이터 쌓음 ---
test852 로그인
--- Num_0 이 0이면 카테고리 선택해서 구매, 1이면 검색어로 검색해서 구매, 2이면 게시판에 글쓰기
회원 카테고리 선택해서 장바구니 구매 ---
--- 일반샵으로 456번 구매 데이터 쌓음 ---
test720 로그인
--- Num_0 이 0이면 카테고리 선택해서 구매, 1이면 검색어로 검색해서 구매, 2이면 게시판에 글쓰기
회원 카테고리 선택해서 일반 구매 ---
--- 일반샵으로 457번 구매 데이터 쌓음 ---
test956 로그인
--- Num_0 이 0이면 카테고리 선택해서 구매, 1이면 검색어로 검색해서 구매, 2이면 게시판에 글쓰기
회원 카테고리 선택해서 장바구니 구매 ---
--- 일반샵으로 458번 구매 데이터 쌓음 ---
test187 로그인
--- Num_1 이 0이면 카테고리 선택해서 구매, 1이면 검색어로 검색해서 구매, 2이면 게시판에 글쓰기
검색어 : 아디다스
3번째 상품 클릭
회원 상품명 검색해서 일반 구매 ---
--- 일반샵으로 459번 구매 데이터 쌓음 ---
test644 로그인
--- Num_0 이 0이면 카테고리 선택해서 구매, 1이면 검색어로 검색해서 구매, 2이면 게시판에 글쓰기
회원 카테고리 선택해서 장바구니 구매 ---
--- 일반샵으로 460번 구매 데이터 쌓음 ---
test346 로그인
--- Num_0 이 0이면 카테고리 선택해서 구매, 1이면 검색어로 검색해서 구매, 2이면 게시판에 글쓰기
회원 카테고리 선택해서 장바구니 구매 ---
--- 일반샵으로 461번 구매 데이터 쌓음 ---
test145 로그인
--- Num_1 이 0이면 카테고리 선택해서 구매, 1이면 검색어로 검색해서 구매, 2이면 게시판에 글쓰기
검색어 : 아디다스
6번째 상품 클릭
회원 상품명 검색해서 장바구니 구매 ---
--- 일반샵으로 462번 구매 데이터 쌓음 ---
test874 로그인
--- Num_0 이 0이면 카테고리 선택해서 구매, 1이면 검색어로 검색해서 구매, 2이면 게시판에 글쓰기
회원 카테고리 선택해서 일반 구매 ---
--- 일반샵으로 463번 구매 데이터 쌓음 ---
test619 로그인
--- Num_0 이 0이면 카테고리 선택해서 구매, 1이면 검색어로 검색해서 구매, 2이면 게시판에 글쓰기
회원 카테고리 선택해서 일반 구매 ---
--- 일반샵으로 464번 구매 데이터 쌓음 ---
test457 로그인
--- Num_1 이 0이면 카테고리 선택해서 구매, 1이면 검색어로 검색해서 구매, 2이면 게시판에 글쓰기
검색어 : 나이키
0번째 상품 클릭
회원 상품명 검색해서 장바구니 구매 ---
--- 일반샵으로 465번 구매 데이터 쌓음 ---
test687 로그인
--- Num_0 이 0이면 카테고리 선택해서 구매, 1이면 검색어로 검색해서 구매, 2이면 게시판에 글쓰기
회원 카테고리 선택해서 장바구니 구매 ---
--- 일반샵으로 466번 구매 데이터 쌓음 ---
test111 로그인
--- Num_0 이 0이면 카테고리 선택해서 구매, 1이면 검색어로 검색해서 구매, 2이면 게시판에 글쓰기
회원 카테고리 선택해서 일반 구매 ---
--- 일반샵으로 467번 구매 데이터 쌓음 ---
test65 로그인
--- Num_0 이 0이면 카테고리 선택해서 구매, 1이면 검색어로 검색해서 구매, 2이면 게시판에 글쓰기
회원 카테고리 선택해서 일반 구매 ---
--- 일반샵으로 468번 구매 데이터 쌓음 ---
test844 로그인
--- Num_0 이 0이면 카테고리 선택해서 구매, 1이면 검색어로 검색해서 구매, 2이면 게시판에 글쓰기
회원 카테고리 선택해서 장바구니 구매 ---
--- 일반샵으로 469번 구매 데이터 쌓음 ---
test498 로그인
--- Num_0 이 0이면 카테고리 선택해서 구매, 1이면 검색어로 검색해서 구매, 2이면 게시판에 글쓰기
회원 카테고리 선택해서 일반 구매 ---
--- 일반샵으로 470번 구매 데이터 쌓음 ---
test123 로그인
--- Num_0 이 0이면 카테고리 선택해서 구매, 1이면 검색어로 검색해서 구매, 2이면 게시판에 글쓰기
회원 카테고리 선택해서 일반 구매 ---
--- 일반샵으로 471번 구매 데이터 쌓음 ---
test954 로그인
--- Num_1 이 0이면 카테고리 선택해서 구매, 1이면 검색어로 검색해서 구매, 2이면 게시판에 글쓰기
검색어 : 아디다스
7번째 상품 클릭
회원 상품명 검색해서 장바구니 구매 ---
--- 일반샵으로 472번 구매 데이터 쌓음 ---
test7 로그인
--- Num_0 이 0이면 카테고리 선택해서 구매, 1이면 검색어로 검색해서 구매, 2이면 게시판에 글쓰기
회원 카테고리 선택해서 장바구니 구매 ---
--- 일반샵으로 473번 구매 데이터 쌓음 ---
test826 로그인
--- Num_0 이 0이면 카테고리 선택해서 구매, 1이면 검색어로 검색해서 구매, 2이면 게시판에 글쓰기
회원 카테고리 선택해서 일반 구매 ---
--- 일반샵으로 474번 구매 데이터 쌓음 ---
test264 로그인
--- Num_1 이 0이면 카테고리 선택해서 구매, 1이면 검색어로 검색해서 구매, 2이면 게시판에 글쓰기
검색어 : 아디다스
0번째 상품 클릭
회원 상품명 검색해서 일반 구매 ---
--- 일반샵으로 475번 구매 데이터 쌓음 ---
test822 로그인
--- Num_0 이 0이면 카테고리 선택해서 구매, 1이면 검색어로 검색해서 구매, 2이면 게시판에 글쓰기
회원 카테고리 선택해서 장바구니 구매 ---
--- 일반샵으로 476번 구매 데이터 쌓음 ---
test409 로그인
--- Num_0 이 0이면 카테고리 선택해서 구매, 1이면 검색어로 검색해서 구매, 2이면 게시판에 글쓰기
회원 카테고리 선택해서 장바구니 구매 ---
--- 일반샵으로 477번 구매 데이터 쌓음 ---
test419 로그인
--- Num_0 이 0이면 카테고리 선택해서 구매, 1이면 검색어로 검색해서 구매, 2이면 게시판에 글쓰기
회원 카테고리 선택해서 장바구니 구매 ---
--- 일반샵으로 478번 구매 데이터 쌓음 ---
test345 로그인
--- Num_0 이 0이면 카테고리 선택해서 구매, 1이면 검색어로 검색해서 구매, 2이면 게시판에 글쓰기
회원 카테고리 선택해서 장바구니 구매 ---
--- 일반샵으로 479번 구매 데이터 쌓음 ---
test545 로그인
--- Num_1 이 0이면 카테고리 선택해서 구매, 1이면 검색어로 검색해서 구매, 2이면 게시판에 글쓰기
검색어 : 아디다스
10번째 상품 클릭
회원 상품명 검색해서 장바구니 구매 ---
--- 일반샵으로 480번 구매 데이터 쌓음 ---
test387 로그인
--- Num_0 이 0이면 카테고리 선택해서 구매, 1이면 검색어로 검색해서 구매, 2이면 게시판에 글쓰기
회원 카테고리 선택해서 장바구니 구매 ---
--- 일반샵으로 481번 구매 데이터 쌓음 ---
test420 로그인
--- Num_0 이 0이면 카테고리 선택해서 구매, 1이면 검색어로 검색해서 구매, 2이면 게시판에 글쓰기
회원 카테고리 선택해서 장바구니 구매 ---
--- 일반샵으로 482번 구매 데이터 쌓음 ---
test21 로그인
--- Num_0 이 0이면 카테고리 선택해서 구매, 1이면 검색어로 검색해서 구매, 2이면 게시판에 글쓰기
회원 카테고리 선택해서 장바구니 구매 ---
--- 일반샵으로 483번 구매 데이터 쌓음 ---
test695 로그인
--- Num_1 이 0이면 카테고리 선택해서 구매, 1이면 검색어로 검색해서 구매, 2이면 게시판에 글쓰기
검색어 : 나이키
7번째 상품 클릭
회원 상품명 검색해서 장바구니 구매 ---
--- 일반샵으로 484번 구매 데이터 쌓음 ---
test785 로그인
--- Num_0 이 0이면 카테고리 선택해서 구매, 1이면 검색어로 검색해서 구매, 2이면 게시판에 글쓰기
회원 카테고리 선택해서 장바구니 구매 ---
--- 일반샵으로 485번 구매 데이터 쌓음 ---
test3 로그인
--- Num_0 이 0이면 카테고리 선택해서 구매, 1이면 검색어로 검색해서 구매, 2이면 게시판에 글쓰기
회원 카테고리 선택해서 장바구니 구매 ---
--- 일반샵으로 486번 구매 데이터 쌓음 ---
test894 로그인
--- Num_0 이 0이면 카테고리 선택해서 구매, 1이면 검색어로 검색해서 구매, 2이면 게시판에 글쓰기
회원 카테고리 선택해서 일반 구매 ---
--- 일반샵으로 487번 구매 데이터 쌓음 ---
test34 로그인
--- Num_1 이 0이면 카테고리 선택해서 구매, 1이면 검색어로 검색해서 구매, 2이면 게시판에 글쓰기
검색어 : 나이키
6번째 상품 클릭
회원 상품명 검색해서 일반 구매 ---
--- 일반샵으로 488번 구매 데이터 쌓음 ---
test975 로그인
--- Num_1 이 0이면 카테고리 선택해서 구매, 1이면 검색어로 검색해서 구매, 2이면 게시판에 글쓰기
검색어 : 나이키
8번째 상품 클릭
회원 상품명 검색해서 장바구니 구매 ---
--- 일반샵으로 489번 구매 데이터 쌓음 ---
test840 로그인
--- Num_1 이 0이면 카테고리 선택해서 구매, 1이면 검색어로 검색해서 구매, 2이면 게시판에 글쓰기
검색어 : 나이키
4번째 상품 클릭
회원 상품명 검색해서 장바구니 구매 ---
--- 일반샵으로 490번 구매 데이터 쌓음 ---
test383 로그인
--- Num_0 이 0이면 카테고리 선택해서 구매, 1이면 검색어로 검색해서 구매, 2이면 게시판에 글쓰기
회원 카테고리 선택해서 장바구니 구매 ---
--- 일반샵으로 491번 구매 데이터 쌓음 ---
test66 로그인
--- Num_0 이 0이면 카테고리 선택해서 구매, 1이면 검색어로 검색해서 구매, 2이면 게시판에 글쓰기
회원 카테고리 선택해서 장바구니 구매 ---
--- 일반샵으로 492번 구매 데이터 쌓음 ---
test121 로그인
--- Num_1 이 0이면 카테고리 선택해서 구매, 1이면 검색어로 검색해서 구매, 2이면 게시판에 글쓰기
검색어 : 나이키
10번째 상품 클릭
회원 상품명 검색해서 장바구니 구매 ---
--- 일반샵으로 493번 구매 데이터 쌓음 ---
test315 로그인
--- Num_1 이 0이면 카테고리 선택해서 구매, 1이면 검색어로 검색해서 구매, 2이면 게시판에 글쓰기
검색어 : 아디다스
1번째 상품 클릭
회원 상품명 검색해서 장바구니 구매 ---
--- 일반샵으로 494번 구매 데이터 쌓음 ---
test31 로그인
--- Num_1 이 0이면 카테고리 선택해서 구매, 1이면 검색어로 검색해서 구매, 2이면 게시판에 글쓰기
검색어 : 나이키
0번째 상품 클릭
회원 상품명 검색해서 장바구니 구매 ---
--- 일반샵으로 495번 구매 데이터 쌓음 ---
test72 로그인
--- Num_0 이 0이면 카테고리 선택해서 구매, 1이면 검색어로 검색해서 구매, 2이면 게시판에 글쓰기
회원 카테고리 선택해서 일반 구매 ---
--- 일반샵으로 496번 구매 데이터 쌓음 ---
test102 로그인
--- Num_0 이 0이면 카테고리 선택해서 구매, 1이면 검색어로 검색해서 구매, 2이면 게시판에 글쓰기
회원 카테고리 선택해서 장바구니 구매 ---
--- 일반샵으로 497번 구매 데이터 쌓음 ---
test495 로그인
--- Num_0 이 0이면 카테고리 선택해서 구매, 1이면 검색어로 검색해서 구매, 2이면 게시판에 글쓰기
회원 카테고리 선택해서 일반 구매 ---
--- 일반샵으로 498번 구매 데이터 쌓음 ---
test262 로그인
--- Num_1 이 0이면 카테고리 선택해서 구매, 1이면 검색어로 검색해서 구매, 2이면 게시판에 글쓰기
검색어 : 나이키
4번째 상품 클릭
회원 상품명 검색해서 일반 구매 ---
--- 일반샵으로 499번 구매 데이터 쌓음 ---
test638 로그인
--- Num_0 이 0이면 카테고리 선택해서 구매, 1이면 검색어로 검색해서 구매, 2이면 게시판에 글쓰기
회원 카테고리 선택해서 장바구니 구매 ---
--- 일반샵으로 500번 구매 데이터 쌓음 ---
test657 로그인
--- Num_0 이 0이면 카테고리 선택해서 구매, 1이면 검색어로 검색해서 구매, 2이면 게시판에 글쓰기
회원 카테고리 선택해서 장바구니 구매 ---
--- 일반샵으로 501번 구매 데이터 쌓음 ---
test440 로그인
--- Num_1 이 0이면 카테고리 선택해서 구매, 1이면 검색어로 검색해서 구매, 2이면 게시판에 글쓰기
검색어 : 나이키
1번째 상품 클릭
회원 상품명 검색해서 장바구니 구매 ---
--- 일반샵으로 502번 구매 데이터 쌓음 ---
test763 로그인
--- Num_1 이 0이면 카테고리 선택해서 구매, 1이면 검색어로 검색해서 구매, 2이면 게시판에 글쓰기
검색어 : 나이키
6번째 상품 클릭
회원 상품명 검색해서 장바구니 구매 ---
--- 일반샵으로 503번 구매 데이터 쌓음 ---
test390 로그인
--- Num_0 이 0이면 카테고리 선택해서 구매, 1이면 검색어로 검색해서 구매, 2이면 게시판에 글쓰기
회원 카테고리 선택해서 일반 구매 ---
--- 일반샵으로 504번 구매 데이터 쌓음 ---
test384 로그인
--- Num_0 이 0이면 카테고리 선택해서 구매, 1이면 검색어로 검색해서 구매, 2이면 게시판에 글쓰기
회원 카테고리 선택해서 장바구니 구매 ---
--- 일반샵으로 505번 구매 데이터 쌓음 ---
test988 로그인
--- Num_1 이 0이면 카테고리 선택해서 구매, 1이면 검색어로 검색해서 구매, 2이면 게시판에 글쓰기
검색어 : 아디다스
9번째 상품 클릭
회원 상품명 검색해서 장바구니 구매 ---
--- 일반샵으로 506번 구매 데이터 쌓음 ---
test188 로그인
--- Num_0 이 0이면 카테고리 선택해서 구매, 1이면 검색어로 검색해서 구매, 2이면 게시판에 글쓰기
회원 카테고리 선택해서 장바구니 구매 ---
--- 일반샵으로 507번 구매 데이터 쌓음 ---
test887 로그인
--- Num_0 이 0이면 카테고리 선택해서 구매, 1이면 검색어로 검색해서 구매, 2이면 게시판에 글쓰기
회원 카테고리 선택해서 일반 구매 ---
--- 일반샵으로 508번 구매 데이터 쌓음 ---
test225 로그인
--- Num_1 이 0이면 카테고리 선택해서 구매, 1이면 검색어로 검색해서 구매, 2이면 게시판에 글쓰기
검색어 : 아디다스
3번째 상품 클릭
회원 상품명 검색해서 장바구니 구매 ---
--- 일반샵으로 509번 구매 데이터 쌓음 ---
test239 로그인
--- Num_1 이 0이면 카테고리 선택해서 구매, 1이면 검색어로 검색해서 구매, 2이면 게시판에 글쓰기
검색어 : 아디다스
2번째 상품 클릭
회원 상품명 검색해서 장바구니 구매 ---
--- 일반샵으로 510번 구매 데이터 쌓음 ---
test682 로그인
--- Num_1 이 0이면 카테고리 선택해서 구매, 1이면 검색어로 검색해서 구매, 2이면 게시판에 글쓰기
검색어 : 나이키
0번째 상품 클릭
회원 상품명 검색해서 일반 구매 ---
--- 일반샵으로 511번 구매 데이터 쌓음 ---
test197 로그인
--- Num_1 이 0이면 카테고리 선택해서 구매, 1이면 검색어로 검색해서 구매, 2이면 게시판에 글쓰기
검색어 : 아디다스
6번째 상품 클릭
회원 상품명 검색해서 장바구니 구매 ---
--- 일반샵으로 512번 구매 데이터 쌓음 ---
test434 로그인
--- Num_0 이 0이면 카테고리 선택해서 구매, 1이면 검색어로 검색해서 구매, 2이면 게시판에 글쓰기
회원 카테고리 선택해서 일반 구매 ---
--- 일반샵으로 513번 구매 데이터 쌓음 ---
test677 로그인
--- Num_0 이 0이면 카테고리 선택해서 구매, 1이면 검색어로 검색해서 구매, 2이면 게시판에 글쓰기
회원 카테고리 선택해서 일반 구매 ---
--- 일반샵으로 514번 구매 데이터 쌓음 ---
test665 로그인
--- Num_1 이 0이면 카테고리 선택해서 구매, 1이면 검색어로 검색해서 구매, 2이면 게시판에 글쓰기
검색어 : 나이키
2번째 상품 클릭
회원 상품명 검색해서 일반 구매 ---
--- 일반샵으로 515번 구매 데이터 쌓음 ---
test37 로그인
--- Num_0 이 0이면 카테고리 선택해서 구매, 1이면 검색어로 검색해서 구매, 2이면 게시판에 글쓰기
회원 카테고리 선택해서 일반 구매 ---
--- 일반샵으로 516번 구매 데이터 쌓음 ---
test124 로그인
--- Num_1 이 0이면 카테고리 선택해서 구매, 1이면 검색어로 검색해서 구매, 2이면 게시판에 글쓰기
검색어 : 나이키
9번째 상품 클릭
회원 상품명 검색해서 일반 구매 ---
--- 일반샵으로 517번 구매 데이터 쌓음 ---
test908 로그인
--- Num_1 이 0이면 카테고리 선택해서 구매, 1이면 검색어로 검색해서 구매, 2이면 게시판에 글쓰기
검색어 : 아디다스
8번째 상품 클릭
회원 상품명 검색해서 장바구니 구매 ---
--- 일반샵으로 518번 구매 데이터 쌓음 ---
test14 로그인
--- Num_1 이 0이면 카테고리 선택해서 구매, 1이면 검색어로 검색해서 구매, 2이면 게시판에 글쓰기
검색어 : 나이키
6번째 상품 클릭
회원 상품명 검색해서 장바구니 구매 ---
--- 일반샵으로 519번 구매 데이터 쌓음 ---
test329 로그인
--- Num_1 이 0이면 카테고리 선택해서 구매, 1이면 검색어로 검색해서 구매, 2이면 게시판에 글쓰기
검색어 : 아디다스
6번째 상품 클릭
회원 상품명 검색해서 장바구니 구매 ---
--- 일반샵으로 520번 구매 데이터 쌓음 ---
test256 로그인
--- Num_0 이 0이면 카테고리 선택해서 구매, 1이면 검색어로 검색해서 구매, 2이면 게시판에 글쓰기
회원 카테고리 선택해서 장바구니 구매 ---
--- 일반샵으로 521번 구매 데이터 쌓음 ---
test203 로그인
--- Num_1 이 0이면 카테고리 선택해서 구매, 1이면 검색어로 검색해서 구매, 2이면 게시판에 글쓰기
검색어 : 아디다스
4번째 상품 클릭
회원 상품명 검색해서 일반 구매 ---
--- 일반샵으로 522번 구매 데이터 쌓음 ---
test893 로그인
--- Num_1 이 0이면 카테고리 선택해서 구매, 1이면 검색어로 검색해서 구매, 2이면 게시판에 글쓰기
검색어 : 나이키
5번째 상품 클릭
회원 상품명 검색해서 장바구니 구매 ---
--- 일반샵으로 523번 구매 데이터 쌓음 ---
test762 로그인
--- Num_1 이 0이면 카테고리 선택해서 구매, 1이면 검색어로 검색해서 구매, 2이면 게시판에 글쓰기
검색어 : 아디다스
5번째 상품 클릭
회원 상품명 검색해서 장바구니 구매 ---
--- 일반샵으로 524번 구매 데이터 쌓음 ---
test481 로그인
--- Num_0 이 0이면 카테고리 선택해서 구매, 1이면 검색어로 검색해서 구매, 2이면 게시판에 글쓰기
회원 카테고리 선택해서 장바구니 구매 ---
--- 일반샵으로 525번 구매 데이터 쌓음 ---
test543 로그인
--- Num_0 이 0이면 카테고리 선택해서 구매, 1이면 검색어로 검색해서 구매, 2이면 게시판에 글쓰기
회원 카테고리 선택해서 장바구니 구매 ---
--- 일반샵으로 526번 구매 데이터 쌓음 ---
test228 로그인
--- Num_0 이 0이면 카테고리 선택해서 구매, 1이면 검색어로 검색해서 구매, 2이면 게시판에 글쓰기
회원 카테고리 선택해서 일반 구매 ---
--- 일반샵으로 527번 구매 데이터 쌓음 ---
test184 로그인
--- Num_0 이 0이면 카테고리 선택해서 구매, 1이면 검색어로 검색해서 구매, 2이면 게시판에 글쓰기
회원 카테고리 선택해서 일반 구매 ---
--- 일반샵으로 528번 구매 데이터 쌓음 ---
test638 로그인
--- Num_0 이 0이면 카테고리 선택해서 구매, 1이면 검색어로 검색해서 구매, 2이면 게시판에 글쓰기
회원 카테고리 선택해서 장바구니 구매 ---
--- 일반샵으로 529번 구매 데이터 쌓음 ---
test112 로그인
--- Num_0 이 0이면 카테고리 선택해서 구매, 1이면 검색어로 검색해서 구매, 2이면 게시판에 글쓰기
회원 카테고리 선택해서 장바구니 구매 ---
--- 일반샵으로 530번 구매 데이터 쌓음 ---
test661 로그인
--- Num_0 이 0이면 카테고리 선택해서 구매, 1이면 검색어로 검색해서 구매, 2이면 게시판에 글쓰기
회원 카테고리 선택해서 일반 구매 ---
--- 일반샵으로 531번 구매 데이터 쌓음 ---
test198 로그인
--- Num_0 이 0이면 카테고리 선택해서 구매, 1이면 검색어로 검색해서 구매, 2이면 게시판에 글쓰기
회원 카테고리 선택해서 장바구니 구매 ---
--- 일반샵으로 532번 구매 데이터 쌓음 ---
test384 로그인
--- Num_1 이 0이면 카테고리 선택해서 구매, 1이면 검색어로 검색해서 구매, 2이면 게시판에 글쓰기
검색어 : 나이키
7번째 상품 클릭
회원 상품명 검색해서 장바구니 구매 ---
--- 일반샵으로 533번 구매 데이터 쌓음 ---
test164 로그인
--- Num_0 이 0이면 카테고리 선택해서 구매, 1이면 검색어로 검색해서 구매, 2이면 게시판에 글쓰기
회원 카테고리 선택해서 일반 구매 ---
--- 일반샵으로 534번 구매 데이터 쌓음 ---
test179 로그인
--- Num_1 이 0이면 카테고리 선택해서 구매, 1이면 검색어로 검색해서 구매, 2이면 게시판에 글쓰기
검색어 : 나이키
4번째 상품 클릭
회원 상품명 검색해서 일반 구매 ---
--- 일반샵으로 535번 구매 데이터 쌓음 ---
test924 로그인
--- Num_0 이 0이면 카테고리 선택해서 구매, 1이면 검색어로 검색해서 구매, 2이면 게시판에 글쓰기
회원 카테고리 선택해서 일반 구매 ---
--- 일반샵으로 536번 구매 데이터 쌓음 ---
test207 로그인
--- Num_1 이 0이면 카테고리 선택해서 구매, 1이면 검색어로 검색해서 구매, 2이면 게시판에 글쓰기
검색어 : 아디다스
8번째 상품 클릭
회원 상품명 검색해서 장바구니 구매 ---
--- 일반샵으로 537번 구매 데이터 쌓음 ---
test771 로그인
--- Num_0 이 0이면 카테고리 선택해서 구매, 1이면 검색어로 검색해서 구매, 2이면 게시판에 글쓰기
회원 카테고리 선택해서 일반 구매 ---
--- 일반샵으로 538번 구매 데이터 쌓음 ---
test208 로그인
--- Num_1 이 0이면 카테고리 선택해서 구매, 1이면 검색어로 검색해서 구매, 2이면 게시판에 글쓰기
검색어 : 나이키
6번째 상품 클릭
회원 상품명 검색해서 일반 구매 ---
--- 일반샵으로 539번 구매 데이터 쌓음 ---
test289 로그인
--- Num_0 이 0이면 카테고리 선택해서 구매, 1이면 검색어로 검색해서 구매, 2이면 게시판에 글쓰기
회원 카테고리 선택해서 일반 구매 ---
--- 일반샵으로 540번 구매 데이터 쌓음 ---
test233 로그인
--- Num_1 이 0이면 카테고리 선택해서 구매, 1이면 검색어로 검색해서 구매, 2이면 게시판에 글쓰기
검색어 : 나이키
3번째 상품 클릭
회원 상품명 검색해서 일반 구매 ---
--- 일반샵으로 541번 구매 데이터 쌓음 ---
test106 로그인
--- Num_1 이 0이면 카테고리 선택해서 구매, 1이면 검색어로 검색해서 구매, 2이면 게시판에 글쓰기
검색어 : 아디다스
6번째 상품 클릭
회원 상품명 검색해서 장바구니 구매 ---
--- 일반샵으로 542번 구매 데이터 쌓음 ---
test672 로그인
--- Num_0 이 0이면 카테고리 선택해서 구매, 1이면 검색어로 검색해서 구매, 2이면 게시판에 글쓰기
회원 카테고리 선택해서 일반 구매 ---
--- 일반샵으로 543번 구매 데이터 쌓음 ---
test526 로그인
--- Num_1 이 0이면 카테고리 선택해서 구매, 1이면 검색어로 검색해서 구매, 2이면 게시판에 글쓰기
검색어 : 나이키
2번째 상품 클릭
회원 상품명 검색해서 장바구니 구매 ---
--- 일반샵으로 544번 구매 데이터 쌓음 ---
test855 로그인
--- Num_1 이 0이면 카테고리 선택해서 구매, 1이면 검색어로 검색해서 구매, 2이면 게시판에 글쓰기
검색어 : 나이키
6번째 상품 클릭
회원 상품명 검색해서 장바구니 구매 ---
--- 일반샵으로 545번 구매 데이터 쌓음 ---
test928 로그인
--- Num_1 이 0이면 카테고리 선택해서 구매, 1이면 검색어로 검색해서 구매, 2이면 게시판에 글쓰기
검색어 : 나이키
0번째 상품 클릭
회원 상품명 검색해서 장바구니 구매 ---
--- 일반샵으로 546번 구매 데이터 쌓음 ---
test480 로그인
--- Num_0 이 0이면 카테고리 선택해서 구매, 1이면 검색어로 검색해서 구매, 2이면 게시판에 글쓰기
회원 카테고리 선택해서 장바구니 구매 ---
--- 일반샵으로 547번 구매 데이터 쌓음 ---
test301 로그인
--- Num_1 이 0이면 카테고리 선택해서 구매, 1이면 검색어로 검색해서 구매, 2이면 게시판에 글쓰기
검색어 : 아디다스
2번째 상품 클릭
회원 상품명 검색해서 일반 구매 ---
--- 일반샵으로 548번 구매 데이터 쌓음 ---
test841 로그인
--- Num_1 이 0이면 카테고리 선택해서 구매, 1이면 검색어로 검색해서 구매, 2이면 게시판에 글쓰기
검색어 : 나이키
1번째 상품 클릭
회원 상품명 검색해서 장바구니 구매 ---
--- 일반샵으로 549번 구매 데이터 쌓음 ---
test995 로그인
--- Num_1 이 0이면 카테고리 선택해서 구매, 1이면 검색어로 검색해서 구매, 2이면 게시판에 글쓰기
검색어 : 나이키
10번째 상품 클릭
회원 상품명 검색해서 장바구니 구매 ---
--- 일반샵으로 550번 구매 데이터 쌓음 ---
test28 로그인
--- Num_0 이 0이면 카테고리 선택해서 구매, 1이면 검색어로 검색해서 구매, 2이면 게시판에 글쓰기
회원 카테고리 선택해서 일반 구매 ---
--- 일반샵으로 551번 구매 데이터 쌓음 ---
test219 로그인
--- Num_1 이 0이면 카테고리 선택해서 구매, 1이면 검색어로 검색해서 구매, 2이면 게시판에 글쓰기
검색어 : 아디다스
8번째 상품 클릭
회원 상품명 검색해서 장바구니 구매 ---
--- 일반샵으로 552번 구매 데이터 쌓음 ---
test877 로그인
--- Num_0 이 0이면 카테고리 선택해서 구매, 1이면 검색어로 검색해서 구매, 2이면 게시판에 글쓰기
회원 카테고리 선택해서 장바구니 구매 ---
--- 일반샵으로 553번 구매 데이터 쌓음 ---
test428 로그인
--- Num_0 이 0이면 카테고리 선택해서 구매, 1이면 검색어로 검색해서 구매, 2이면 게시판에 글쓰기
회원 카테고리 선택해서 일반 구매 ---
--- 일반샵으로 554번 구매 데이터 쌓음 ---
test190 로그인
--- Num_1 이 0이면 카테고리 선택해서 구매, 1이면 검색어로 검색해서 구매, 2이면 게시판에 글쓰기
검색어 : 나이키
6번째 상품 클릭
회원 상품명 검색해서 일반 구매 ---
--- 일반샵으로 555번 구매 데이터 쌓음 ---
test122 로그인
--- Num_1 이 0이면 카테고리 선택해서 구매, 1이면 검색어로 검색해서 구매, 2이면 게시판에 글쓰기
검색어 : 아디다스
10번째 상품 클릭
회원 상품명 검색해서 일반 구매 ---
--- 일반샵으로 556번 구매 데이터 쌓음 ---
test771 로그인
--- Num_1 이 0이면 카테고리 선택해서 구매, 1이면 검색어로 검색해서 구매, 2이면 게시판에 글쓰기
검색어 : 아디다스
6번째 상품 클릭
회원 상품명 검색해서 일반 구매 ---
--- 일반샵으로 557번 구매 데이터 쌓음 ---
test585 로그인
--- Num_1 이 0이면 카테고리 선택해서 구매, 1이면 검색어로 검색해서 구매, 2이면 게시판에 글쓰기
검색어 : 나이키
3번째 상품 클릭
회원 상품명 검색해서 장바구니 구매 ---
--- 일반샵으로 558번 구매 데이터 쌓음 ---
test949 로그인
--- Num_1 이 0이면 카테고리 선택해서 구매, 1이면 검색어로 검색해서 구매, 2이면 게시판에 글쓰기
검색어 : 아디다스
1번째 상품 클릭
회원 상품명 검색해서 장바구니 구매 ---
--- 일반샵으로 559번 구매 데이터 쌓음 ---
test404 로그인
--- Num_0 이 0이면 카테고리 선택해서 구매, 1이면 검색어로 검색해서 구매, 2이면 게시판에 글쓰기
회원 카테고리 선택해서 장바구니 구매 ---
--- 일반샵으로 560번 구매 데이터 쌓음 ---
test422 로그인
--- Num_1 이 0이면 카테고리 선택해서 구매, 1이면 검색어로 검색해서 구매, 2이면 게시판에 글쓰기
검색어 : 아디다스
3번째 상품 클릭
회원 상품명 검색해서 장바구니 구매 ---
--- 일반샵으로 561번 구매 데이터 쌓음 ---
test872 로그인
--- Num_0 이 0이면 카테고리 선택해서 구매, 1이면 검색어로 검색해서 구매, 2이면 게시판에 글쓰기
회원 카테고리 선택해서 장바구니 구매 ---
--- 일반샵으로 562번 구매 데이터 쌓음 ---
test754 로그인
--- Num_0 이 0이면 카테고리 선택해서 구매, 1이면 검색어로 검색해서 구매, 2이면 게시판에 글쓰기
회원 카테고리 선택해서 일반 구매 ---
--- 일반샵으로 563번 구매 데이터 쌓음 ---
test505 로그인
--- Num_0 이 0이면 카테고리 선택해서 구매, 1이면 검색어로 검색해서 구매, 2이면 게시판에 글쓰기
회원 카테고리 선택해서 일반 구매 ---
--- 일반샵으로 564번 구매 데이터 쌓음 ---
test553 로그인
--- Num_0 이 0이면 카테고리 선택해서 구매, 1이면 검색어로 검색해서 구매, 2이면 게시판에 글쓰기
회원 카테고리 선택해서 장바구니 구매 ---
--- 일반샵으로 565번 구매 데이터 쌓음 ---
test891 로그인
--- Num_0 이 0이면 카테고리 선택해서 구매, 1이면 검색어로 검색해서 구매, 2이면 게시판에 글쓰기
회원 카테고리 선택해서 일반 구매 ---
--- 일반샵으로 566번 구매 데이터 쌓음 ---
test821 로그인
--- Num_1 이 0이면 카테고리 선택해서 구매, 1이면 검색어로 검색해서 구매, 2이면 게시판에 글쓰기
검색어 : 나이키
10번째 상품 클릭
회원 상품명 검색해서 일반 구매 ---
--- 일반샵으로 567번 구매 데이터 쌓음 ---
test547 로그인
--- Num_0 이 0이면 카테고리 선택해서 구매, 1이면 검색어로 검색해서 구매, 2이면 게시판에 글쓰기
회원 카테고리 선택해서 장바구니 구매 ---
--- 일반샵으로 568번 구매 데이터 쌓음 ---
test941 로그인
--- Num_0 이 0이면 카테고리 선택해서 구매, 1이면 검색어로 검색해서 구매, 2이면 게시판에 글쓰기
회원 카테고리 선택해서 일반 구매 ---
--- 일반샵으로 569번 구매 데이터 쌓음 ---
test819 로그인
--- Num_1 이 0이면 카테고리 선택해서 구매, 1이면 검색어로 검색해서 구매, 2이면 게시판에 글쓰기
검색어 : 나이키
1번째 상품 클릭
회원 상품명 검색해서 일반 구매 ---
--- 일반샵으로 570번 구매 데이터 쌓음 ---
test174 로그인
--- Num_0 이 0이면 카테고리 선택해서 구매, 1이면 검색어로 검색해서 구매, 2이면 게시판에 글쓰기
회원 카테고리 선택해서 장바구니 구매 ---
--- 일반샵으로 571번 구매 데이터 쌓음 ---
test423 로그인
--- Num_0 이 0이면 카테고리 선택해서 구매, 1이면 검색어로 검색해서 구매, 2이면 게시판에 글쓰기
회원 카테고리 선택해서 일반 구매 ---
--- 일반샵으로 572번 구매 데이터 쌓음 ---
test525 로그인
--- Num_1 이 0이면 카테고리 선택해서 구매, 1이면 검색어로 검색해서 구매, 2이면 게시판에 글쓰기
검색어 : 나이키
3번째 상품 클릭
회원 상품명 검색해서 장바구니 구매 ---
--- 일반샵으로 573번 구매 데이터 쌓음 ---
test749 로그인
--- Num_0 이 0이면 카테고리 선택해서 구매, 1이면 검색어로 검색해서 구매, 2이면 게시판에 글쓰기
회원 카테고리 선택해서 장바구니 구매 ---
--- 일반샵으로 574번 구매 데이터 쌓음 ---
test966 로그인
--- Num_1 이 0이면 카테고리 선택해서 구매, 1이면 검색어로 검색해서 구매, 2이면 게시판에 글쓰기
검색어 : 나이키
4번째 상품 클릭
회원 상품명 검색해서 일반 구매 ---
--- 일반샵으로 575번 구매 데이터 쌓음 ---
test304 로그인
--- Num_1 이 0이면 카테고리 선택해서 구매, 1이면 검색어로 검색해서 구매, 2이면 게시판에 글쓰기
검색어 : 아디다스
8번째 상품 클릭
회원 상품명 검색해서 일반 구매 ---
--- 일반샵으로 576번 구매 데이터 쌓음 ---
test513 로그인
--- Num_1 이 0이면 카테고리 선택해서 구매, 1이면 검색어로 검색해서 구매, 2이면 게시판에 글쓰기
검색어 : 나이키
0번째 상품 클릭
회원 상품명 검색해서 장바구니 구매 ---
--- 일반샵으로 577번 구매 데이터 쌓음 ---
test629 로그인
--- Num_0 이 0이면 카테고리 선택해서 구매, 1이면 검색어로 검색해서 구매, 2이면 게시판에 글쓰기
회원 카테고리 선택해서 장바구니 구매 ---
--- 일반샵으로 578번 구매 데이터 쌓음 ---
test565 로그인
--- Num_0 이 0이면 카테고리 선택해서 구매, 1이면 검색어로 검색해서 구매, 2이면 게시판에 글쓰기
회원 카테고리 선택해서 장바구니 구매 ---
--- 일반샵으로 579번 구매 데이터 쌓음 ---
test499 로그인
--- Num_0 이 0이면 카테고리 선택해서 구매, 1이면 검색어로 검색해서 구매, 2이면 게시판에 글쓰기
회원 카테고리 선택해서 장바구니 구매 ---
--- 일반샵으로 580번 구매 데이터 쌓음 ---
test581 로그인
--- Num_1 이 0이면 카테고리 선택해서 구매, 1이면 검색어로 검색해서 구매, 2이면 게시판에 글쓰기
검색어 : 나이키
1번째 상품 클릭
회원 상품명 검색해서 일반 구매 ---
--- 일반샵으로 581번 구매 데이터 쌓음 ---
test937 로그인
--- Num_1 이 0이면 카테고리 선택해서 구매, 1이면 검색어로 검색해서 구매, 2이면 게시판에 글쓰기
검색어 : 나이키
7번째 상품 클릭
회원 상품명 검색해서 일반 구매 ---
--- 일반샵으로 582번 구매 데이터 쌓음 ---
test48 로그인
--- Num_1 이 0이면 카테고리 선택해서 구매, 1이면 검색어로 검색해서 구매, 2이면 게시판에 글쓰기
검색어 : 나이키
1번째 상품 클릭
회원 상품명 검색해서 일반 구매 ---
--- 일반샵으로 583번 구매 데이터 쌓음 ---
test556 로그인
--- Num_1 이 0이면 카테고리 선택해서 구매, 1이면 검색어로 검색해서 구매, 2이면 게시판에 글쓰기
검색어 : 나이키
3번째 상품 클릭
회원 상품명 검색해서 일반 구매 ---
--- 일반샵으로 584번 구매 데이터 쌓음 ---
test38 로그인
--- Num_1 이 0이면 카테고리 선택해서 구매, 1이면 검색어로 검색해서 구매, 2이면 게시판에 글쓰기
검색어 : 나이키
0번째 상품 클릭
회원 상품명 검색해서 일반 구매 ---
--- 일반샵으로 585번 구매 데이터 쌓음 ---
test977 로그인
--- Num_0 이 0이면 카테고리 선택해서 구매, 1이면 검색어로 검색해서 구매, 2이면 게시판에 글쓰기
회원 카테고리 선택해서 장바구니 구매 ---
--- 일반샵으로 586번 구매 데이터 쌓음 ---
test887 로그인
--- Num_1 이 0이면 카테고리 선택해서 구매, 1이면 검색어로 검색해서 구매, 2이면 게시판에 글쓰기
검색어 : 아디다스
2번째 상품 클릭
회원 상품명 검색해서 장바구니 구매 ---
--- 일반샵으로 587번 구매 데이터 쌓음 ---
test984 로그인
--- Num_0 이 0이면 카테고리 선택해서 구매, 1이면 검색어로 검색해서 구매, 2이면 게시판에 글쓰기
회원 카테고리 선택해서 장바구니 구매 ---
--- 일반샵으로 588번 구매 데이터 쌓음 ---
test134 로그인
--- Num_0 이 0이면 카테고리 선택해서 구매, 1이면 검색어로 검색해서 구매, 2이면 게시판에 글쓰기
회원 카테고리 선택해서 장바구니 구매 ---
--- 일반샵으로 589번 구매 데이터 쌓음 ---
test347 로그인
--- Num_0 이 0이면 카테고리 선택해서 구매, 1이면 검색어로 검색해서 구매, 2이면 게시판에 글쓰기
회원 카테고리 선택해서 장바구니 구매 ---
--- 일반샵으로 590번 구매 데이터 쌓음 ---
test311 로그인
--- Num_1 이 0이면 카테고리 선택해서 구매, 1이면 검색어로 검색해서 구매, 2이면 게시판에 글쓰기
검색어 : 아디다스
9번째 상품 클릭
회원 상품명 검색해서 장바구니 구매 ---
--- 일반샵으로 591번 구매 데이터 쌓음 ---
test616 로그인
--- Num_0 이 0이면 카테고리 선택해서 구매, 1이면 검색어로 검색해서 구매, 2이면 게시판에 글쓰기
회원 카테고리 선택해서 일반 구매 ---
--- 일반샵으로 592번 구매 데이터 쌓음 ---
test757 로그인
--- Num_0 이 0이면 카테고리 선택해서 구매, 1이면 검색어로 검색해서 구매, 2이면 게시판에 글쓰기
회원 카테고리 선택해서 장바구니 구매 ---
--- 일반샵으로 593번 구매 데이터 쌓음 ---
test546 로그인
--- Num_1 이 0이면 카테고리 선택해서 구매, 1이면 검색어로 검색해서 구매, 2이면 게시판에 글쓰기
검색어 : 나이키
10번째 상품 클릭
회원 상품명 검색해서 일반 구매 ---
--- 일반샵으로 594번 구매 데이터 쌓음 ---
test690 로그인
--- Num_1 이 0이면 카테고리 선택해서 구매, 1이면 검색어로 검색해서 구매, 2이면 게시판에 글쓰기
검색어 : 아디다스
10번째 상품 클릭
회원 상품명 검색해서 일반 구매 ---
--- 일반샵으로 595번 구매 데이터 쌓음 ---
test953 로그인
--- Num_1 이 0이면 카테고리 선택해서 구매, 1이면 검색어로 검색해서 구매, 2이면 게시판에 글쓰기
검색어 : 나이키
6번째 상품 클릭
회원 상품명 검색해서 일반 구매 ---
--- 일반샵으로 596번 구매 데이터 쌓음 ---
test340 로그인
--- Num_0 이 0이면 카테고리 선택해서 구매, 1이면 검색어로 검색해서 구매, 2이면 게시판에 글쓰기
회원 카테고리 선택해서 일반 구매 ---
--- 일반샵으로 597번 구매 데이터 쌓음 ---
test320 로그인
--- Num_0 이 0이면 카테고리 선택해서 구매, 1이면 검색어로 검색해서 구매, 2이면 게시판에 글쓰기
회원 카테고리 선택해서 장바구니 구매 ---
--- 일반샵으로 598번 구매 데이터 쌓음 ---
test636 로그인
--- Num_0 이 0이면 카테고리 선택해서 구매, 1이면 검색어로 검색해서 구매, 2이면 게시판에 글쓰기
회원 카테고리 선택해서 장바구니 구매 ---
--- 일반샵으로 599번 구매 데이터 쌓음 ---
test471 로그인
--- Num_1 이 0이면 카테고리 선택해서 구매, 1이면 검색어로 검색해서 구매, 2이면 게시판에 글쓰기
검색어 : 나이키
1번째 상품 클릭
회원 상품명 검색해서 일반 구매 ---
--- 일반샵으로 600번 구매 데이터 쌓음 ---
test783 로그인
--- Num_0 이 0이면 카테고리 선택해서 구매, 1이면 검색어로 검색해서 구매, 2이면 게시판에 글쓰기
회원 카테고리 선택해서 장바구니 구매 ---
--- 일반샵으로 601번 구매 데이터 쌓음 ---
test852 로그인
--- Num_0 이 0이면 카테고리 선택해서 구매, 1이면 검색어로 검색해서 구매, 2이면 게시판에 글쓰기
회원 카테고리 선택해서 장바구니 구매 ---
--- 일반샵으로 602번 구매 데이터 쌓음 ---
test375 로그인
--- Num_1 이 0이면 카테고리 선택해서 구매, 1이면 검색어로 검색해서 구매, 2이면 게시판에 글쓰기
검색어 : 나이키
0번째 상품 클릭
회원 상품명 검색해서 일반 구매 ---
--- 일반샵으로 603번 구매 데이터 쌓음 ---
test474 로그인
--- Num_0 이 0이면 카테고리 선택해서 구매, 1이면 검색어로 검색해서 구매, 2이면 게시판에 글쓰기
회원 카테고리 선택해서 장바구니 구매 ---
--- 일반샵으로 604번 구매 데이터 쌓음 ---
test346 로그인
--- Num_1 이 0이면 카테고리 선택해서 구매, 1이면 검색어로 검색해서 구매, 2이면 게시판에 글쓰기
검색어 : 나이키
10번째 상품 클릭
회원 상품명 검색해서 일반 구매 ---
--- 일반샵으로 605번 구매 데이터 쌓음 ---
test961 로그인
--- Num_1 이 0이면 카테고리 선택해서 구매, 1이면 검색어로 검색해서 구매, 2이면 게시판에 글쓰기
검색어 : 아디다스
3번째 상품 클릭
회원 상품명 검색해서 일반 구매 ---
--- 일반샵으로 606번 구매 데이터 쌓음 ---
test68 로그인
--- Num_0 이 0이면 카테고리 선택해서 구매, 1이면 검색어로 검색해서 구매, 2이면 게시판에 글쓰기
회원 카테고리 선택해서 일반 구매 ---
--- 일반샵으로 607번 구매 데이터 쌓음 ---
test848 로그인
--- Num_0 이 0이면 카테고리 선택해서 구매, 1이면 검색어로 검색해서 구매, 2이면 게시판에 글쓰기
회원 카테고리 선택해서 일반 구매 ---
--- 일반샵으로 608번 구매 데이터 쌓음 ---
test744 로그인
--- Num_0 이 0이면 카테고리 선택해서 구매, 1이면 검색어로 검색해서 구매, 2이면 게시판에 글쓰기
회원 카테고리 선택해서 일반 구매 ---
--- 일반샵으로 609번 구매 데이터 쌓음 ---
test982 로그인
--- Num_0 이 0이면 카테고리 선택해서 구매, 1이면 검색어로 검색해서 구매, 2이면 게시판에 글쓰기
회원 카테고리 선택해서 장바구니 구매 ---
--- 일반샵으로 610번 구매 데이터 쌓음 ---
test694 로그인
--- Num_0 이 0이면 카테고리 선택해서 구매, 1이면 검색어로 검색해서 구매, 2이면 게시판에 글쓰기
회원 카테고리 선택해서 장바구니 구매 ---
--- 일반샵으로 611번 구매 데이터 쌓음 ---
test315 로그인
--- Num_0 이 0이면 카테고리 선택해서 구매, 1이면 검색어로 검색해서 구매, 2이면 게시판에 글쓰기
회원 카테고리 선택해서 일반 구매 ---
--- 일반샵으로 612번 구매 데이터 쌓음 ---
test922 로그인
--- Num_1 이 0이면 카테고리 선택해서 구매, 1이면 검색어로 검색해서 구매, 2이면 게시판에 글쓰기
검색어 : 나이키
10번째 상품 클릭
회원 상품명 검색해서 장바구니 구매 ---
--- 일반샵으로 613번 구매 데이터 쌓음 ---
test213 로그인
--- Num_0 이 0이면 카테고리 선택해서 구매, 1이면 검색어로 검색해서 구매, 2이면 게시판에 글쓰기
회원 카테고리 선택해서 일반 구매 ---
--- 일반샵으로 614번 구매 데이터 쌓음 ---
test247 로그인
--- Num_1 이 0이면 카테고리 선택해서 구매, 1이면 검색어로 검색해서 구매, 2이면 게시판에 글쓰기
검색어 : 나이키
10번째 상품 클릭
회원 상품명 검색해서 일반 구매 ---
--- 일반샵으로 615번 구매 데이터 쌓음 ---
test786 로그인
--- Num_0 이 0이면 카테고리 선택해서 구매, 1이면 검색어로 검색해서 구매, 2이면 게시판에 글쓰기
회원 카테고리 선택해서 일반 구매 ---
--- 일반샵으로 616번 구매 데이터 쌓음 ---
test219 로그인
--- Num_1 이 0이면 카테고리 선택해서 구매, 1이면 검색어로 검색해서 구매, 2이면 게시판에 글쓰기
검색어 : 나이키
1번째 상품 클릭
회원 상품명 검색해서 장바구니 구매 ---
--- 일반샵으로 617번 구매 데이터 쌓음 ---
test335 로그인
--- Num_1 이 0이면 카테고리 선택해서 구매, 1이면 검색어로 검색해서 구매, 2이면 게시판에 글쓰기
검색어 : 나이키
3번째 상품 클릭
회원 상품명 검색해서 장바구니 구매 ---
--- 일반샵으로 618번 구매 데이터 쌓음 ---
test650 로그인
--- Num_0 이 0이면 카테고리 선택해서 구매, 1이면 검색어로 검색해서 구매, 2이면 게시판에 글쓰기
회원 카테고리 선택해서 장바구니 구매 ---
--- 일반샵으로 619번 구매 데이터 쌓음 ---
test106 로그인
--- Num_0 이 0이면 카테고리 선택해서 구매, 1이면 검색어로 검색해서 구매, 2이면 게시판에 글쓰기
회원 카테고리 선택해서 장바구니 구매 ---
--- 일반샵으로 620번 구매 데이터 쌓음 ---
test842 로그인
--- Num_0 이 0이면 카테고리 선택해서 구매, 1이면 검색어로 검색해서 구매, 2이면 게시판에 글쓰기
회원 카테고리 선택해서 장바구니 구매 ---
--- 일반샵으로 621번 구매 데이터 쌓음 ---
test493 로그인
--- Num_0 이 0이면 카테고리 선택해서 구매, 1이면 검색어로 검색해서 구매, 2이면 게시판에 글쓰기
회원 카테고리 선택해서 장바구니 구매 ---
--- 일반샵으로 622번 구매 데이터 쌓음 ---
test164 로그인
--- Num_1 이 0이면 카테고리 선택해서 구매, 1이면 검색어로 검색해서 구매, 2이면 게시판에 글쓰기
검색어 : 나이키
0번째 상품 클릭
회원 상품명 검색해서 일반 구매 ---
--- 일반샵으로 623번 구매 데이터 쌓음 ---
test737 로그인
--- Num_0 이 0이면 카테고리 선택해서 구매, 1이면 검색어로 검색해서 구매, 2이면 게시판에 글쓰기
회원 카테고리 선택해서 일반 구매 ---
--- 일반샵으로 624번 구매 데이터 쌓음 ---
test608 로그인
--- Num_0 이 0이면 카테고리 선택해서 구매, 1이면 검색어로 검색해서 구매, 2이면 게시판에 글쓰기
회원 카테고리 선택해서 일반 구매 ---
--- 일반샵으로 625번 구매 데이터 쌓음 ---
test212 로그인
--- Num_0 이 0이면 카테고리 선택해서 구매, 1이면 검색어로 검색해서 구매, 2이면 게시판에 글쓰기
회원 카테고리 선택해서 일반 구매 ---
--- 일반샵으로 626번 구매 데이터 쌓음 ---
test540 로그인
--- Num_0 이 0이면 카테고리 선택해서 구매, 1이면 검색어로 검색해서 구매, 2이면 게시판에 글쓰기
회원 카테고리 선택해서 장바구니 구매 ---
--- 일반샵으로 627번 구매 데이터 쌓음 ---
test301 로그인
--- Num_0 이 0이면 카테고리 선택해서 구매, 1이면 검색어로 검색해서 구매, 2이면 게시판에 글쓰기
회원 카테고리 선택해서 일반 구매 ---
--- 일반샵으로 628번 구매 데이터 쌓음 ---
test975 로그인
--- Num_1 이 0이면 카테고리 선택해서 구매, 1이면 검색어로 검색해서 구매, 2이면 게시판에 글쓰기
검색어 : 아디다스
8번째 상품 클릭
회원 상품명 검색해서 일반 구매 ---
--- 일반샵으로 629번 구매 데이터 쌓음 ---
test490 로그인
--- Num_1 이 0이면 카테고리 선택해서 구매, 1이면 검색어로 검색해서 구매, 2이면 게시판에 글쓰기
검색어 : 아디다스
9번째 상품 클릭
회원 상품명 검색해서 장바구니 구매 ---
--- 일반샵으로 630번 구매 데이터 쌓음 ---
test345 로그인
--- Num_1 이 0이면 카테고리 선택해서 구매, 1이면 검색어로 검색해서 구매, 2이면 게시판에 글쓰기
검색어 : 나이키
0번째 상품 클릭
회원 상품명 검색해서 장바구니 구매 ---
--- 일반샵으로 631번 구매 데이터 쌓음 ---
test639 로그인
--- Num_1 이 0이면 카테고리 선택해서 구매, 1이면 검색어로 검색해서 구매, 2이면 게시판에 글쓰기
검색어 : 아디다스
7번째 상품 클릭
회원 상품명 검색해서 일반 구매 ---
--- 일반샵으로 632번 구매 데이터 쌓음 ---
test930 로그인
--- Num_0 이 0이면 카테고리 선택해서 구매, 1이면 검색어로 검색해서 구매, 2이면 게시판에 글쓰기
회원 카테고리 선택해서 일반 구매 ---
--- 일반샵으로 633번 구매 데이터 쌓음 ---
test720 로그인
--- Num_0 이 0이면 카테고리 선택해서 구매, 1이면 검색어로 검색해서 구매, 2이면 게시판에 글쓰기
회원 카테고리 선택해서 장바구니 구매 ---
--- 일반샵으로 634번 구매 데이터 쌓음 ---
test327 로그인
--- Num_0 이 0이면 카테고리 선택해서 구매, 1이면 검색어로 검색해서 구매, 2이면 게시판에 글쓰기
회원 카테고리 선택해서 일반 구매 ---
--- 일반샵으로 635번 구매 데이터 쌓음 ---
test998 로그인
--- Num_1 이 0이면 카테고리 선택해서 구매, 1이면 검색어로 검색해서 구매, 2이면 게시판에 글쓰기
검색어 : 나이키
2번째 상품 클릭
회원 상품명 검색해서 장바구니 구매 ---
--- 일반샵으로 636번 구매 데이터 쌓음 ---
test71 로그인
--- Num_1 이 0이면 카테고리 선택해서 구매, 1이면 검색어로 검색해서 구매, 2이면 게시판에 글쓰기
검색어 : 나이키
6번째 상품 클릭
회원 상품명 검색해서 장바구니 구매 ---
--- 일반샵으로 637번 구매 데이터 쌓음 ---
test144 로그인
--- Num_0 이 0이면 카테고리 선택해서 구매, 1이면 검색어로 검색해서 구매, 2이면 게시판에 글쓰기
회원 카테고리 선택해서 일반 구매 ---
--- 일반샵으로 638번 구매 데이터 쌓음 ---
test642 로그인
--- Num_0 이 0이면 카테고리 선택해서 구매, 1이면 검색어로 검색해서 구매, 2이면 게시판에 글쓰기
회원 카테고리 선택해서 장바구니 구매 ---
--- 일반샵으로 639번 구매 데이터 쌓음 ---
test841 로그인
--- Num_1 이 0이면 카테고리 선택해서 구매, 1이면 검색어로 검색해서 구매, 2이면 게시판에 글쓰기
검색어 : 나이키
3번째 상품 클릭
회원 상품명 검색해서 장바구니 구매 ---
--- 일반샵으로 640번 구매 데이터 쌓음 ---
test629 로그인
--- Num_0 이 0이면 카테고리 선택해서 구매, 1이면 검색어로 검색해서 구매, 2이면 게시판에 글쓰기
회원 카테고리 선택해서 장바구니 구매 ---
--- 일반샵으로 641번 구매 데이터 쌓음 ---
test297 로그인
--- Num_1 이 0이면 카테고리 선택해서 구매, 1이면 검색어로 검색해서 구매, 2이면 게시판에 글쓰기
검색어 : 나이키
4번째 상품 클릭
회원 상품명 검색해서 일반 구매 ---
--- 일반샵으로 642번 구매 데이터 쌓음 ---
test618 로그인
--- Num_0 이 0이면 카테고리 선택해서 구매, 1이면 검색어로 검색해서 구매, 2이면 게시판에 글쓰기
회원 카테고리 선택해서 일반 구매 ---
--- 일반샵으로 643번 구매 데이터 쌓음 ---
test418 로그인
--- Num_1 이 0이면 카테고리 선택해서 구매, 1이면 검색어로 검색해서 구매, 2이면 게시판에 글쓰기
검색어 : 나이키
2번째 상품 클릭
회원 상품명 검색해서 일반 구매 ---
--- 일반샵으로 644번 구매 데이터 쌓음 ---
test516 로그인
--- Num_1 이 0이면 카테고리 선택해서 구매, 1이면 검색어로 검색해서 구매, 2이면 게시판에 글쓰기
검색어 : 아디다스
4번째 상품 클릭
회원 상품명 검색해서 장바구니 구매 ---
--- 일반샵으로 645번 구매 데이터 쌓음 ---
test115 로그인
--- Num_1 이 0이면 카테고리 선택해서 구매, 1이면 검색어로 검색해서 구매, 2이면 게시판에 글쓰기
검색어 : 나이키
3번째 상품 클릭
회원 상품명 검색해서 일반 구매 ---
--- 일반샵으로 646번 구매 데이터 쌓음 ---
test667 로그인
--- Num_0 이 0이면 카테고리 선택해서 구매, 1이면 검색어로 검색해서 구매, 2이면 게시판에 글쓰기
회원 카테고리 선택해서 장바구니 구매 ---
--- 일반샵으로 647번 구매 데이터 쌓음 ---
test704 로그인
--- Num_0 이 0이면 카테고리 선택해서 구매, 1이면 검색어로 검색해서 구매, 2이면 게시판에 글쓰기
회원 카테고리 선택해서 장바구니 구매 ---
--- 일반샵으로 648번 구매 데이터 쌓음 ---
test765 로그인
--- Num_1 이 0이면 카테고리 선택해서 구매, 1이면 검색어로 검색해서 구매, 2이면 게시판에 글쓰기
검색어 : 나이키
3번째 상품 클릭
회원 상품명 검색해서 장바구니 구매 ---
--- 일반샵으로 649번 구매 데이터 쌓음 ---
test591 로그인
--- Num_1 이 0이면 카테고리 선택해서 구매, 1이면 검색어로 검색해서 구매, 2이면 게시판에 글쓰기
검색어 : 아디다스
8번째 상품 클릭
회원 상품명 검색해서 일반 구매 ---
--- 일반샵으로 650번 구매 데이터 쌓음 ---
test989 로그인
--- Num_1 이 0이면 카테고리 선택해서 구매, 1이면 검색어로 검색해서 구매, 2이면 게시판에 글쓰기
검색어 : 아디다스
2번째 상품 클릭
회원 상품명 검색해서 일반 구매 ---
--- 일반샵으로 651번 구매 데이터 쌓음 ---
test64 로그인
--- Num_0 이 0이면 카테고리 선택해서 구매, 1이면 검색어로 검색해서 구매, 2이면 게시판에 글쓰기
회원 카테고리 선택해서 일반 구매 ---
--- 일반샵으로 652번 구매 데이터 쌓음 ---
test502 로그인
--- Num_0 이 0이면 카테고리 선택해서 구매, 1이면 검색어로 검색해서 구매, 2이면 게시판에 글쓰기
회원 카테고리 선택해서 장바구니 구매 ---
--- 일반샵으로 653번 구매 데이터 쌓음 ---
test113 로그인
--- Num_1 이 0이면 카테고리 선택해서 구매, 1이면 검색어로 검색해서 구매, 2이면 게시판에 글쓰기
검색어 : 아디다스
5번째 상품 클릭
회원 상품명 검색해서 일반 구매 ---
--- 일반샵으로 654번 구매 데이터 쌓음 ---
test459 로그인
--- Num_1 이 0이면 카테고리 선택해서 구매, 1이면 검색어로 검색해서 구매, 2이면 게시판에 글쓰기
검색어 : 아디다스
9번째 상품 클릭
회원 상품명 검색해서 장바구니 구매 ---
--- 일반샵으로 655번 구매 데이터 쌓음 ---
test253 로그인
--- Num_1 이 0이면 카테고리 선택해서 구매, 1이면 검색어로 검색해서 구매, 2이면 게시판에 글쓰기
검색어 : 아디다스
6번째 상품 클릭
회원 상품명 검색해서 일반 구매 ---
--- 일반샵으로 656번 구매 데이터 쌓음 ---
test902 로그인
--- Num_1 이 0이면 카테고리 선택해서 구매, 1이면 검색어로 검색해서 구매, 2이면 게시판에 글쓰기
검색어 : 아디다스
3번째 상품 클릭
회원 상품명 검색해서 일반 구매 ---
--- 일반샵으로 657번 구매 데이터 쌓음 ---
test854 로그인
--- Num_1 이 0이면 카테고리 선택해서 구매, 1이면 검색어로 검색해서 구매, 2이면 게시판에 글쓰기
검색어 : 아디다스
8번째 상품 클릭
회원 상품명 검색해서 일반 구매 ---
--- 일반샵으로 658번 구매 데이터 쌓음 ---
test387 로그인
--- Num_1 이 0이면 카테고리 선택해서 구매, 1이면 검색어로 검색해서 구매, 2이면 게시판에 글쓰기
검색어 : 나이키
2번째 상품 클릭
회원 상품명 검색해서 일반 구매 ---
--- 일반샵으로 659번 구매 데이터 쌓음 ---
test918 로그인
--- Num_1 이 0이면 카테고리 선택해서 구매, 1이면 검색어로 검색해서 구매, 2이면 게시판에 글쓰기
검색어 : 아디다스
2번째 상품 클릭
회원 상품명 검색해서 일반 구매 ---
--- 일반샵으로 660번 구매 데이터 쌓음 ---
test822 로그인
--- Num_0 이 0이면 카테고리 선택해서 구매, 1이면 검색어로 검색해서 구매, 2이면 게시판에 글쓰기
회원 카테고리 선택해서 일반 구매 ---
--- 일반샵으로 661번 구매 데이터 쌓음 ---
test745 로그인
--- Num_0 이 0이면 카테고리 선택해서 구매, 1이면 검색어로 검색해서 구매, 2이면 게시판에 글쓰기
회원 카테고리 선택해서 장바구니 구매 ---
--- 일반샵으로 662번 구매 데이터 쌓음 ---
test443 로그인
--- Num_0 이 0이면 카테고리 선택해서 구매, 1이면 검색어로 검색해서 구매, 2이면 게시판에 글쓰기
회원 카테고리 선택해서 일반 구매 ---
--- 일반샵으로 663번 구매 데이터 쌓음 ---
test652 로그인
--- Num_1 이 0이면 카테고리 선택해서 구매, 1이면 검색어로 검색해서 구매, 2이면 게시판에 글쓰기
검색어 : 아디다스
10번째 상품 클릭
회원 상품명 검색해서 장바구니 구매 ---
--- 일반샵으로 664번 구매 데이터 쌓음 ---
test593 로그인
--- Num_1 이 0이면 카테고리 선택해서 구매, 1이면 검색어로 검색해서 구매, 2이면 게시판에 글쓰기
검색어 : 나이키
9번째 상품 클릭
회원 상품명 검색해서 장바구니 구매 ---
--- 일반샵으로 665번 구매 데이터 쌓음 ---
test420 로그인
--- Num_0 이 0이면 카테고리 선택해서 구매, 1이면 검색어로 검색해서 구매, 2이면 게시판에 글쓰기
회원 카테고리 선택해서 일반 구매 ---
--- 일반샵으로 666번 구매 데이터 쌓음 ---
test803 로그인
--- Num_1 이 0이면 카테고리 선택해서 구매, 1이면 검색어로 검색해서 구매, 2이면 게시판에 글쓰기
검색어 : 아디다스
1번째 상품 클릭
회원 상품명 검색해서 장바구니 구매 ---
--- 일반샵으로 667번 구매 데이터 쌓음 ---
test655 로그인
--- Num_0 이 0이면 카테고리 선택해서 구매, 1이면 검색어로 검색해서 구매, 2이면 게시판에 글쓰기
회원 카테고리 선택해서 장바구니 구매 ---
--- 일반샵으로 668번 구매 데이터 쌓음 ---
test727 로그인
--- Num_0 이 0이면 카테고리 선택해서 구매, 1이면 검색어로 검색해서 구매, 2이면 게시판에 글쓰기
회원 카테고리 선택해서 일반 구매 ---
--- 일반샵으로 669번 구매 데이터 쌓음 ---
test490 로그인
--- Num_0 이 0이면 카테고리 선택해서 구매, 1이면 검색어로 검색해서 구매, 2이면 게시판에 글쓰기
회원 카테고리 선택해서 장바구니 구매 ---
--- 일반샵으로 670번 구매 데이터 쌓음 ---
test720 로그인
--- Num_0 이 0이면 카테고리 선택해서 구매, 1이면 검색어로 검색해서 구매, 2이면 게시판에 글쓰기
회원 카테고리 선택해서 장바구니 구매 ---
--- 일반샵으로 671번 구매 데이터 쌓음 ---
test954 로그인
--- Num_1 이 0이면 카테고리 선택해서 구매, 1이면 검색어로 검색해서 구매, 2이면 게시판에 글쓰기
검색어 : 나이키
6번째 상품 클릭
회원 상품명 검색해서 장바구니 구매 ---
--- 일반샵으로 672번 구매 데이터 쌓음 ---
test682 로그인
--- Num_0 이 0이면 카테고리 선택해서 구매, 1이면 검색어로 검색해서 구매, 2이면 게시판에 글쓰기
회원 카테고리 선택해서 일반 구매 ---
--- 일반샵으로 673번 구매 데이터 쌓음 ---
test879 로그인
--- Num_1 이 0이면 카테고리 선택해서 구매, 1이면 검색어로 검색해서 구매, 2이면 게시판에 글쓰기
검색어 : 나이키
2번째 상품 클릭
회원 상품명 검색해서 장바구니 구매 ---
--- 일반샵으로 674번 구매 데이터 쌓음 ---
test575 로그인
--- Num_0 이 0이면 카테고리 선택해서 구매, 1이면 검색어로 검색해서 구매, 2이면 게시판에 글쓰기
회원 카테고리 선택해서 일반 구매 ---
--- 일반샵으로 675번 구매 데이터 쌓음 ---
test563 로그인
--- Num_1 이 0이면 카테고리 선택해서 구매, 1이면 검색어로 검색해서 구매, 2이면 게시판에 글쓰기
검색어 : 나이키
4번째 상품 클릭
회원 상품명 검색해서 일반 구매 ---
--- 일반샵으로 676번 구매 데이터 쌓음 ---
test191 로그인
--- Num_0 이 0이면 카테고리 선택해서 구매, 1이면 검색어로 검색해서 구매, 2이면 게시판에 글쓰기
회원 카테고리 선택해서 일반 구매 ---
--- 일반샵으로 677번 구매 데이터 쌓음 ---
test736 로그인
--- Num_0 이 0이면 카테고리 선택해서 구매, 1이면 검색어로 검색해서 구매, 2이면 게시판에 글쓰기
회원 카테고리 선택해서 장바구니 구매 ---
--- 일반샵으로 678번 구매 데이터 쌓음 ---
test470 로그인
--- Num_1 이 0이면 카테고리 선택해서 구매, 1이면 검색어로 검색해서 구매, 2이면 게시판에 글쓰기
검색어 : 나이키
8번째 상품 클릭
회원 상품명 검색해서 일반 구매 ---
--- 일반샵으로 679번 구매 데이터 쌓음 ---
test294 로그인
--- Num_1 이 0이면 카테고리 선택해서 구매, 1이면 검색어로 검색해서 구매, 2이면 게시판에 글쓰기
검색어 : 아디다스
1번째 상품 클릭
회원 상품명 검색해서 일반 구매 ---
--- 일반샵으로 680번 구매 데이터 쌓음 ---
test179 로그인
--- Num_0 이 0이면 카테고리 선택해서 구매, 1이면 검색어로 검색해서 구매, 2이면 게시판에 글쓰기
회원 카테고리 선택해서 일반 구매 ---
--- 일반샵으로 681번 구매 데이터 쌓음 ---
test637 로그인
--- Num_1 이 0이면 카테고리 선택해서 구매, 1이면 검색어로 검색해서 구매, 2이면 게시판에 글쓰기
검색어 : 나이키
6번째 상품 클릭
회원 상품명 검색해서 일반 구매 ---
--- 일반샵으로 682번 구매 데이터 쌓음 ---
test901 로그인
--- Num_1 이 0이면 카테고리 선택해서 구매, 1이면 검색어로 검색해서 구매, 2이면 게시판에 글쓰기
검색어 : 나이키
5번째 상품 클릭
회원 상품명 검색해서 장바구니 구매 ---
--- 일반샵으로 683번 구매 데이터 쌓음 ---
test396 로그인
--- Num_0 이 0이면 카테고리 선택해서 구매, 1이면 검색어로 검색해서 구매, 2이면 게시판에 글쓰기
회원 카테고리 선택해서 일반 구매 ---
--- 일반샵으로 684번 구매 데이터 쌓음 ---
test239 로그인
--- Num_1 이 0이면 카테고리 선택해서 구매, 1이면 검색어로 검색해서 구매, 2이면 게시판에 글쓰기
검색어 : 나이키
10번째 상품 클릭
회원 상품명 검색해서 일반 구매 ---
--- 일반샵으로 685번 구매 데이터 쌓음 ---
test18 로그인
--- Num_1 이 0이면 카테고리 선택해서 구매, 1이면 검색어로 검색해서 구매, 2이면 게시판에 글쓰기
검색어 : 아디다스
2번째 상품 클릭
회원 상품명 검색해서 장바구니 구매 ---
--- 일반샵으로 686번 구매 데이터 쌓음 ---
test407 로그인
--- Num_0 이 0이면 카테고리 선택해서 구매, 1이면 검색어로 검색해서 구매, 2이면 게시판에 글쓰기
회원 카테고리 선택해서 일반 구매 ---
--- 일반샵으로 687번 구매 데이터 쌓음 ---
test549 로그인
--- Num_0 이 0이면 카테고리 선택해서 구매, 1이면 검색어로 검색해서 구매, 2이면 게시판에 글쓰기
회원 카테고리 선택해서 장바구니 구매 ---
--- 일반샵으로 688번 구매 데이터 쌓음 ---
test27 로그인
--- Num_0 이 0이면 카테고리 선택해서 구매, 1이면 검색어로 검색해서 구매, 2이면 게시판에 글쓰기
회원 카테고리 선택해서 일반 구매 ---
--- 일반샵으로 689번 구매 데이터 쌓음 ---
test809 로그인
--- Num_0 이 0이면 카테고리 선택해서 구매, 1이면 검색어로 검색해서 구매, 2이면 게시판에 글쓰기
회원 카테고리 선택해서 일반 구매 ---
--- 일반샵으로 690번 구매 데이터 쌓음 ---
test904 로그인
--- Num_1 이 0이면 카테고리 선택해서 구매, 1이면 검색어로 검색해서 구매, 2이면 게시판에 글쓰기
검색어 : 나이키
5번째 상품 클릭
회원 상품명 검색해서 일반 구매 ---
--- 일반샵으로 691번 구매 데이터 쌓음 ---
test65 로그인
--- Num_1 이 0이면 카테고리 선택해서 구매, 1이면 검색어로 검색해서 구매, 2이면 게시판에 글쓰기
검색어 : 아디다스
0번째 상품 클릭
회원 상품명 검색해서 장바구니 구매 ---
--- 일반샵으로 692번 구매 데이터 쌓음 ---
test650 로그인
--- Num_0 이 0이면 카테고리 선택해서 구매, 1이면 검색어로 검색해서 구매, 2이면 게시판에 글쓰기
회원 카테고리 선택해서 장바구니 구매 ---
--- 일반샵으로 693번 구매 데이터 쌓음 ---
test972 로그인
--- Num_0 이 0이면 카테고리 선택해서 구매, 1이면 검색어로 검색해서 구매, 2이면 게시판에 글쓰기
회원 카테고리 선택해서 장바구니 구매 ---
--- 일반샵으로 694번 구매 데이터 쌓음 ---
test352 로그인
--- Num_0 이 0이면 카테고리 선택해서 구매, 1이면 검색어로 검색해서 구매, 2이면 게시판에 글쓰기
회원 카테고리 선택해서 일반 구매 ---
--- 일반샵으로 695번 구매 데이터 쌓음 ---
test939 로그인
--- Num_0 이 0이면 카테고리 선택해서 구매, 1이면 검색어로 검색해서 구매, 2이면 게시판에 글쓰기
회원 카테고리 선택해서 장바구니 구매 ---
--- 일반샵으로 696번 구매 데이터 쌓음 ---
test233 로그인
--- Num_1 이 0이면 카테고리 선택해서 구매, 1이면 검색어로 검색해서 구매, 2이면 게시판에 글쓰기
검색어 : 나이키
7번째 상품 클릭
회원 상품명 검색해서 일반 구매 ---
--- 일반샵으로 697번 구매 데이터 쌓음 ---
test701 로그인
--- Num_1 이 0이면 카테고리 선택해서 구매, 1이면 검색어로 검색해서 구매, 2이면 게시판에 글쓰기
검색어 : 나이키
6번째 상품 클릭
회원 상품명 검색해서 일반 구매 ---
--- 일반샵으로 698번 구매 데이터 쌓음 ---
test609 로그인
--- Num_0 이 0이면 카테고리 선택해서 구매, 1이면 검색어로 검색해서 구매, 2이면 게시판에 글쓰기
회원 카테고리 선택해서 장바구니 구매 ---
--- 일반샵으로 699번 구매 데이터 쌓음 ---
test870 로그인
--- Num_1 이 0이면 카테고리 선택해서 구매, 1이면 검색어로 검색해서 구매, 2이면 게시판에 글쓰기
검색어 : 아디다스
10번째 상품 클릭
회원 상품명 검색해서 일반 구매 ---
--- 일반샵으로 700번 구매 데이터 쌓음 ---
test854 로그인
--- Num_0 이 0이면 카테고리 선택해서 구매, 1이면 검색어로 검색해서 구매, 2이면 게시판에 글쓰기
회원 카테고리 선택해서 장바구니 구매 ---
--- 일반샵으로 701번 구매 데이터 쌓음 ---
test728 로그인
--- Num_1 이 0이면 카테고리 선택해서 구매, 1이면 검색어로 검색해서 구매, 2이면 게시판에 글쓰기
검색어 : 나이키
7번째 상품 클릭
회원 상품명 검색해서 장바구니 구매 ---
--- 일반샵으로 702번 구매 데이터 쌓음 ---
test246 로그인
--- Num_0 이 0이면 카테고리 선택해서 구매, 1이면 검색어로 검색해서 구매, 2이면 게시판에 글쓰기
회원 카테고리 선택해서 장바구니 구매 ---
--- 일반샵으로 703번 구매 데이터 쌓음 ---
test667 로그인
--- Num_0 이 0이면 카테고리 선택해서 구매, 1이면 검색어로 검색해서 구매, 2이면 게시판에 글쓰기
회원 카테고리 선택해서 장바구니 구매 ---
--- 일반샵으로 704번 구매 데이터 쌓음 ---
test829 로그인
--- Num_1 이 0이면 카테고리 선택해서 구매, 1이면 검색어로 검색해서 구매, 2이면 게시판에 글쓰기
검색어 : 아디다스
1번째 상품 클릭
회원 상품명 검색해서 일반 구매 ---
--- 일반샵으로 705번 구매 데이터 쌓음 ---
test23 로그인
--- Num_1 이 0이면 카테고리 선택해서 구매, 1이면 검색어로 검색해서 구매, 2이면 게시판에 글쓰기
검색어 : 아디다스
2번째 상품 클릭
회원 상품명 검색해서 장바구니 구매 ---
--- 일반샵으로 706번 구매 데이터 쌓음 ---
test57 로그인
--- Num_0 이 0이면 카테고리 선택해서 구매, 1이면 검색어로 검색해서 구매, 2이면 게시판에 글쓰기
회원 카테고리 선택해서 일반 구매 ---
--- 일반샵으로 707번 구매 데이터 쌓음 ---
test630 로그인
--- Num_1 이 0이면 카테고리 선택해서 구매, 1이면 검색어로 검색해서 구매, 2이면 게시판에 글쓰기
검색어 : 아디다스
5번째 상품 클릭
회원 상품명 검색해서 장바구니 구매 ---
--- 일반샵으로 708번 구매 데이터 쌓음 ---
test278 로그인
--- Num_1 이 0이면 카테고리 선택해서 구매, 1이면 검색어로 검색해서 구매, 2이면 게시판에 글쓰기
검색어 : 나이키
2번째 상품 클릭
회원 상품명 검색해서 일반 구매 ---
--- 일반샵으로 709번 구매 데이터 쌓음 ---
test17 로그인
--- Num_0 이 0이면 카테고리 선택해서 구매, 1이면 검색어로 검색해서 구매, 2이면 게시판에 글쓰기
회원 카테고리 선택해서 장바구니 구매 ---
--- 일반샵으로 710번 구매 데이터 쌓음 ---
test146 로그인
--- Num_0 이 0이면 카테고리 선택해서 구매, 1이면 검색어로 검색해서 구매, 2이면 게시판에 글쓰기
회원 카테고리 선택해서 일반 구매 ---
--- 일반샵으로 711번 구매 데이터 쌓음 ---
test865 로그인
--- Num_0 이 0이면 카테고리 선택해서 구매, 1이면 검색어로 검색해서 구매, 2이면 게시판에 글쓰기
회원 카테고리 선택해서 일반 구매 ---
--- 일반샵으로 712번 구매 데이터 쌓음 ---
test501 로그인
--- Num_0 이 0이면 카테고리 선택해서 구매, 1이면 검색어로 검색해서 구매, 2이면 게시판에 글쓰기
회원 카테고리 선택해서 일반 구매 ---
--- 일반샵으로 713번 구매 데이터 쌓음 ---
test59 로그인
--- Num_1 이 0이면 카테고리 선택해서 구매, 1이면 검색어로 검색해서 구매, 2이면 게시판에 글쓰기
검색어 : 아디다스
1번째 상품 클릭
회원 상품명 검색해서 장바구니 구매 ---
--- 일반샵으로 714번 구매 데이터 쌓음 ---
test979 로그인
--- Num_1 이 0이면 카테고리 선택해서 구매, 1이면 검색어로 검색해서 구매, 2이면 게시판에 글쓰기
검색어 : 나이키
7번째 상품 클릭
회원 상품명 검색해서 장바구니 구매 ---
--- 일반샵으로 715번 구매 데이터 쌓음 ---
test9 로그인
--- Num_0 이 0이면 카테고리 선택해서 구매, 1이면 검색어로 검색해서 구매, 2이면 게시판에 글쓰기
회원 카테고리 선택해서 일반 구매 ---
--- 일반샵으로 716번 구매 데이터 쌓음 ---
test39 로그인
--- Num_0 이 0이면 카테고리 선택해서 구매, 1이면 검색어로 검색해서 구매, 2이면 게시판에 글쓰기
회원 카테고리 선택해서 일반 구매 ---
--- 일반샵으로 717번 구매 데이터 쌓음 ---
test385 로그인
--- Num_0 이 0이면 카테고리 선택해서 구매, 1이면 검색어로 검색해서 구매, 2이면 게시판에 글쓰기
회원 카테고리 선택해서 장바구니 구매 ---
--- 일반샵으로 718번 구매 데이터 쌓음 ---
test987 로그인
--- Num_0 이 0이면 카테고리 선택해서 구매, 1이면 검색어로 검색해서 구매, 2이면 게시판에 글쓰기
회원 카테고리 선택해서 장바구니 구매 ---
--- 일반샵으로 719번 구매 데이터 쌓음 ---
test600 로그인
--- Num_1 이 0이면 카테고리 선택해서 구매, 1이면 검색어로 검색해서 구매, 2이면 게시판에 글쓰기
검색어 : 아디다스
4번째 상품 클릭
회원 상품명 검색해서 일반 구매 ---
--- 일반샵으로 720번 구매 데이터 쌓음 ---
test267 로그인
--- Num_1 이 0이면 카테고리 선택해서 구매, 1이면 검색어로 검색해서 구매, 2이면 게시판에 글쓰기
검색어 : 아디다스
10번째 상품 클릭
회원 상품명 검색해서 일반 구매 ---
--- 일반샵으로 721번 구매 데이터 쌓음 ---
test754 로그인
--- Num_1 이 0이면 카테고리 선택해서 구매, 1이면 검색어로 검색해서 구매, 2이면 게시판에 글쓰기
검색어 : 아디다스
3번째 상품 클릭
회원 상품명 검색해서 일반 구매 ---
--- 일반샵으로 722번 구매 데이터 쌓음 ---
test204 로그인
--- Num_1 이 0이면 카테고리 선택해서 구매, 1이면 검색어로 검색해서 구매, 2이면 게시판에 글쓰기
검색어 : 아디다스
0번째 상품 클릭
회원 상품명 검색해서 장바구니 구매 ---
--- 일반샵으로 723번 구매 데이터 쌓음 ---
test139 로그인
--- Num_1 이 0이면 카테고리 선택해서 구매, 1이면 검색어로 검색해서 구매, 2이면 게시판에 글쓰기
검색어 : 나이키
1번째 상품 클릭
회원 상품명 검색해서 일반 구매 ---
--- 일반샵으로 724번 구매 데이터 쌓음 ---
test629 로그인
--- Num_1 이 0이면 카테고리 선택해서 구매, 1이면 검색어로 검색해서 구매, 2이면 게시판에 글쓰기
검색어 : 나이키
10번째 상품 클릭
회원 상품명 검색해서 일반 구매 ---
--- 일반샵으로 725번 구매 데이터 쌓음 ---
test862 로그인
--- Num_0 이 0이면 카테고리 선택해서 구매, 1이면 검색어로 검색해서 구매, 2이면 게시판에 글쓰기
회원 카테고리 선택해서 일반 구매 ---
--- 일반샵으로 726번 구매 데이터 쌓음 ---
test468 로그인
--- Num_0 이 0이면 카테고리 선택해서 구매, 1이면 검색어로 검색해서 구매, 2이면 게시판에 글쓰기
회원 카테고리 선택해서 일반 구매 ---
--- 일반샵으로 727번 구매 데이터 쌓음 ---
test50 로그인
--- Num_1 이 0이면 카테고리 선택해서 구매, 1이면 검색어로 검색해서 구매, 2이면 게시판에 글쓰기
검색어 : 아디다스
2번째 상품 클릭
회원 상품명 검색해서 장바구니 구매 ---
--- 일반샵으로 728번 구매 데이터 쌓음 ---
test218 로그인
--- Num_0 이 0이면 카테고리 선택해서 구매, 1이면 검색어로 검색해서 구매, 2이면 게시판에 글쓰기
회원 카테고리 선택해서 일반 구매 ---
--- 일반샵으로 729번 구매 데이터 쌓음 ---
test840 로그인
--- Num_1 이 0이면 카테고리 선택해서 구매, 1이면 검색어로 검색해서 구매, 2이면 게시판에 글쓰기
검색어 : 나이키
10번째 상품 클릭
회원 상품명 검색해서 장바구니 구매 ---
--- 일반샵으로 730번 구매 데이터 쌓음 ---
test429 로그인
--- Num_0 이 0이면 카테고리 선택해서 구매, 1이면 검색어로 검색해서 구매, 2이면 게시판에 글쓰기
회원 카테고리 선택해서 일반 구매 ---
--- 일반샵으로 731번 구매 데이터 쌓음 ---
test311 로그인
--- Num_0 이 0이면 카테고리 선택해서 구매, 1이면 검색어로 검색해서 구매, 2이면 게시판에 글쓰기
회원 카테고리 선택해서 장바구니 구매 ---
--- 일반샵으로 732번 구매 데이터 쌓음 ---
test885 로그인
--- Num_0 이 0이면 카테고리 선택해서 구매, 1이면 검색어로 검색해서 구매, 2이면 게시판에 글쓰기
회원 카테고리 선택해서 일반 구매 ---
--- 일반샵으로 733번 구매 데이터 쌓음 ---
test796 로그인
--- Num_1 이 0이면 카테고리 선택해서 구매, 1이면 검색어로 검색해서 구매, 2이면 게시판에 글쓰기
검색어 : 나이키
8번째 상품 클릭
회원 상품명 검색해서 일반 구매 ---
--- 일반샵으로 734번 구매 데이터 쌓음 ---
test429 로그인
--- Num_0 이 0이면 카테고리 선택해서 구매, 1이면 검색어로 검색해서 구매, 2이면 게시판에 글쓰기
회원 카테고리 선택해서 장바구니 구매 ---
--- 일반샵으로 735번 구매 데이터 쌓음 ---
test568 로그인
--- Num_1 이 0이면 카테고리 선택해서 구매, 1이면 검색어로 검색해서 구매, 2이면 게시판에 글쓰기
검색어 : 아디다스
0번째 상품 클릭
회원 상품명 검색해서 장바구니 구매 ---
--- 일반샵으로 736번 구매 데이터 쌓음 ---
test312 로그인
--- Num_1 이 0이면 카테고리 선택해서 구매, 1이면 검색어로 검색해서 구매, 2이면 게시판에 글쓰기
검색어 : 아디다스
6번째 상품 클릭
회원 상품명 검색해서 장바구니 구매 ---
--- 일반샵으로 737번 구매 데이터 쌓음 ---
test565 로그인
--- Num_1 이 0이면 카테고리 선택해서 구매, 1이면 검색어로 검색해서 구매, 2이면 게시판에 글쓰기
검색어 : 나이키
0번째 상품 클릭
회원 상품명 검색해서 장바구니 구매 ---
--- 일반샵으로 738번 구매 데이터 쌓음 ---
test675 로그인
--- Num_1 이 0이면 카테고리 선택해서 구매, 1이면 검색어로 검색해서 구매, 2이면 게시판에 글쓰기
검색어 : 나이키
5번째 상품 클릭
회원 상품명 검색해서 장바구니 구매 ---
--- 일반샵으로 739번 구매 데이터 쌓음 ---
test562 로그인
--- Num_0 이 0이면 카테고리 선택해서 구매, 1이면 검색어로 검색해서 구매, 2이면 게시판에 글쓰기
회원 카테고리 선택해서 일반 구매 ---
--- 일반샵으로 740번 구매 데이터 쌓음 ---
test176 로그인
--- Num_0 이 0이면 카테고리 선택해서 구매, 1이면 검색어로 검색해서 구매, 2이면 게시판에 글쓰기
회원 카테고리 선택해서 장바구니 구매 ---
--- 일반샵으로 741번 구매 데이터 쌓음 ---
test619 로그인
--- Num_0 이 0이면 카테고리 선택해서 구매, 1이면 검색어로 검색해서 구매, 2이면 게시판에 글쓰기
회원 카테고리 선택해서 장바구니 구매 ---
--- 일반샵으로 742번 구매 데이터 쌓음 ---
test148 로그인
--- Num_0 이 0이면 카테고리 선택해서 구매, 1이면 검색어로 검색해서 구매, 2이면 게시판에 글쓰기
회원 카테고리 선택해서 일반 구매 ---
--- 일반샵으로 743번 구매 데이터 쌓음 ---
test657 로그인
--- Num_1 이 0이면 카테고리 선택해서 구매, 1이면 검색어로 검색해서 구매, 2이면 게시판에 글쓰기
검색어 : 아디다스
2번째 상품 클릭
회원 상품명 검색해서 일반 구매 ---
--- 일반샵으로 744번 구매 데이터 쌓음 ---
test100 로그인
--- Num_0 이 0이면 카테고리 선택해서 구매, 1이면 검색어로 검색해서 구매, 2이면 게시판에 글쓰기
회원 카테고리 선택해서 장바구니 구매 ---
--- 일반샵으로 745번 구매 데이터 쌓음 ---
test934 로그인
--- Num_0 이 0이면 카테고리 선택해서 구매, 1이면 검색어로 검색해서 구매, 2이면 게시판에 글쓰기
회원 카테고리 선택해서 장바구니 구매 ---
--- 일반샵으로 746번 구매 데이터 쌓음 ---
test668 로그인
--- Num_1 이 0이면 카테고리 선택해서 구매, 1이면 검색어로 검색해서 구매, 2이면 게시판에 글쓰기
검색어 : 나이키
5번째 상품 클릭
회원 상품명 검색해서 일반 구매 ---
--- 일반샵으로 747번 구매 데이터 쌓음 ---
test973 로그인
--- Num_1 이 0이면 카테고리 선택해서 구매, 1이면 검색어로 검색해서 구매, 2이면 게시판에 글쓰기
검색어 : 나이키
8번째 상품 클릭
회원 상품명 검색해서 일반 구매 ---
--- 일반샵으로 748번 구매 데이터 쌓음 ---
test408 로그인
--- Num_0 이 0이면 카테고리 선택해서 구매, 1이면 검색어로 검색해서 구매, 2이면 게시판에 글쓰기
회원 카테고리 선택해서 일반 구매 ---
--- 일반샵으로 749번 구매 데이터 쌓음 ---
test605 로그인
--- Num_0 이 0이면 카테고리 선택해서 구매, 1이면 검색어로 검색해서 구매, 2이면 게시판에 글쓰기
회원 카테고리 선택해서 장바구니 구매 ---
--- 일반샵으로 750번 구매 데이터 쌓음 ---
test469 로그인
--- Num_1 이 0이면 카테고리 선택해서 구매, 1이면 검색어로 검색해서 구매, 2이면 게시판에 글쓰기
검색어 : 아디다스
5번째 상품 클릭
회원 상품명 검색해서 장바구니 구매 ---
--- 일반샵으로 751번 구매 데이터 쌓음 ---
test500 로그인
--- Num_1 이 0이면 카테고리 선택해서 구매, 1이면 검색어로 검색해서 구매, 2이면 게시판에 글쓰기
검색어 : 나이키
0번째 상품 클릭
회원 상품명 검색해서 일반 구매 ---
--- 일반샵으로 752번 구매 데이터 쌓음 ---
test604 로그인
--- Num_1 이 0이면 카테고리 선택해서 구매, 1이면 검색어로 검색해서 구매, 2이면 게시판에 글쓰기
검색어 : 나이키
1번째 상품 클릭
회원 상품명 검색해서 일반 구매 ---
--- 일반샵으로 753번 구매 데이터 쌓음 ---
test325 로그인
--- Num_1 이 0이면 카테고리 선택해서 구매, 1이면 검색어로 검색해서 구매, 2이면 게시판에 글쓰기
검색어 : 아디다스
8번째 상품 클릭
회원 상품명 검색해서 장바구니 구매 ---
--- 일반샵으로 754번 구매 데이터 쌓음 ---
test385 로그인
--- Num_0 이 0이면 카테고리 선택해서 구매, 1이면 검색어로 검색해서 구매, 2이면 게시판에 글쓰기
회원 카테고리 선택해서 일반 구매 ---
--- 일반샵으로 755번 구매 데이터 쌓음 ---
test569 로그인
--- Num_1 이 0이면 카테고리 선택해서 구매, 1이면 검색어로 검색해서 구매, 2이면 게시판에 글쓰기
검색어 : 아디다스
3번째 상품 클릭
회원 상품명 검색해서 일반 구매 ---
--- 일반샵으로 756번 구매 데이터 쌓음 ---
test418 로그인
--- Num_1 이 0이면 카테고리 선택해서 구매, 1이면 검색어로 검색해서 구매, 2이면 게시판에 글쓰기
검색어 : 나이키
4번째 상품 클릭
회원 상품명 검색해서 일반 구매 ---
--- 일반샵으로 757번 구매 데이터 쌓음 ---
test910 로그인
--- Num_1 이 0이면 카테고리 선택해서 구매, 1이면 검색어로 검색해서 구매, 2이면 게시판에 글쓰기
검색어 : 아디다스
5번째 상품 클릭
회원 상품명 검색해서 일반 구매 ---
--- 일반샵으로 758번 구매 데이터 쌓음 ---
test525 로그인
--- Num_0 이 0이면 카테고리 선택해서 구매, 1이면 검색어로 검색해서 구매, 2이면 게시판에 글쓰기
회원 카테고리 선택해서 일반 구매 ---
--- 일반샵으로 759번 구매 데이터 쌓음 ---
test959 로그인
--- Num_0 이 0이면 카테고리 선택해서 구매, 1이면 검색어로 검색해서 구매, 2이면 게시판에 글쓰기
회원 카테고리 선택해서 장바구니 구매 ---
--- 일반샵으로 760번 구매 데이터 쌓음 ---
test499 로그인
--- Num_1 이 0이면 카테고리 선택해서 구매, 1이면 검색어로 검색해서 구매, 2이면 게시판에 글쓰기
검색어 : 나이키
10번째 상품 클릭
회원 상품명 검색해서 장바구니 구매 ---
--- 일반샵으로 761번 구매 데이터 쌓음 ---
test836 로그인
--- Num_0 이 0이면 카테고리 선택해서 구매, 1이면 검색어로 검색해서 구매, 2이면 게시판에 글쓰기
회원 카테고리 선택해서 장바구니 구매 ---
--- 일반샵으로 762번 구매 데이터 쌓음 ---
test824 로그인
--- Num_1 이 0이면 카테고리 선택해서 구매, 1이면 검색어로 검색해서 구매, 2이면 게시판에 글쓰기
검색어 : 아디다스
5번째 상품 클릭
회원 상품명 검색해서 장바구니 구매 ---
--- 일반샵으로 763번 구매 데이터 쌓음 ---
test492 로그인
--- Num_0 이 0이면 카테고리 선택해서 구매, 1이면 검색어로 검색해서 구매, 2이면 게시판에 글쓰기
회원 카테고리 선택해서 장바구니 구매 ---
--- 일반샵으로 764번 구매 데이터 쌓음 ---
test80 로그인
--- Num_1 이 0이면 카테고리 선택해서 구매, 1이면 검색어로 검색해서 구매, 2이면 게시판에 글쓰기
검색어 : 나이키
8번째 상품 클릭
회원 상품명 검색해서 장바구니 구매 ---
--- 일반샵으로 765번 구매 데이터 쌓음 ---
test176 로그인
--- Num_1 이 0이면 카테고리 선택해서 구매, 1이면 검색어로 검색해서 구매, 2이면 게시판에 글쓰기
검색어 : 나이키
0번째 상품 클릭
회원 상품명 검색해서 일반 구매 ---
--- 일반샵으로 766번 구매 데이터 쌓음 ---
test26 로그인
--- Num_0 이 0이면 카테고리 선택해서 구매, 1이면 검색어로 검색해서 구매, 2이면 게시판에 글쓰기
회원 카테고리 선택해서 일반 구매 ---
--- 일반샵으로 767번 구매 데이터 쌓음 ---
test574 로그인
--- Num_1 이 0이면 카테고리 선택해서 구매, 1이면 검색어로 검색해서 구매, 2이면 게시판에 글쓰기
검색어 : 아디다스
6번째 상품 클릭
회원 상품명 검색해서 장바구니 구매 ---
--- 일반샵으로 768번 구매 데이터 쌓음 ---
test710 로그인
--- Num_0 이 0이면 카테고리 선택해서 구매, 1이면 검색어로 검색해서 구매, 2이면 게시판에 글쓰기
회원 카테고리 선택해서 일반 구매 ---
--- 일반샵으로 769번 구매 데이터 쌓음 ---
test951 로그인
--- Num_1 이 0이면 카테고리 선택해서 구매, 1이면 검색어로 검색해서 구매, 2이면 게시판에 글쓰기
검색어 : 나이키
9번째 상품 클릭
회원 상품명 검색해서 일반 구매 ---
--- 일반샵으로 770번 구매 데이터 쌓음 ---
test332 로그인
--- Num_0 이 0이면 카테고리 선택해서 구매, 1이면 검색어로 검색해서 구매, 2이면 게시판에 글쓰기
회원 카테고리 선택해서 일반 구매 ---
--- 일반샵으로 771번 구매 데이터 쌓음 ---
test454 로그인
--- Num_0 이 0이면 카테고리 선택해서 구매, 1이면 검색어로 검색해서 구매, 2이면 게시판에 글쓰기
회원 카테고리 선택해서 장바구니 구매 ---
--- 일반샵으로 772번 구매 데이터 쌓음 ---
test433 로그인
--- Num_0 이 0이면 카테고리 선택해서 구매, 1이면 검색어로 검색해서 구매, 2이면 게시판에 글쓰기
회원 카테고리 선택해서 일반 구매 ---
--- 일반샵으로 773번 구매 데이터 쌓음 ---
test208 로그인
--- Num_1 이 0이면 카테고리 선택해서 구매, 1이면 검색어로 검색해서 구매, 2이면 게시판에 글쓰기
검색어 : 아디다스
10번째 상품 클릭
회원 상품명 검색해서 장바구니 구매 ---
--- 일반샵으로 774번 구매 데이터 쌓음 ---
test366 로그인
--- Num_1 이 0이면 카테고리 선택해서 구매, 1이면 검색어로 검색해서 구매, 2이면 게시판에 글쓰기
검색어 : 나이키
6번째 상품 클릭
회원 상품명 검색해서 장바구니 구매 ---
--- 일반샵으로 775번 구매 데이터 쌓음 ---
test506 로그인
--- Num_1 이 0이면 카테고리 선택해서 구매, 1이면 검색어로 검색해서 구매, 2이면 게시판에 글쓰기
검색어 : 아디다스
7번째 상품 클릭
회원 상품명 검색해서 장바구니 구매 ---
--- 일반샵으로 776번 구매 데이터 쌓음 ---
test930 로그인
--- Num_0 이 0이면 카테고리 선택해서 구매, 1이면 검색어로 검색해서 구매, 2이면 게시판에 글쓰기
회원 카테고리 선택해서 장바구니 구매 ---
--- 일반샵으로 777번 구매 데이터 쌓음 ---
test992 로그인
--- Num_1 이 0이면 카테고리 선택해서 구매, 1이면 검색어로 검색해서 구매, 2이면 게시판에 글쓰기
검색어 : 아디다스
6번째 상품 클릭
회원 상품명 검색해서 장바구니 구매 ---
--- 일반샵으로 778번 구매 데이터 쌓음 ---
test333 로그인
--- Num_1 이 0이면 카테고리 선택해서 구매, 1이면 검색어로 검색해서 구매, 2이면 게시판에 글쓰기
검색어 : 아디다스
4번째 상품 클릭
회원 상품명 검색해서 일반 구매 ---
--- 일반샵으로 779번 구매 데이터 쌓음 ---
test192 로그인
--- Num_1 이 0이면 카테고리 선택해서 구매, 1이면 검색어로 검색해서 구매, 2이면 게시판에 글쓰기
검색어 : 아디다스
4번째 상품 클릭
회원 상품명 검색해서 일반 구매 ---
--- 일반샵으로 780번 구매 데이터 쌓음 ---
test82 로그인
--- Num_1 이 0이면 카테고리 선택해서 구매, 1이면 검색어로 검색해서 구매, 2이면 게시판에 글쓰기
검색어 : 나이키
10번째 상품 클릭
회원 상품명 검색해서 장바구니 구매 ---
--- 일반샵으로 781번 구매 데이터 쌓음 ---
test460 로그인
--- Num_1 이 0이면 카테고리 선택해서 구매, 1이면 검색어로 검색해서 구매, 2이면 게시판에 글쓰기
검색어 : 아디다스
2번째 상품 클릭
회원 상품명 검색해서 장바구니 구매 ---
--- 일반샵으로 782번 구매 데이터 쌓음 ---
test678 로그인
--- Num_1 이 0이면 카테고리 선택해서 구매, 1이면 검색어로 검색해서 구매, 2이면 게시판에 글쓰기
검색어 : 아디다스
4번째 상품 클릭
회원 상품명 검색해서 일반 구매 ---
--- 일반샵으로 783번 구매 데이터 쌓음 ---
test920 로그인
--- Num_1 이 0이면 카테고리 선택해서 구매, 1이면 검색어로 검색해서 구매, 2이면 게시판에 글쓰기
검색어 : 나이키
0번째 상품 클릭
회원 상품명 검색해서 일반 구매 ---
--- 일반샵으로 784번 구매 데이터 쌓음 ---
test479 로그인
--- Num_0 이 0이면 카테고리 선택해서 구매, 1이면 검색어로 검색해서 구매, 2이면 게시판에 글쓰기
회원 카테고리 선택해서 장바구니 구매 ---
--- 일반샵으로 785번 구매 데이터 쌓음 ---
test331 로그인
--- Num_1 이 0이면 카테고리 선택해서 구매, 1이면 검색어로 검색해서 구매, 2이면 게시판에 글쓰기
검색어 : 나이키
2번째 상품 클릭
회원 상품명 검색해서 일반 구매 ---
--- 일반샵으로 786번 구매 데이터 쌓음 ---
test35 로그인
--- Num_1 이 0이면 카테고리 선택해서 구매, 1이면 검색어로 검색해서 구매, 2이면 게시판에 글쓰기
검색어 : 아디다스
10번째 상품 클릭
회원 상품명 검색해서 장바구니 구매 ---
--- 일반샵으로 787번 구매 데이터 쌓음 ---
test102 로그인
--- Num_0 이 0이면 카테고리 선택해서 구매, 1이면 검색어로 검색해서 구매, 2이면 게시판에 글쓰기
회원 카테고리 선택해서 일반 구매 ---
--- 일반샵으로 788번 구매 데이터 쌓음 ---
test667 로그인
--- Num_0 이 0이면 카테고리 선택해서 구매, 1이면 검색어로 검색해서 구매, 2이면 게시판에 글쓰기
회원 카테고리 선택해서 장바구니 구매 ---
--- 일반샵으로 789번 구매 데이터 쌓음 ---
test171 로그인
--- Num_0 이 0이면 카테고리 선택해서 구매, 1이면 검색어로 검색해서 구매, 2이면 게시판에 글쓰기
회원 카테고리 선택해서 장바구니 구매 ---
--- 일반샵으로 790번 구매 데이터 쌓음 ---
test776 로그인
--- Num_0 이 0이면 카테고리 선택해서 구매, 1이면 검색어로 검색해서 구매, 2이면 게시판에 글쓰기
회원 카테고리 선택해서 장바구니 구매 ---
--- 일반샵으로 791번 구매 데이터 쌓음 ---
test130 로그인
--- Num_0 이 0이면 카테고리 선택해서 구매, 1이면 검색어로 검색해서 구매, 2이면 게시판에 글쓰기
]]></system-out>
  </testcase>
  <testcase name="import자삭방지" classname="TestExample.BlogTest" time="1"/>
</testsuite>