<?xml version="1.0" encoding="UTF-8"?>
<testsuite xmlns:xsi="http://www.w3.org/2001/XMLSchema-instance" xsi:noNamespaceSchemaLocation="https://maven.apache.org/surefire/maven-surefire-plugin/xsd/surefire-test-report.xsd" name="TestSuite" time="338.562" tests="1" errors="0" skipped="0" failures="1">
  <properties>
    <property name="sun.desktop" value="windows"/>
    <property name="awt.toolkit" value="sun.awt.windows.WToolkit"/>
    <property name="java.specification.version" value="9"/>
    <property name="file.encoding.pkg" value="sun.io"/>
    <property name="sun.cpu.isalist" value="amd64"/>
    <property name="sun.jnu.encoding" value="MS949"/>
    <property name="java.class.path" value="E:\000. Selenium\eclipse\eclipse-workspace\BlogTest\target\test-classes;E:\000. Selenium\eclipse\eclipse-workspace\BlogTest\target\classes;C:\Users\최영권\.m2\repository\junit\junit\4.12\junit-4.12.jar;C:\Users\최영권\.m2\repository\org\hamcrest\hamcrest-core\1.3\hamcrest-core-1.3.jar;C:\Users\최영권\.m2\repository\org\testng\testng\6.10\testng-6.10.jar;C:\Users\최영권\.m2\repository\com\beust\jcommander\1.48\jcommander-1.48.jar;C:\Users\최영권\.m2\repository\org\seleniumhq\selenium\selenium-java\3.12.0\selenium-java-3.12.0.jar;C:\Users\최영권\.m2\repository\org\seleniumhq\selenium\selenium-api\3.12.0\selenium-api-3.12.0.jar;C:\Users\최영권\.m2\repository\org\seleniumhq\selenium\selenium-chrome-driver\3.12.0\selenium-chrome-driver-3.12.0.jar;C:\Users\최영권\.m2\repository\org\seleniumhq\selenium\selenium-edge-driver\3.12.0\selenium-edge-driver-3.12.0.jar;C:\Users\최영권\.m2\repository\org\seleniumhq\selenium\selenium-firefox-driver\3.12.0\selenium-firefox-driver-3.12.0.jar;C:\Users\최영권\.m2\repository\org\seleniumhq\selenium\selenium-ie-driver\3.12.0\selenium-ie-driver-3.12.0.jar;C:\Users\최영권\.m2\repository\org\seleniumhq\selenium\selenium-opera-driver\3.12.0\selenium-opera-driver-3.12.0.jar;C:\Users\최영권\.m2\repository\org\seleniumhq\selenium\selenium-remote-driver\3.12.0\selenium-remote-driver-3.12.0.jar;C:\Users\최영권\.m2\repository\org\seleniumhq\selenium\selenium-safari-driver\3.12.0\selenium-safari-driver-3.12.0.jar;C:\Users\최영권\.m2\repository\org\seleniumhq\selenium\selenium-support\3.12.0\selenium-support-3.12.0.jar;C:\Users\최영권\.m2\repository\net\bytebuddy\byte-buddy\1.8.3\byte-buddy-1.8.3.jar;C:\Users\최영권\.m2\repository\org\apache\commons\commons-exec\1.3\commons-exec-1.3.jar;C:\Users\최영권\.m2\repository\commons-codec\commons-codec\1.10\commons-codec-1.10.jar;C:\Users\최영권\.m2\repository\commons-logging\commons-logging\1.2\commons-logging-1.2.jar;C:\Users\최영권\.m2\repository\com\google\code\gson\gson\2.8.2\gson-2.8.2.jar;C:\Users\최영권\.m2\repository\com\google\guava\guava\23.6-jre\guava-23.6-jre.jar;C:\Users\최영권\.m2\repository\com\google\code\findbugs\jsr305\1.3.9\jsr305-1.3.9.jar;C:\Users\최영권\.m2\repository\org\checkerframework\checker-compat-qual\2.0.0\checker-compat-qual-2.0.0.jar;C:\Users\최영권\.m2\repository\com\google\errorprone\error_prone_annotations\2.1.3\error_prone_annotations-2.1.3.jar;C:\Users\최영권\.m2\repository\com\google\j2objc\j2objc-annotations\1.1\j2objc-annotations-1.1.jar;C:\Users\최영권\.m2\repository\org\codehaus\mojo\animal-sniffer-annotations\1.14\animal-sniffer-annotations-1.14.jar;C:\Users\최영권\.m2\repository\org\apache\httpcomponents\httpclient\4.5.3\httpclient-4.5.3.jar;C:\Users\최영권\.m2\repository\org\apache\httpcomponents\httpcore\4.4.6\httpcore-4.4.6.jar;C:\Users\최영권\.m2\repository\com\squareup\okhttp3\okhttp\3.9.1\okhttp-3.9.1.jar;C:\Users\최영권\.m2\repository\com\squareup\okio\okio\1.13.0\okio-1.13.0.jar;C:\Users\최영권\.m2\repository\com\codeborne\selenide\4.11.4\selenide-4.11.4.jar;C:\Users\최영권\.m2\repository\io\github\bonigarcia\webdrivermanager\2.2.1\webdrivermanager-2.2.1.jar;C:\Users\최영권\.m2\repository\commons-io\commons-io\2.5\commons-io-2.5.jar;C:\Users\최영권\.m2\repository\org\apache\commons\commons-lang3\3.5\commons-lang3-3.5.jar;C:\Users\최영권\.m2\repository\org\rauschig\jarchivelib\0.7.1\jarchivelib-0.7.1.jar;C:\Users\최영권\.m2\repository\org\apache\commons\commons-compress\1.9\commons-compress-1.9.jar;C:\Users\최영권\.m2\repository\org\jsoup\jsoup\1.10.2\jsoup-1.10.2.jar;C:\Users\최영권\.m2\repository\net\lightbody\bmp\browsermob-core\2.1.5\browsermob-core-2.1.5.jar;C:\Users\최영권\.m2\repository\net\lightbody\bmp\littleproxy\1.1.0-beta-bmp-17\littleproxy-1.1.0-beta-bmp-17.jar;C:\Users\최영권\.m2\repository\com\fasterxml\jackson\core\jackson-core\2.8.9\jackson-core-2.8.9.jar;C:\Users\최영권\.m2\repository\com\fasterxml\jackson\core\jackson-databind\2.8.9\jackson-databind-2.8.9.jar;C:\Users\최영권\.m2\repository\com\fasterxml\jackson\core\jackson-annotations\2.8.9\jackson-annotations-2.8.9.jar;C:\Users\최영권\.m2\repository\dnsjava\dnsjava\2.1.8\dnsjava-2.1.8.jar;C:\Users\최영권\.m2\repository\org\slf4j\jcl-over-slf4j\1.7.25\jcl-over-slf4j-1.7.25.jar;C:\Users\최영권\.m2\repository\com\jcraft\jzlib\1.1.3\jzlib-1.1.3.jar;C:\Users\최영권\.m2\repository\io\netty\netty-all\4.0.51.Final\netty-all-4.0.51.Final.jar;C:\Users\최영권\.m2\repository\org\bouncycastle\bcprov-jdk15on\1.58\bcprov-jdk15on-1.58.jar;C:\Users\최영권\.m2\repository\org\bouncycastle\bcpkix-jdk15on\1.58\bcpkix-jdk15on-1.58.jar;C:\Users\최영권\.m2\repository\net\lightbody\bmp\mitm\2.1.5\mitm-2.1.5.jar;C:\Users\최영권\.m2\repository\org\apache\logging\log4j\log4j-core\2.11.0\log4j-core-2.11.0.jar;C:\Users\최영권\.m2\repository\org\apache\logging\log4j\log4j-api\2.11.0\log4j-api-2.11.0.jar;C:\Users\최영권\.m2\repository\org\apache\logging\log4j\log4j-slf4j-impl\2.11.0\log4j-slf4j-impl-2.11.0.jar;C:\Users\최영권\.m2\repository\org\slf4j\slf4j-api\1.8.0-alpha2\slf4j-api-1.8.0-alpha2.jar;C:\Users\최영권\.m2\repository\org\apache\maven\surefire\surefire-testng-utils\2.21.0\surefire-testng-utils-2.21.0.jar;C:\Users\최영권\.m2\repository\org\apache\maven\surefire\surefire-grouper\2.21.0\surefire-grouper-2.21.0.jar;"/>
    <property name="java.vm.vendor" value="Oracle Corporation"/>
    <property name="sun.arch.data.model" value="64"/>
    <property name="user.variant" value=""/>
    <property name="java.vendor.url" value="http://java.oracle.com/"/>
    <property name="user.timezone" value=""/>
    <property name="java.vm.specification.version" value="9"/>
    <property name="os.name" value="Windows 10"/>
    <property name="sun.java.launcher" value="SUN_STANDARD"/>
    <property name="user.country" value="KR"/>
    <property name="sun.boot.library.path" value="C:\Program Files\Java\jdk-9.0.1\bin"/>
    <property name="sun.java.command" value="C:\Users\최영권\AppData\Local\Temp\surefire2149183827617174882\surefirebooter12845893172145238185.jar C:\Users\최영권\AppData\Local\Temp\surefire2149183827617174882 2018-11-15T17-01-01_423-jvmRun1 surefire2223768993847165790tmp surefire_01152562954273674480tmp"/>
    <property name="jdk.debug" value="release"/>
    <property name="surefire.test.class.path" value="E:\000. Selenium\eclipse\eclipse-workspace\BlogTest\target\test-classes;E:\000. Selenium\eclipse\eclipse-workspace\BlogTest\target\classes;C:\Users\최영권\.m2\repository\junit\junit\4.12\junit-4.12.jar;C:\Users\최영권\.m2\repository\org\hamcrest\hamcrest-core\1.3\hamcrest-core-1.3.jar;C:\Users\최영권\.m2\repository\org\testng\testng\6.10\testng-6.10.jar;C:\Users\최영권\.m2\repository\com\beust\jcommander\1.48\jcommander-1.48.jar;C:\Users\최영권\.m2\repository\org\seleniumhq\selenium\selenium-java\3.12.0\selenium-java-3.12.0.jar;C:\Users\최영권\.m2\repository\org\seleniumhq\selenium\selenium-api\3.12.0\selenium-api-3.12.0.jar;C:\Users\최영권\.m2\repository\org\seleniumhq\selenium\selenium-chrome-driver\3.12.0\selenium-chrome-driver-3.12.0.jar;C:\Users\최영권\.m2\repository\org\seleniumhq\selenium\selenium-edge-driver\3.12.0\selenium-edge-driver-3.12.0.jar;C:\Users\최영권\.m2\repository\org\seleniumhq\selenium\selenium-firefox-driver\3.12.0\selenium-firefox-driver-3.12.0.jar;C:\Users\최영권\.m2\repository\org\seleniumhq\selenium\selenium-ie-driver\3.12.0\selenium-ie-driver-3.12.0.jar;C:\Users\최영권\.m2\repository\org\seleniumhq\selenium\selenium-opera-driver\3.12.0\selenium-opera-driver-3.12.0.jar;C:\Users\최영권\.m2\repository\org\seleniumhq\selenium\selenium-remote-driver\3.12.0\selenium-remote-driver-3.12.0.jar;C:\Users\최영권\.m2\repository\org\seleniumhq\selenium\selenium-safari-driver\3.12.0\selenium-safari-driver-3.12.0.jar;C:\Users\최영권\.m2\repository\org\seleniumhq\selenium\selenium-support\3.12.0\selenium-support-3.12.0.jar;C:\Users\최영권\.m2\repository\net\bytebuddy\byte-buddy\1.8.3\byte-buddy-1.8.3.jar;C:\Users\최영권\.m2\repository\org\apache\commons\commons-exec\1.3\commons-exec-1.3.jar;C:\Users\최영권\.m2\repository\commons-codec\commons-codec\1.10\commons-codec-1.10.jar;C:\Users\최영권\.m2\repository\commons-logging\commons-logging\1.2\commons-logging-1.2.jar;C:\Users\최영권\.m2\repository\com\google\code\gson\gson\2.8.2\gson-2.8.2.jar;C:\Users\최영권\.m2\repository\com\google\guava\guava\23.6-jre\guava-23.6-jre.jar;C:\Users\최영권\.m2\repository\com\google\code\findbugs\jsr305\1.3.9\jsr305-1.3.9.jar;C:\Users\최영권\.m2\repository\org\checkerframework\checker-compat-qual\2.0.0\checker-compat-qual-2.0.0.jar;C:\Users\최영권\.m2\repository\com\google\errorprone\error_prone_annotations\2.1.3\error_prone_annotations-2.1.3.jar;C:\Users\최영권\.m2\repository\com\google\j2objc\j2objc-annotations\1.1\j2objc-annotations-1.1.jar;C:\Users\최영권\.m2\repository\org\codehaus\mojo\animal-sniffer-annotations\1.14\animal-sniffer-annotations-1.14.jar;C:\Users\최영권\.m2\repository\org\apache\httpcomponents\httpclient\4.5.3\httpclient-4.5.3.jar;C:\Users\최영권\.m2\repository\org\apache\httpcomponents\httpcore\4.4.6\httpcore-4.4.6.jar;C:\Users\최영권\.m2\repository\com\squareup\okhttp3\okhttp\3.9.1\okhttp-3.9.1.jar;C:\Users\최영권\.m2\repository\com\squareup\okio\okio\1.13.0\okio-1.13.0.jar;C:\Users\최영권\.m2\repository\com\codeborne\selenide\4.11.4\selenide-4.11.4.jar;C:\Users\최영권\.m2\repository\io\github\bonigarcia\webdrivermanager\2.2.1\webdrivermanager-2.2.1.jar;C:\Users\최영권\.m2\repository\commons-io\commons-io\2.5\commons-io-2.5.jar;C:\Users\최영권\.m2\repository\org\apache\commons\commons-lang3\3.5\commons-lang3-3.5.jar;C:\Users\최영권\.m2\repository\org\rauschig\jarchivelib\0.7.1\jarchivelib-0.7.1.jar;C:\Users\최영권\.m2\repository\org\apache\commons\commons-compress\1.9\commons-compress-1.9.jar;C:\Users\최영권\.m2\repository\org\jsoup\jsoup\1.10.2\jsoup-1.10.2.jar;C:\Users\최영권\.m2\repository\net\lightbody\bmp\browsermob-core\2.1.5\browsermob-core-2.1.5.jar;C:\Users\최영권\.m2\repository\net\lightbody\bmp\littleproxy\1.1.0-beta-bmp-17\littleproxy-1.1.0-beta-bmp-17.jar;C:\Users\최영권\.m2\repository\com\fasterxml\jackson\core\jackson-core\2.8.9\jackson-core-2.8.9.jar;C:\Users\최영권\.m2\repository\com\fasterxml\jackson\core\jackson-databind\2.8.9\jackson-databind-2.8.9.jar;C:\Users\최영권\.m2\repository\com\fasterxml\jackson\core\jackson-annotations\2.8.9\jackson-annotations-2.8.9.jar;C:\Users\최영권\.m2\repository\dnsjava\dnsjava\2.1.8\dnsjava-2.1.8.jar;C:\Users\최영권\.m2\repository\org\slf4j\jcl-over-slf4j\1.7.25\jcl-over-slf4j-1.7.25.jar;C:\Users\최영권\.m2\repository\com\jcraft\jzlib\1.1.3\jzlib-1.1.3.jar;C:\Users\최영권\.m2\repository\io\netty\netty-all\4.0.51.Final\netty-all-4.0.51.Final.jar;C:\Users\최영권\.m2\repository\org\bouncycastle\bcprov-jdk15on\1.58\bcprov-jdk15on-1.58.jar;C:\Users\최영권\.m2\repository\org\bouncycastle\bcpkix-jdk15on\1.58\bcpkix-jdk15on-1.58.jar;C:\Users\최영권\.m2\repository\net\lightbody\bmp\mitm\2.1.5\mitm-2.1.5.jar;C:\Users\최영권\.m2\repository\org\apache\logging\log4j\log4j-core\2.11.0\log4j-core-2.11.0.jar;C:\Users\최영권\.m2\repository\org\apache\logging\log4j\log4j-api\2.11.0\log4j-api-2.11.0.jar;C:\Users\최영권\.m2\repository\org\apache\logging\log4j\log4j-slf4j-impl\2.11.0\log4j-slf4j-impl-2.11.0.jar;C:\Users\최영권\.m2\repository\org\slf4j\slf4j-api\1.8.0-alpha2\slf4j-api-1.8.0-alpha2.jar;C:\Users\최영권\.m2\repository\org\apache\maven\surefire\surefire-testng-utils\2.21.0\surefire-testng-utils-2.21.0.jar;C:\Users\최영권\.m2\repository\org\apache\maven\surefire\surefire-grouper\2.21.0\surefire-grouper-2.21.0.jar;"/>
    <property name="sun.cpu.endian" value="little"/>
    <property name="user.home" value="C:\Users\최영권"/>
    <property name="user.language" value="ko"/>
    <property name="java.specification.vendor" value="Oracle Corporation"/>
    <property name="java.home" value="C:\Program Files\Java\jdk-9.0.1"/>
    <property name="file.separator" value="\"/>
    <property name="basedir" value="E:\000. Selenium\eclipse\eclipse-workspace\BlogTest"/>
    <property name="java.vm.compressedOopsMode" value="Zero based"/>
    <property name="line.separator" value="&#10;"/>
    <property name="java.vm.specification.vendor" value="Oracle Corporation"/>
    <property name="java.specification.name" value="Java Platform API Specification"/>
    <property name="java.awt.graphicsenv" value="sun.awt.Win32GraphicsEnvironment"/>
    <property name="surefire.real.class.path" value="C:\Users\최영권\AppData\Local\Temp\surefire2149183827617174882\surefirebooter12845893172145238185.jar"/>
    <property name="user.script" value=""/>
    <property name="sun.management.compiler" value="HotSpot 64-Bit Tiered Compilers"/>
    <property name="java.runtime.version" value="9.0.1+11"/>
    <property name="user.name" value="최영권"/>
    <property name="path.separator" value=";"/>
    <property name="os.version" value="10.0"/>
    <property name="java.runtime.name" value="Java(TM) SE Runtime Environment"/>
    <property name="file.encoding" value="MS949"/>
    <property name="java.vm.name" value="Java HotSpot(TM) 64-Bit Server VM"/>
    <property name="localRepository" value="C:\Users\최영권\.m2\repository"/>
    <property name="java.vendor.url.bug" value="http://bugreport.java.com/bugreport/"/>
    <property name="java.io.tmpdir" value="C:\Users\최영권\AppData\Local\Temp\"/>
    <property name="java.version" value="9.0.1"/>
    <property name="user.dir" value="E:\000. Selenium\eclipse\eclipse-workspace\BlogTest"/>
    <property name="os.arch" value="amd64"/>
    <property name="java.vm.specification.name" value="Java Virtual Machine Specification"/>
    <property name="java.awt.printerjob" value="sun.awt.windows.WPrinterJob"/>
    <property name="sun.os.patch.level" value=""/>
    <property name="java.library.path" value="C:\Program Files\Java\jdk-9.0.1\bin;C:\WINDOWS\Sun\Java\bin;C:\WINDOWS\system32;C:\WINDOWS;C:/Program Files/Java/jre1.8.0_192/bin/server;C:/Program Files/Java/jre1.8.0_192/bin;C:/Program Files/Java/jre1.8.0_192/lib/amd64;C:\Program Files (x86)\Common Files\Oracle\Java\javapath;C:\ProgramData\Oracle\Java\javapath;C:\Program Files (x86)\Intel\iCLS Client\;C:\Program Files\Intel\iCLS Client\;C:\WINDOWS\system32;C:\WINDOWS;C:\WINDOWS\System32\Wbem;C:\WINDOWS\System32\WindowsPowerShell\v1.0\;C:\Program Files (x86)\Intel\Intel(R) Management Engine Components\DAL;C:\Program Files\Intel\Intel(R) Management Engine Components\DAL;C:\Program Files (x86)\Intel\Intel(R) Management Engine Components\IPT;C:\Program Files\Intel\Intel(R) Management Engine Components\IPT;C:\Program Files\Git\cmd;C:\WINDOWS\System32\OpenSSH\;C:\Users\최영권\AppData\Local\Microsoft\WindowsApps;C:\Program Files\Bandizip\;C:\Program Files\Java\jdk-9.0.1bin;C:\Program Files\Java\apache-maven-3.5.2\bin;;C:\Users\최영권\AppData\Local\Programs\Fiddler;C:\Users\최영권\AppData\Local\Microsoft\WindowsApps;C:\Program Files\Microsoft VS Code\bin;C:\Users\최영권\AppData\Local\Programs\Microsoft VS Code\bin;C:\WINDOWS\system32;;."/>
    <property name="java.vm.info" value="mixed mode"/>
    <property name="java.vendor" value="Oracle Corporation"/>
    <property name="java.vm.version" value="9.0.1+11"/>
    <property name="sun.io.unicode.encoding" value="UnicodeLittle"/>
    <property name="java.class.version" value="53.0"/>
  </properties>
  <testcase name="비밀번호정기변경_레이어노출확인" classname="TestExample.TestScript" time="332.102">
    <failure message="ReferenceError: ace is not defined&#10;Build info: version: &apos;3.12.0&apos;, revision: &apos;7c6e0b3&apos;, time: &apos;2018-05-08T14:04:26.12Z&apos;&#10;System info: host: &apos;DESKTOP-DPN1ULJ&apos;, ip: &apos;10.77.129.79&apos;, os.name: &apos;Windows 10&apos;, os.arch: &apos;amd64&apos;, os.version: &apos;10.0&apos;, java.version: &apos;9.0.1&apos;&#10;Driver info: org.openqa.selenium.remote.RemoteWebDriver&#10;Capabilities {acceptInsecureCerts: true, browserName: firefox, browserVersion: 62.0, javascriptEnabled: true, moz:accessibilityChecks: false, moz:headless: false, moz:processID: 9856, moz:profile: C:\Users\최영권\AppData\Local\..., moz:useNonSpecCompliantPointerOrigin: false, moz:webdriverClick: true, pageLoadStrategy: normal, platform: XP, platformName: XP, platformVersion: 10.0, rotatable: false, timeouts: {implicit: 0, pageLoad: 300000, script: 30000}}&#10;Session ID: 86b430c6-35e9-4e40-b042-36a6404b86d6" type="org.openqa.selenium.JavascriptException">org.openqa.selenium.JavascriptException: 
ReferenceError: ace is not defined
Build info: version: '3.12.0', revision: '7c6e0b3', time: '2018-05-08T14:04:26.12Z'
System info: host: 'DESKTOP-DPN1ULJ', ip: '10.77.129.79', os.name: 'Windows 10', os.arch: 'amd64', os.version: '10.0', java.version: '9.0.1'
Driver info: org.openqa.selenium.remote.RemoteWebDriver
Capabilities {acceptInsecureCerts: true, browserName: firefox, browserVersion: 62.0, javascriptEnabled: true, moz:accessibilityChecks: false, moz:headless: false, moz:processID: 9856, moz:profile: C:\Users\최영권\AppData\Local\..., moz:useNonSpecCompliantPointerOrigin: false, moz:webdriverClick: true, pageLoadStrategy: normal, platform: XP, platformName: XP, platformVersion: 10.0, rotatable: false, timeouts: {implicit: 0, pageLoad: 300000, script: 30000}}
Session ID: 86b430c6-35e9-4e40-b042-36a6404b86d6
	at TestExample.TestScript.js(TestScript.java:103)
	at TestExample.TestScript.비밀번호정기변경_레이어노출확인(TestScript.java:471)
</failure>
    <system-out><![CDATA[정상 상태 / 레이어 *미노출* 페이지 주소 : /setting/appmarketing/
정상 상태 / 레이어 *미노출* 페이지 주소 : /setting/appmarketing/marketing
정상 상태 / 레이어 *미노출* 페이지 주소 : /setting/inflowmedia/config/userinflow
정상 상태 / 레이어 *미노출* 페이지 주소 : /common/front
정상 상태 / 레이어 *미노출* 페이지 주소 : /setting/marketing-set1
정상 상태 / 레이어 *미노출* 페이지 주소 : /setting/marketing-set2
정상 상태 / 레이어 *미노출* 페이지 주소 : /setting/marketing-set3
정상 상태 / 레이어 *미노출* 페이지 주소 : /setting/appmarketing/appInfos
정상 상태 / 레이어 *미노출* 페이지 주소 : /setting/user/ipconf
정상 상태 / 레이어 *미노출* 페이지 주소 : /setting/user/memgroup_setting
정상 상태 / 레이어 *미노출* 페이지 주소 : /setting/user_memgroup_add
정상 상태 / 레이어 *미노출* 페이지 주소 : /setting/convList
정상 상태 / 레이어 *미노출* 페이지 주소 : /setting/convAdd
정상 상태 / 레이어 *미노출* 페이지 주소 : /setting/commerce/price
정상 상태 / 레이어 *미노출* 페이지 주소 : /setting/commerce/priceForm
정상 상태 / 레이어 *미노출* 페이지 주소 : /setting/commerce/grp
정상 상태 / 레이어 *미노출* 페이지 주소 : /setting/commerce/grpForm
정상 상태 / 레이어 *미노출* 페이지 주소 : /setting/commerce/mainPrice
정상 상태 / 레이어 *미노출* 페이지 주소 : /setting/commerce/mainPriceForm
정상 상태 / 레이어 *미노출* 페이지 주소 : /setting/commerce/currencyUnit
정상 상태 / 레이어 *미노출* 페이지 주소 : /setting/contents/url
정상 상태 / 레이어 *미노출* 페이지 주소 : /setting/contents/pageReplacement
정상 상태 / 레이어 *미노출* 페이지 주소 : /setting/contents/internalSearch
정상 상태 / 레이어 *미노출* 페이지 주소 : /setting/contents/pageGroup
정상 상태 / 레이어 *미노출* 페이지 주소 : /setting/contents/inBanner/list
정상 상태 / 레이어 *미노출* 페이지 주소 : /setting/contents/inBanner/add
정상 상태 / 레이어 *미노출* 페이지 주소 : /common/front
정상 상태 / 레이어 *미노출* 페이지 주소 : /setting/contents/scenario
정상 상태 / 레이어 *미노출* 페이지 주소 : /setting/contents/scenario/form
정상 상태 / 레이어 *미노출* 페이지 주소 : /setting/contents/download
정상 상태 / 레이어 *미노출* 페이지 주소 : /setting/contents/outlinkBanner
정상 상태 / 레이어 *미노출* 페이지 주소 : /setting/contents/outlinkBanner/form
정상 상태 / 레이어 *미노출* 페이지 주소 : /setting/inhouse/viral/list
정상 상태 / 레이어 *미노출* 페이지 주소 : /setting/inhouse/viral/add
정상 상태 / 레이어 *미노출* 페이지 주소 : /common/front
정상 상태 / 레이어 *미노출* 페이지 주소 : /setting/inhouse/email/list
정상 상태 / 레이어 *미노출* 페이지 주소 : /setting/inhouse/email/add
정상 상태 / 레이어 *미노출* 페이지 주소 : /setting/inhouse/talk/list
정상 상태 / 레이어 *미노출* 페이지 주소 : /setting/inhouse/talk/add
정상 상태 / 레이어 *미노출* 페이지 주소 : /setting/inhouse/appPush/list
정상 상태 / 레이어 *미노출* 페이지 주소 : /setting/inhouse/appPush/add
정상 상태 / 레이어 *미노출* 페이지 주소 : /setting/kpi/list
정상 상태 / 레이어 *미노출* 페이지 주소 : /setting/kpi/form?useYn=y
정상 상태 / 레이어 *미노출* 페이지 주소 : /setting/reportDown/reserve
정상 상태 / 레이어 *미노출* 페이지 주소 : /setting/reportDown/download
정상 상태 / 레이어 *미노출* 페이지 주소 : /setting/reportDown/add
정상 상태 / 레이어 *미노출* 페이지 주소 : /myMenu/setting
정상 상태 / 레이어 *미노출* 페이지 주소 : /menu/sortingServices
정상 상태 / 레이어 *미노출* 페이지 주소 : /common/frontIndex
정상 상태 / 레이어 *미노출* 페이지 주소 : /manage/script/scriptList
정상 상태 / 레이어 *미노출* 페이지 주소 : /manage/script/installApply
정상 상태 / 레이어 *미노출* 페이지 주소 : /manage/my_member_modify
정상 상태 / 레이어 *미노출* 페이지 주소 : /manage/myCoupon
정상 상태 / 레이어 *미노출* 페이지 주소 : /manage/serviceInfo/addService
정상 상태 / 레이어 *미노출* 페이지 주소 : /manage/serviceInfo/addView
정상 상태 / 레이어 *미노출* 페이지 주소 : /manage/serviceInfo/addIntegralReport
정상 상태 / 레이어 *미노출* 페이지 주소 : /manage/serviceInfo/editService
정상 상태 / 레이어 *미노출* 페이지 주소 : /manage/serviceInfo/changeService
정상 상태 / 레이어 *미노출* 페이지 주소 : /manage/mailing/summaryReport
정상 상태 / 레이어 *미노출* 페이지 주소 : /manage/mailing/notifyReport
정상 상태 / 레이어 *미노출* 페이지 주소 : /manage/serviceInfo/submanager
정상 상태 / 레이어 *미노출* 페이지 주소 : /manage/serviceInfo/leaveService
정상 상태 / 레이어 *미노출* 페이지 주소 : /manage/charge/extendCharge
정상 상태 / 레이어 *미노출* 페이지 주소 : /manage/charge/additionalCharge
정상 상태 / 레이어 *미노출* 페이지 주소 : /manage/charge/paymentHistory
정상 상태 / 레이어 *미노출* 페이지 주소 : /manage/charge/paymentBill
정상 상태 / 레이어 *미노출* 페이지 주소 : /manage/news/myNoticeList
정상 상태 / 레이어 *미노출* 페이지 주소 : /manage/news/myImproveList
]]></system-out>
    <system-err><![CDATA[11월 15, 2018 5:01:08 오후 org.openqa.selenium.remote.ProtocolHandshake createSession
정보: Detected dialect: W3C
]]></system-err>
  </testcase>
</testsuite>