<?xml version="1.0" encoding="UTF-8"?>
<!-- Generated by org.testng.reporters.JUnitReportReporter -->
<testsuite ignored="0" hostname="DESKTOP-DPN1ULJ" failures="1" tests="9" name="TestExample.TestExample" time="1595.077" errors="0" timestamp="10 10월 2018 06:01:59 GMT" skipped="0">
  <testcase classname="TestExample.TestExample" name="뷰필터광고코드설정https_본인url" time="240.608"/>
  <testcase classname="TestExample.TestExample" name="뷰필터광고코드설정1https" time="251.122"/>
  <testcase classname="TestExample.TestExample" name="뷰필터광고코드설정daum" time="114.309"/>
  <testcase classname="TestExample.TestExample" name="뷰필터광고코드설정https" time="174.396"/>
  <testcase classname="TestExample.TestExample" name="뷰필터광고코드설정http" time="151.616"/>
  <testcase classname="TestExample.TestExample" name="뷰필터광고코드설정bookmark" time="85.746"/>
  <testcase classname="TestExample.TestExample" name="뷰필터광고코드설정1http" time="192.101">
    <failure message="ElementClickInterceptedException: Element &lt;a id=&quot;categoryMar-5&quot; class=&quot;sub5&quot; href=&quot;/search/label/inHouse-Talk?nac_md=sms_mkt&amp;nac_cpi=view500222-4&amp;nac_sm=view_____talk&quot;&gt; is not clickable at point (56.89167022705078,9.5) because another element &lt;header class=&quot;centered-top-container sticky animating&quot;&gt; obscures it
Build info: version: &#039;3.12.0&#039;, revision: &#039;7c6e0b3&#039;, time: &#039;2018-05-08T14:04:26.12Z&#039;
System info: host: &#039;DESKTOP-DPN1ULJ&#039;, ip: &#039;10.77.129.79&#039;, os.name: &#039;Windows 10&#039;, os.arch: &#039;amd64&#039;, os.version: &#039;10.0&#039;, java.version: &#039;9.0.1&#039;
Driver info: org.openqa.selenium.remote.RemoteWebDriver
Capabilities {acceptInsecureCerts: true, browserName: firefox, browserVersion: 62.0.3, javascriptEnabled: true, moz:accessibilityChecks: false, moz:headless: false, moz:processID: 23744, moz:profile: C:\Users\최영권\AppData\Local\..., moz:useNonSpecCompliantPointerOrigin: false, moz:webdriverClick: true, pageLoadStrategy: normal, platform: XP, platformName: XP, platformVersion: 10.0, rotatable: false, timeouts: {implicit: 0, pageLoad: 300000, script: 30000}}
Session ID: 5cd9771e-3af5-4e15-87c3-4b621469401a" type="com.codeborne.selenide.ex.InvalidStateException">
      <![CDATA[org.openqa.selenium.ElementClickInterceptedException: Element <a id="categoryMar-5" class="sub5" href="/search/label/inHouse-Talk?nac_md=sms_mkt&nac_cpi=view500222-4&nac_sm=view_____talk"> is not clickable at point (56.89167022705078,9.5) because another element <header class="centered-top-container sticky animating"> obscures it
Build info: version: '3.12.0', revision: '7c6e0b3', time: '2018-05-08T14:04:26.12Z'
System info: host: 'DESKTOP-DPN1ULJ', ip: '10.77.129.79', os.name: 'Windows 10', os.arch: 'amd64', os.version: '10.0', java.version: '9.0.1'
Driver info: org.openqa.selenium.remote.RemoteWebDriver
Capabilities {acceptInsecureCerts: true, browserName: firefox, browserVersion: 62.0.3, javascriptEnabled: true, moz:accessibilityChecks: false, moz:headless: false, moz:processID: 23744, moz:profile: C:\Users\최영권\AppData\Local\..., moz:useNonSpecCompliantPointerOrigin: false, moz:webdriverClick: true, pageLoadStrategy: normal, platform: XP, platformName: XP, platformVersion: 10.0, rotatable: false, timeouts: {implicit: 0, pageLoad: 300000, script: 30000}}
Session ID: 5cd9771e-3af5-4e15-87c3-4b621469401a
Screenshot: file:/E:/000.%20Selenium/eclipse/eclipse-workspace/BlogTest/build/reports/tests/1539151066348.0.png
Page source: file:/E:/000.%20Selenium/eclipse/eclipse-workspace/BlogTest/build/reports/tests/1539151066348.0.html
Timeout: 4 s.
Caused by: ElementClickInterceptedException: Element <a id="categoryMar-5" class="sub5" href="/search/label/inHouse-Talk?nac_md=sms_mkt&nac_cpi=view500222-4&nac_sm=view_____talk"> is not clickable at point (56.89167022705078,9.5) because another element <header class="centered-top-container sticky animating"> obscures it
	at com.codeborne.selenide.impl.SelenideElementProxy.dispatchAndRetry(SelenideElementProxy.java:116)
	at com.codeborne.selenide.impl.SelenideElementProxy.invoke(SelenideElementProxy.java:65)
	at com.sun.proxy.$Proxy7.click(Unknown Source)
	at TestExample.TestExample.뷰필터광고코드설정1http(TestExample.java:678)
	at java.base/jdk.internal.reflect.NativeMethodAccessorImpl.invoke0(Native Method)
	at java.base/jdk.internal.reflect.NativeMethodAccessorImpl.invoke(NativeMethodAccessorImpl.java:62)
	at java.base/jdk.internal.reflect.DelegatingMethodAccessorImpl.invoke(DelegatingMethodAccessorImpl.java:43)
	at java.base/java.lang.reflect.Method.invoke(Method.java:564)
	at org.testng.internal.MethodInvocationHelper.invokeMethod(MethodInvocationHelper.java:104)
	at org.testng.internal.Invoker.invokeMethod(Invoker.java:645)
	at org.testng.internal.Invoker.invokeTestMethod(Invoker.java:851)
	at org.testng.internal.Invoker.invokeTestMethods(Invoker.java:1177)
	at org.testng.internal.TestMethodWorker.invokeTestMethods(TestMethodWorker.java:129)
	at org.testng.internal.TestMethodWorker.run(TestMethodWorker.java:112)
	at org.testng.TestRunner.privateRun(TestRunner.java:756)
	at org.testng.TestRunner.run(TestRunner.java:610)
	at org.testng.SuiteRunner.runTest(SuiteRunner.java:387)
	at org.testng.SuiteRunner.runSequentially(SuiteRunner.java:382)
	at org.testng.SuiteRunner.privateRun(SuiteRunner.java:340)
	at org.testng.SuiteRunner.run(SuiteRunner.java:289)
	at org.testng.SuiteRunnerWorker.runSuite(SuiteRunnerWorker.java:52)
	at org.testng.SuiteRunnerWorker.run(SuiteRunnerWorker.java:86)
	at org.testng.TestNG.runSuitesSequentially(TestNG.java:1293)
	at org.testng.TestNG.runSuitesLocally(TestNG.java:1218)
	at org.testng.TestNG.runSuites(TestNG.java:1133)
	at org.testng.TestNG.run(TestNG.java:1104)
	at org.apache.maven.surefire.testng.TestNGExecutor.run(TestNGExecutor.java:283)
	at org.apache.maven.surefire.testng.TestNGXmlTestSuite.execute(TestNGXmlTestSuite.java:75)
	at org.apache.maven.surefire.testng.TestNGProvider.invoke(TestNGProvider.java:120)
	at org.apache.maven.surefire.booter.ForkedBooter.invokeProviderInSameClassLoader(ForkedBooter.java:379)
	at org.apache.maven.surefire.booter.ForkedBooter.runSuitesInProcess(ForkedBooter.java:340)
	at org.apache.maven.surefire.booter.ForkedBooter.execute(ForkedBooter.java:125)
	at org.apache.maven.surefire.booter.ForkedBooter.main(ForkedBooter.java:413)
Caused by: org.openqa.selenium.ElementClickInterceptedException: Element <a id="categoryMar-5" class="sub5" href="/search/label/inHouse-Talk?nac_md=sms_mkt&nac_cpi=view500222-4&nac_sm=view_____talk"> is not clickable at point (56.89167022705078,9.5) because another element <header class="centered-top-container sticky animating"> obscures it
Build info: version: '3.12.0', revision: '7c6e0b3', time: '2018-05-08T14:04:26.12Z'
System info: host: 'DESKTOP-DPN1ULJ', ip: '10.77.129.79', os.name: 'Windows 10', os.arch: 'amd64', os.version: '10.0', java.version: '9.0.1'
Driver info: org.openqa.selenium.remote.RemoteWebDriver
Capabilities {acceptInsecureCerts: true, browserName: firefox, browserVersion: 62.0.3, javascriptEnabled: true, moz:accessibilityChecks: false, moz:headless: false, moz:processID: 23744, moz:profile: C:\Users\최영권\AppData\Local\..., moz:useNonSpecCompliantPointerOrigin: false, moz:webdriverClick: true, pageLoadStrategy: normal, platform: XP, platformName: XP, platformVersion: 10.0, rotatable: false, timeouts: {implicit: 0, pageLoad: 300000, script: 30000}}
Session ID: 5cd9771e-3af5-4e15-87c3-4b621469401a
	at jdk.internal.reflect.GeneratedConstructorAccessor9.newInstance(Unknown Source)
	at java.base/jdk.internal.reflect.DelegatingConstructorAccessorImpl.newInstance(DelegatingConstructorAccessorImpl.java:45)
	at java.base/java.lang.reflect.Constructor.newInstance(Constructor.java:488)
	at org.openqa.selenium.remote.http.W3CHttpResponseCodec.createException(W3CHttpResponseCodec.java:187)
	at org.openqa.selenium.remote.http.W3CHttpResponseCodec.decode(W3CHttpResponseCodec.java:122)
	at org.openqa.selenium.remote.http.W3CHttpResponseCodec.decode(W3CHttpResponseCodec.java:49)
	at org.openqa.selenium.remote.HttpCommandExecutor.execute(HttpCommandExecutor.java:158)
	at org.openqa.selenium.remote.RemoteWebDriver.execute(RemoteWebDriver.java:543)
	at org.openqa.selenium.remote.RemoteWebElement.execute(RemoteWebElement.java:276)
	at org.openqa.selenium.remote.RemoteWebElement.click(RemoteWebElement.java:83)
	at com.codeborne.selenide.commands.Click.click(Click.java:29)
	at com.codeborne.selenide.commands.Click.execute(Click.java:16)
	at com.codeborne.selenide.commands.Click.execute(Click.java:12)
	at com.codeborne.selenide.commands.Commands.execute(Commands.java:144)
	at com.codeborne.selenide.impl.SelenideElementProxy.dispatchAndRetry(SelenideElementProxy.java:90)
	... 32 more
]]>
    </failure>
  </testcase> <!-- 뷰필터광고코드설정1http -->
  <testcase classname="TestExample.TestExample" name="뷰필터광고코드설정_네이버블로그" time="283.101"/>
  <testcase classname="TestExample.TestExample" name="뷰필터광고코드설정naver" time="102.078"/>
</testsuite> <!-- TestExample.TestExample -->
