<?xml version="1.0" encoding="UTF-8"?>
<!-- Generated by org.testng.reporters.JUnitReportReporter -->
<testsuite ignored="0" hostname="DESKTOP-DPN1ULJ" failures="0" tests="2" name="TestExample.TestExample" time="159.111" errors="0" timestamp="23 5ì›” 2018 01:44:45 GMT" skipped="0">
  <testcase classname="TestExample.TestExample" name="blogspotTest" time="89.593"/>
  <testcase classname="TestExample.TestExample" name="egloosTest" time="69.518"/>
</testsuite> <!-- TestExample.TestExample -->
