<?xml version="1.0" encoding="UTF-8"?>
<!-- Generated by org.testng.reporters.JUnitReportReporter -->
<testsuite ignored="0" hostname="DESKTOP-DPN1ULJ" failures="0" tests="3" name="TestExample.TestExample" time="305.669" errors="0" timestamp="10 10월 2018 05:15:15 GMT" skipped="0">
  <testcase classname="TestExample.TestExample" name="뷰필터광고코드설정naver" time="101.229"/>
  <testcase classname="TestExample.TestExample" name="뷰필터광고코드설정bookmark" time="82.815"/>
  <testcase classname="TestExample.TestExample" name="뷰필터광고코드설정daum" time="121.625"/>
</testsuite> <!-- TestExample.TestExample -->
