<?xml version="1.0" encoding="UTF-8"?>
<!-- Generated by org.testng.reporters.JUnitReportReporter -->
<testsuite hostname="DESKTOP-DPN1ULJ" failures="0" tests="2" name="TestExample.TestExample" time="232.149" errors="0" timestamp="5 Feb 2018 01:51:00 GMT">
  <testcase classname="TestExample.TestExample" name="egloosTest" time="63.763"/>
  <testcase classname="TestExample.TestExample" name="blogspotTest" time="168.386"/>
</testsuite> <!-- TestExample.TestExample -->
