<?xml version="1.0" encoding="UTF-8"?>
<!-- Generated by org.testng.reporters.JUnitReportReporter -->
<testsuite hostname="DESKTOP-DPN1ULJ" failures="0" tests="1" name="TestExample.TestExample" time="3.029" errors="0" timestamp="16 Jan 2018 06:25:55 GMT">
  <testcase classname="TestExample.TestExample" name="blogspotTest" time="3.029"/>
</testsuite> <!-- TestExample.TestExample -->
