<?xml version="1.0" encoding="UTF-8"?>
<!-- Generated by org.testng.reporters.JUnitReportReporter -->
<testsuite hostname="DESKTOP-DPN1ULJ" failures="0" tests="1" name="TestExample.TestExample" time="88.809" errors="0" timestamp="9 May 2018 07:19:25 GMT">
  <testcase classname="TestExample.TestExample" name="blogspotTest" time="88.809"/>
</testsuite> <!-- TestExample.TestExample -->
