<?xml version="1.0" encoding="UTF-8"?>
<!-- Generated by org.testng.reporters.JUnitReportReporter -->
<testsuite hostname="DESKTOP-DPN1ULJ" failures="0" tests="2" name="TestExample.TestExample" time="98.345" errors="0" timestamp="16 Jan 2018 01:14:40 GMT">
  <testcase classname="TestExample.TestExample" name="blogspotTest" time="78.802"/>
  <testcase classname="TestExample.TestExample" name="egloosTest" time="19.543"/>
</testsuite> <!-- TestExample.TestExample -->
