<?xml version="1.0" encoding="UTF-8"?>
<!-- Generated by org.testng.reporters.JUnitReportReporter -->
<testsuite hostname="DESKTOP-DPN1ULJ" failures="0" tests="2" name="TestExample.TestExample" time="136.378" errors="0" timestamp="21 May 2018 03:18:37 GMT">
  <testcase classname="TestExample.TestExample" name="egloosTest" time="45.435"/>
  <testcase classname="TestExample.TestExample" name="blogspotTest" time="90.943"/>
</testsuite> <!-- TestExample.TestExample -->
